{"C:\\Users\\bi_nh\\Downloads\\LANTRO\\app-antropoindicadores-v2\\mobile\\app\\coleta-pesquisa.tsx": {"path":"C:\\Users\\bi_nh\\Downloads\\LANTRO\\app-antropoindicadores-v2\\mobile\\app\\coleta-pesquisa.tsx","statementMap":{"0":{"start":{"line":32,"column":26},"end":{"line":32,"column":44}},"1":{"start":{"line":33,"column":32},"end":{"line":33,"column":47}},"2":{"start":{"line":34,"column":32},"end":{"line":34,"column":54}},"3":{"start":{"line":35,"column":36},"end":{"line":35,"column":60}},"4":{"start":{"line":36,"column":50},"end":{"line":36,"column":70}},"5":{"start":{"line":37,"column":54},"end":{"line":37,"column":74}},"6":{"start":{"line":38,"column":32},"end":{"line":38,"column":65}},"7":{"start":{"line":39,"column":52},"end":{"line":39,"column":67}},"8":{"start":{"line":40,"column":48},"end":{"line":40,"column":63}},"9":{"start":{"line":42,"column":2},"end":{"line":44,"column":9}},"10":{"start":{"line":43,"column":4},"end":{"line":43,"column":22}},"11":{"start":{"line":47,"column":4},"end":{"line":47,"column":21}},"12":{"start":{"line":48,"column":4},"end":{"line":111,"column":5}},"13":{"start":{"line":49,"column":6},"end":{"line":49,"column":59}},"14":{"start":{"line":51,"column":40},"end":{"line":51,"column":42}},"15":{"start":{"line":52,"column":36},"end":{"line":52,"column":38}},"16":{"start":{"line":54,"column":6},"end":{"line":93,"column":7}},"17":{"start":{"line":56,"column":21},"end":{"line":56,"column":80}},"18":{"start":{"line":57,"column":21},"end":{"line":57,"column":78}},"19":{"start":{"line":59,"column":8},"end":{"line":66,"column":21}},"20":{"start":{"line":59,"column":48},"end":{"line":66,"column":9}},"21":{"start":{"line":68,"column":8},"end":{"line":84,"column":20}},"22":{"start":{"line":69,"column":29},"end":{"line":69,"column":31}},"23":{"start":{"line":70,"column":10},"end":{"line":76,"column":11}},"24":{"start":{"line":71,"column":12},"end":{"line":75,"column":13}},"25":{"start":{"line":72,"column":14},"end":{"line":72,"column":137}},"26":{"start":{"line":74,"column":14},"end":{"line":74,"column":64}},"27":{"start":{"line":77,"column":10},"end":{"line":83,"column":12}},"28":{"start":{"line":87,"column":33},"end":{"line":90,"column":10}},"29":{"start":{"line":91,"column":8},"end":{"line":91,"column":44}},"30":{"start":{"line":92,"column":8},"end":{"line":92,"column":42}},"31":{"start":{"line":95,"column":6},"end":{"line":98,"column":9}},"32":{"start":{"line":100,"column":6},"end":{"line":100,"column":36}},"33":{"start":{"line":101,"column":6},"end":{"line":101,"column":67}},"34":{"start":{"line":101,"column":53},"end":{"line":101,"column":64}},"35":{"start":{"line":103,"column":6},"end":{"line":103,"column":88}},"36":{"start":{"line":104,"column":6},"end":{"line":104,"column":58}},"37":{"start":{"line":105,"column":6},"end":{"line":108,"column":8}},"38":{"start":{"line":110,"column":6},"end":{"line":110,"column":24}},"39":{"start":{"line":115,"column":4},"end":{"line":118,"column":5}},"40":{"start":{"line":116,"column":6},"end":{"line":116,"column":69}},"41":{"start":{"line":117,"column":6},"end":{"line":117,"column":13}},"42":{"start":{"line":121,"column":19},"end":{"line":121,"column":63}},"43":{"start":{"line":121,"column":37},"end":{"line":121,"column":62}},"44":{"start":{"line":122,"column":4},"end":{"line":125,"column":5}},"45":{"start":{"line":123,"column":6},"end":{"line":123,"column":78}},"46":{"start":{"line":124,"column":6},"end":{"line":124,"column":13}},"47":{"start":{"line":127,"column":4},"end":{"line":127,"column":19}},"48":{"start":{"line":128,"column":4},"end":{"line":128,"column":15}},"49":{"start":{"line":132,"column":4},"end":{"line":132,"column":59}},"50":{"start":{"line":132,"column":24},"end":{"line":132,"column":56}},"51":{"start":{"line":136,"column":4},"end":{"line":136,"column":21}},"52":{"start":{"line":137,"column":4},"end":{"line":175,"column":5}},"53":{"start":{"line":138,"column":6},"end":{"line":163,"column":7}},"54":{"start":{"line":140,"column":8},"end":{"line":146,"column":11}},"55":{"start":{"line":141,"column":10},"end":{"line":145,"column":13}},"56":{"start":{"line":142,"column":12},"end":{"line":142,"column":49}},"57":{"start":{"line":143,"column":12},"end":{"line":143,"column":53}},"58":{"start":{"line":144,"column":12},"end":{"line":144,"column":59}},"59":{"start":{"line":147,"column":8},"end":{"line":147,"column":69}},"60":{"start":{"line":150,"column":8},"end":{"line":154,"column":103}},"61":{"start":{"line":154,"column":24},"end":{"line":154,"column":101}},"62":{"start":{"line":158,"column":8},"end":{"line":162,"column":11}},"63":{"start":{"line":165,"column":6},"end":{"line":165,"column":64}},"64":{"start":{"line":166,"column":6},"end":{"line":166,"column":17}},"65":{"start":{"line":167,"column":6},"end":{"line":167,"column":21}},"66":{"start":{"line":168,"column":6},"end":{"line":168,"column":32}},"67":{"start":{"line":169,"column":6},"end":{"line":169,"column":30}},"68":{"start":{"line":171,"column":6},"end":{"line":171,"column":27}},"69":{"start":{"line":172,"column":6},"end":{"line":172,"column":78}},"70":{"start":{"line":174,"column":6},"end":{"line":174,"column":24}},"71":{"start":{"line":178,"column":23},"end":{"line":178,"column":67}},"72":{"start":{"line":178,"column":41},"end":{"line":178,"column":66}},"73":{"start":{"line":179,"column":27},"end":{"line":179,"column":75}},"74":{"start":{"line":179,"column":47},"end":{"line":179,"column":74}},"75":{"start":{"line":181,"column":2},"end":{"line":190,"column":3}},"76":{"start":{"line":182,"column":4},"end":{"line":189,"column":6}},"77":{"start":{"line":192,"column":2},"end":{"line":380,"column":4}},"78":{"start":{"line":212,"column":29},"end":{"line":212,"column":55}},"79":{"start":{"line":216,"column":40},"end":{"line":216,"column":67}},"80":{"start":{"line":225,"column":36},"end":{"line":225,"column":63}},"81":{"start":{"line":230,"column":31},"end":{"line":230,"column":58}},"82":{"start":{"line":236,"column":42},"end":{"line":236,"column":49}},"83":{"start":{"line":238,"column":22},"end":{"line":248,"column":41}},"84":{"start":{"line":241,"column":26},"end":{"line":241,"column":57}},"85":{"start":{"line":242,"column":26},"end":{"line":242,"column":54}},"86":{"start":{"line":259,"column":39},"end":{"line":259,"column":66}},"87":{"start":{"line":270,"column":29},"end":{"line":270,"column":53}},"88":{"start":{"line":274,"column":38},"end":{"line":274,"column":63}},"89":{"start":{"line":283,"column":36},"end":{"line":283,"column":61}},"90":{"start":{"line":288,"column":31},"end":{"line":288,"column":56}},"91":{"start":{"line":294,"column":42},"end":{"line":294,"column":49}},"92":{"start":{"line":296,"column":22},"end":{"line":306,"column":41}},"93":{"start":{"line":299,"column":26},"end":{"line":299,"column":55}},"94":{"start":{"line":300,"column":26},"end":{"line":300,"column":52}},"95":{"start":{"line":317,"column":37},"end":{"line":317,"column":62}},"96":{"start":{"line":320,"column":38},"end":{"line":320,"column":63}},"97":{"start":{"line":343,"column":27},"end":{"line":343,"column":37}},"98":{"start":{"line":350,"column":14},"end":{"line":356,"column":21}},"99":{"start":{"line":355,"column":92},"end":{"line":355,"column":124}},"100":{"start":{"line":388,"column":2},"end":{"line":394,"column":3}},"101":{"start":{"line":389,"column":4},"end":{"line":393,"column":6}},"102":{"start":{"line":396,"column":2},"end":{"line":510,"column":3}},"103":{"start":{"line":397,"column":4},"end":{"line":502,"column":5}},"104":{"start":{"line":399,"column":6},"end":{"line":407,"column":8}},"105":{"start":{"line":409,"column":6},"end":{"line":418,"column":8}},"106":{"start":{"line":413,"column":34},"end":{"line":413,"column":77}},"107":{"start":{"line":420,"column":6},"end":{"line":451,"column":8}},"108":{"start":{"line":427,"column":27},"end":{"line":427,"column":41}},"109":{"start":{"line":441,"column":27},"end":{"line":441,"column":42}},"110":{"start":{"line":453,"column":22},"end":{"line":456,"column":34}},"111":{"start":{"line":455,"column":18},"end":{"line":455,"column":26}},"112":{"start":{"line":456,"column":21},"end":{"line":456,"column":33}},"113":{"start":{"line":458,"column":6},"end":{"line":464,"column":7}},"114":{"start":{"line":459,"column":8},"end":{"line":463,"column":10}},"115":{"start":{"line":466,"column":6},"end":{"line":492,"column":8}},"116":{"start":{"line":469,"column":12},"end":{"line":489,"column":31}},"117":{"start":{"line":475,"column":29},"end":{"line":475,"column":45}},"118":{"start":{"line":494,"column":6},"end":{"line":499,"column":8}},"119":{"start":{"line":501,"column":6},"end":{"line":501,"column":18}},"120":{"start":{"line":504,"column":4},"end":{"line":504,"column":59}},"121":{"start":{"line":505,"column":4},"end":{"line":509,"column":6}},"122":{"start":{"line":513,"column":15},"end":{"line":838,"column":2}}},"fnMap":{"0":{"name":"ColetaPesquisa","decl":{"start":{"line":31,"column":24},"end":{"line":31,"column":38}},"loc":{"start":{"line":31,"column":41},"end":{"line":381,"column":1}},"line":31},"1":{"name":"(anonymous_1)","decl":{"start":{"line":42,"column":12},"end":{"line":42,"column":13}},"loc":{"start":{"line":42,"column":18},"end":{"line":44,"column":3}},"line":42},"2":{"name":"loadInitialData","decl":{"start":{"line":46,"column":17},"end":{"line":46,"column":32}},"loc":{"start":{"line":46,"column":35},"end":{"line":112,"column":3}},"line":46},"3":{"name":"(anonymous_3)","decl":{"start":{"line":59,"column":35},"end":{"line":59,"column":36}},"loc":{"start":{"line":59,"column":48},"end":{"line":66,"column":9}},"line":59},"4":{"name":"(anonymous_4)","decl":{"start":{"line":68,"column":33},"end":{"line":68,"column":34}},"loc":{"start":{"line":68,"column":45},"end":{"line":84,"column":9}},"line":68},"5":{"name":"(anonymous_5)","decl":{"start":{"line":101,"column":38},"end":{"line":101,"column":39}},"loc":{"start":{"line":101,"column":53},"end":{"line":101,"column":64}},"line":101},"6":{"name":"handleStart","decl":{"start":{"line":114,"column":11},"end":{"line":114,"column":22}},"loc":{"start":{"line":114,"column":25},"end":{"line":129,"column":3}},"line":114},"7":{"name":"(anonymous_7)","decl":{"start":{"line":121,"column":32},"end":{"line":121,"column":33}},"loc":{"start":{"line":121,"column":37},"end":{"line":121,"column":62}},"line":121},"8":{"name":"handleAnswer","decl":{"start":{"line":131,"column":11},"end":{"line":131,"column":23}},"loc":{"start":{"line":131,"column":56},"end":{"line":133,"column":3}},"line":131},"9":{"name":"(anonymous_9)","decl":{"start":{"line":132,"column":15},"end":{"line":132,"column":16}},"loc":{"start":{"line":132,"column":24},"end":{"line":132,"column":56}},"line":132},"10":{"name":"handleSubmitForm","decl":{"start":{"line":135,"column":17},"end":{"line":135,"column":33}},"loc":{"start":{"line":135,"column":36},"end":{"line":176,"column":3}},"line":135},"11":{"name":"(anonymous_11)","decl":{"start":{"line":140,"column":29},"end":{"line":140,"column":30}},"loc":{"start":{"line":140,"column":41},"end":{"line":146,"column":9}},"line":140},"12":{"name":"(anonymous_12)","decl":{"start":{"line":141,"column":61},"end":{"line":141,"column":62}},"loc":{"start":{"line":141,"column":80},"end":{"line":145,"column":11}},"line":141},"13":{"name":"(anonymous_13)","decl":{"start":{"line":154,"column":17},"end":{"line":154,"column":18}},"loc":{"start":{"line":154,"column":24},"end":{"line":154,"column":101}},"line":154},"14":{"name":"(anonymous_14)","decl":{"start":{"line":178,"column":36},"end":{"line":178,"column":37}},"loc":{"start":{"line":178,"column":41},"end":{"line":178,"column":66}},"line":178},"15":{"name":"(anonymous_15)","decl":{"start":{"line":179,"column":42},"end":{"line":179,"column":43}},"loc":{"start":{"line":179,"column":47},"end":{"line":179,"column":74}},"line":179},"16":{"name":"(anonymous_16)","decl":{"start":{"line":212,"column":23},"end":{"line":212,"column":24}},"loc":{"start":{"line":212,"column":29},"end":{"line":212,"column":55}},"line":212},"17":{"name":"(anonymous_17)","decl":{"start":{"line":216,"column":35},"end":{"line":216,"column":36}},"loc":{"start":{"line":216,"column":40},"end":{"line":216,"column":67}},"line":216},"18":{"name":"(anonymous_18)","decl":{"start":{"line":225,"column":30},"end":{"line":225,"column":31}},"loc":{"start":{"line":225,"column":36},"end":{"line":225,"column":63}},"line":225},"19":{"name":"(anonymous_19)","decl":{"start":{"line":230,"column":25},"end":{"line":230,"column":26}},"loc":{"start":{"line":230,"column":31},"end":{"line":230,"column":58}},"line":230},"20":{"name":"(anonymous_20)","decl":{"start":{"line":236,"column":34},"end":{"line":236,"column":35}},"loc":{"start":{"line":236,"column":42},"end":{"line":236,"column":49}},"line":236},"21":{"name":"(anonymous_21)","decl":{"start":{"line":237,"column":32},"end":{"line":237,"column":33}},"loc":{"start":{"line":238,"column":22},"end":{"line":248,"column":41}},"line":238},"22":{"name":"(anonymous_22)","decl":{"start":{"line":240,"column":33},"end":{"line":240,"column":34}},"loc":{"start":{"line":240,"column":39},"end":{"line":243,"column":25}},"line":240},"23":{"name":"(anonymous_23)","decl":{"start":{"line":259,"column":34},"end":{"line":259,"column":35}},"loc":{"start":{"line":259,"column":39},"end":{"line":259,"column":66}},"line":259},"24":{"name":"(anonymous_24)","decl":{"start":{"line":270,"column":23},"end":{"line":270,"column":24}},"loc":{"start":{"line":270,"column":29},"end":{"line":270,"column":53}},"line":270},"25":{"name":"(anonymous_25)","decl":{"start":{"line":274,"column":33},"end":{"line":274,"column":34}},"loc":{"start":{"line":274,"column":38},"end":{"line":274,"column":63}},"line":274},"26":{"name":"(anonymous_26)","decl":{"start":{"line":283,"column":30},"end":{"line":283,"column":31}},"loc":{"start":{"line":283,"column":36},"end":{"line":283,"column":61}},"line":283},"27":{"name":"(anonymous_27)","decl":{"start":{"line":288,"column":25},"end":{"line":288,"column":26}},"loc":{"start":{"line":288,"column":31},"end":{"line":288,"column":56}},"line":288},"28":{"name":"(anonymous_28)","decl":{"start":{"line":294,"column":34},"end":{"line":294,"column":35}},"loc":{"start":{"line":294,"column":42},"end":{"line":294,"column":49}},"line":294},"29":{"name":"(anonymous_29)","decl":{"start":{"line":295,"column":32},"end":{"line":295,"column":33}},"loc":{"start":{"line":296,"column":22},"end":{"line":306,"column":41}},"line":296},"30":{"name":"(anonymous_30)","decl":{"start":{"line":298,"column":33},"end":{"line":298,"column":34}},"loc":{"start":{"line":298,"column":39},"end":{"line":301,"column":25}},"line":298},"31":{"name":"(anonymous_31)","decl":{"start":{"line":317,"column":32},"end":{"line":317,"column":33}},"loc":{"start":{"line":317,"column":37},"end":{"line":317,"column":62}},"line":317},"32":{"name":"(anonymous_32)","decl":{"start":{"line":320,"column":33},"end":{"line":320,"column":34}},"loc":{"start":{"line":320,"column":38},"end":{"line":320,"column":63}},"line":320},"33":{"name":"(anonymous_33)","decl":{"start":{"line":343,"column":21},"end":{"line":343,"column":22}},"loc":{"start":{"line":343,"column":27},"end":{"line":343,"column":37}},"line":343},"34":{"name":"(anonymous_34)","decl":{"start":{"line":349,"column":46},"end":{"line":349,"column":47}},"loc":{"start":{"line":350,"column":14},"end":{"line":356,"column":21}},"line":350},"35":{"name":"(anonymous_35)","decl":{"start":{"line":355,"column":81},"end":{"line":355,"column":82}},"loc":{"start":{"line":355,"column":92},"end":{"line":355,"column":124}},"line":355},"36":{"name":"renderQuestionInput","decl":{"start":{"line":383,"column":9},"end":{"line":383,"column":28}},"loc":{"start":{"line":387,"column":2},"end":{"line":511,"column":1}},"line":387},"37":{"name":"(anonymous_37)","decl":{"start":{"line":413,"column":24},"end":{"line":413,"column":25}},"loc":{"start":{"line":413,"column":34},"end":{"line":413,"column":77}},"line":413},"38":{"name":"(anonymous_38)","decl":{"start":{"line":427,"column":21},"end":{"line":427,"column":22}},"loc":{"start":{"line":427,"column":27},"end":{"line":427,"column":41}},"line":427},"39":{"name":"(anonymous_39)","decl":{"start":{"line":441,"column":21},"end":{"line":441,"column":22}},"loc":{"start":{"line":441,"column":27},"end":{"line":441,"column":42}},"line":441},"40":{"name":"(anonymous_40)","decl":{"start":{"line":455,"column":13},"end":{"line":455,"column":14}},"loc":{"start":{"line":455,"column":18},"end":{"line":455,"column":26}},"line":455},"41":{"name":"(anonymous_41)","decl":{"start":{"line":456,"column":16},"end":{"line":456,"column":17}},"loc":{"start":{"line":456,"column":21},"end":{"line":456,"column":33}},"line":456},"42":{"name":"(anonymous_42)","decl":{"start":{"line":468,"column":23},"end":{"line":468,"column":24}},"loc":{"start":{"line":469,"column":12},"end":{"line":489,"column":31}},"line":469},"43":{"name":"(anonymous_43)","decl":{"start":{"line":475,"column":23},"end":{"line":475,"column":24}},"loc":{"start":{"line":475,"column":29},"end":{"line":475,"column":45}},"line":475}},"branchMap":{"0":{"loc":{"start":{"line":54,"column":6},"end":{"line":93,"column":7}},"type":"if","locations":[{"start":{"line":54,"column":6},"end":{"line":93,"column":7}},{"start":{"line":85,"column":13},"end":{"line":93,"column":7}}],"line":54},"1":{"loc":{"start":{"line":70,"column":10},"end":{"line":76,"column":11}},"type":"if","locations":[{"start":{"line":70,"column":10},"end":{"line":76,"column":11}},{"start":{},"end":{}}],"line":70},"2":{"loc":{"start":{"line":72,"column":29},"end":{"line":72,"column":136}},"type":"cond-expr","locations":[{"start":{"line":72,"column":75},"end":{"line":72,"column":110}},{"start":{"line":72,"column":113},"end":{"line":72,"column":136}}],"line":72},"3":{"loc":{"start":{"line":82,"column":23},"end":{"line":82,"column":74}},"type":"binary-expr","locations":[{"start":{"line":82,"column":23},"end":{"line":82,"column":45}},{"start":{"line":82,"column":49},"end":{"line":82,"column":74}}],"line":82},"4":{"loc":{"start":{"line":91,"column":26},"end":{"line":91,"column":43}},"type":"binary-expr","locations":[{"start":{"line":91,"column":26},"end":{"line":91,"column":37}},{"start":{"line":91,"column":41},"end":{"line":91,"column":43}}],"line":91},"5":{"loc":{"start":{"line":92,"column":24},"end":{"line":92,"column":41}},"type":"binary-expr","locations":[{"start":{"line":92,"column":24},"end":{"line":92,"column":35}},{"start":{"line":92,"column":39},"end":{"line":92,"column":41}}],"line":92},"6":{"loc":{"start":{"line":107,"column":30},"end":{"line":107,"column":76}},"type":"binary-expr","locations":[{"start":{"line":107,"column":30},"end":{"line":107,"column":59}},{"start":{"line":107,"column":63},"end":{"line":107,"column":76}}],"line":107},"7":{"loc":{"start":{"line":115,"column":4},"end":{"line":118,"column":5}},"type":"if","locations":[{"start":{"line":115,"column":4},"end":{"line":118,"column":5}},{"start":{},"end":{}}],"line":115},"8":{"loc":{"start":{"line":115,"column":8},"end":{"line":115,"column":48}},"type":"binary-expr","locations":[{"start":{"line":115,"column":8},"end":{"line":115,"column":27}},{"start":{"line":115,"column":31},"end":{"line":115,"column":48}}],"line":115},"9":{"loc":{"start":{"line":122,"column":4},"end":{"line":125,"column":5}},"type":"if","locations":[{"start":{"line":122,"column":4},"end":{"line":125,"column":5}},{"start":{},"end":{}}],"line":122},"10":{"loc":{"start":{"line":122,"column":8},"end":{"line":122,"column":98}},"type":"binary-expr","locations":[{"start":{"line":122,"column":8},"end":{"line":122,"column":15}},{"start":{"line":122,"column":19},"end":{"line":122,"column":58}},{"start":{"line":122,"column":62},"end":{"line":122,"column":98}}],"line":122},"11":{"loc":{"start":{"line":138,"column":6},"end":{"line":163,"column":7}},"type":"if","locations":[{"start":{"line":138,"column":6},"end":{"line":163,"column":7}},{"start":{"line":156,"column":13},"end":{"line":163,"column":7}}],"line":138},"12":{"loc":{"start":{"line":181,"column":2},"end":{"line":190,"column":3}},"type":"if","locations":[{"start":{"line":181,"column":2},"end":{"line":190,"column":3}},{"start":{},"end":{}}],"line":181},"13":{"loc":{"start":{"line":181,"column":6},"end":{"line":181,"column":27}},"type":"binary-expr","locations":[{"start":{"line":181,"column":6},"end":{"line":181,"column":13}},{"start":{"line":181,"column":17},"end":{"line":181,"column":27}}],"line":181},"14":{"loc":{"start":{"line":197,"column":18},"end":{"line":197,"column":62}},"type":"cond-expr","locations":[{"start":{"line":197,"column":42},"end":{"line":197,"column":51}},{"start":{"line":197,"column":54},"end":{"line":197,"column":62}}],"line":197},"15":{"loc":{"start":{"line":198,"column":32},"end":{"line":198,"column":62}},"type":"cond-expr","locations":[{"start":{"line":198,"column":56},"end":{"line":198,"column":57}},{"start":{"line":198,"column":60},"end":{"line":198,"column":62}}],"line":198},"16":{"loc":{"start":{"line":206,"column":7},"end":{"line":376,"column":7}},"type":"cond-expr","locations":[{"start":{"line":207,"column":8},"end":{"line":338,"column":15}},{"start":{"line":340,"column":8},"end":{"line":375,"column":15}}],"line":206},"17":{"loc":{"start":{"line":215,"column":17},"end":{"line":217,"column":43}},"type":"cond-expr","locations":[{"start":{"line":216,"column":20},"end":{"line":216,"column":74}},{"start":{"line":217,"column":20},"end":{"line":217,"column":43}}],"line":215},"18":{"loc":{"start":{"line":255,"column":13},"end":{"line":262,"column":13}},"type":"binary-expr","locations":[{"start":{"line":255,"column":13},"end":{"line":255,"column":31}},{"start":{"line":256,"column":14},"end":{"line":261,"column":21}}],"line":255},"19":{"loc":{"start":{"line":273,"column":17},"end":{"line":275,"column":50}},"type":"cond-expr","locations":[{"start":{"line":274,"column":20},"end":{"line":274,"column":71}},{"start":{"line":275,"column":20},"end":{"line":275,"column":50}}],"line":273},"20":{"loc":{"start":{"line":304,"column":42},"end":{"line":304,"column":69}},"type":"binary-expr","locations":[{"start":{"line":304,"column":42},"end":{"line":304,"column":63}},{"start":{"line":304,"column":67},"end":{"line":304,"column":69}}],"line":304},"21":{"loc":{"start":{"line":313,"column":13},"end":{"line":323,"column":13}},"type":"binary-expr","locations":[{"start":{"line":313,"column":13},"end":{"line":313,"column":29}},{"start":{"line":314,"column":14},"end":{"line":322,"column":21}}],"line":313},"22":{"loc":{"start":{"line":320,"column":20},"end":{"line":320,"column":88}},"type":"binary-expr","locations":[{"start":{"line":320,"column":20},"end":{"line":320,"column":82}},{"start":{"line":320,"column":86},"end":{"line":320,"column":88}}],"line":320},"23":{"loc":{"start":{"line":331,"column":14},"end":{"line":331,"column":78}},"type":"binary-expr","locations":[{"start":{"line":331,"column":15},"end":{"line":331,"column":34}},{"start":{"line":331,"column":38},"end":{"line":331,"column":55}},{"start":{"line":331,"column":60},"end":{"line":331,"column":78}}],"line":331},"24":{"loc":{"start":{"line":334,"column":22},"end":{"line":334,"column":62}},"type":"binary-expr","locations":[{"start":{"line":334,"column":22},"end":{"line":334,"column":41}},{"start":{"line":334,"column":45},"end":{"line":334,"column":62}}],"line":334},"25":{"loc":{"start":{"line":348,"column":11},"end":{"line":362,"column":11}},"type":"cond-expr","locations":[{"start":{"line":349,"column":12},"end":{"line":357,"column":14}},{"start":{"line":359,"column":12},"end":{"line":361,"column":19}}],"line":348},"26":{"loc":{"start":{"line":348,"column":11},"end":{"line":348,"column":115}},"type":"binary-expr","locations":[{"start":{"line":348,"column":11},"end":{"line":348,"column":23}},{"start":{"line":348,"column":27},"end":{"line":348,"column":71}},{"start":{"line":348,"column":75},"end":{"line":348,"column":115}}],"line":348},"27":{"loc":{"start":{"line":350,"column":25},"end":{"line":350,"column":46}},"type":"binary-expr","locations":[{"start":{"line":350,"column":25},"end":{"line":350,"column":37}},{"start":{"line":350,"column":41},"end":{"line":350,"column":46}}],"line":350},"28":{"loc":{"start":{"line":352,"column":32},"end":{"line":352,"column":72}},"type":"binary-expr","locations":[{"start":{"line":352,"column":32},"end":{"line":352,"column":47}},{"start":{"line":352,"column":51},"end":{"line":352,"column":72}}],"line":352},"29":{"loc":{"start":{"line":353,"column":19},"end":{"line":353,"column":80}},"type":"binary-expr","locations":[{"start":{"line":353,"column":19},"end":{"line":353,"column":37}},{"start":{"line":353,"column":41},"end":{"line":353,"column":80}}],"line":353},"30":{"loc":{"start":{"line":355,"column":17},"end":{"line":355,"column":125}},"type":"binary-expr","locations":[{"start":{"line":355,"column":17},"end":{"line":355,"column":25}},{"start":{"line":355,"column":29},"end":{"line":355,"column":125}}],"line":355},"31":{"loc":{"start":{"line":365,"column":51},"end":{"line":365,"column":80}},"type":"binary-expr","locations":[{"start":{"line":365,"column":51},"end":{"line":365,"column":58}},{"start":{"line":365,"column":62},"end":{"line":365,"column":80}}],"line":365},"32":{"loc":{"start":{"line":370,"column":15},"end":{"line":370,"column":66}},"type":"cond-expr","locations":[{"start":{"line":370,"column":25},"end":{"line":370,"column":40}},{"start":{"line":370,"column":43},"end":{"line":370,"column":66}}],"line":370},"33":{"loc":{"start":{"line":388,"column":2},"end":{"line":394,"column":3}},"type":"if","locations":[{"start":{"line":388,"column":2},"end":{"line":394,"column":3}},{"start":{},"end":{}}],"line":388},"34":{"loc":{"start":{"line":388,"column":6},"end":{"line":388,"column":33}},"type":"binary-expr","locations":[{"start":{"line":388,"column":6},"end":{"line":388,"column":15}},{"start":{"line":388,"column":19},"end":{"line":388,"column":33}}],"line":388},"35":{"loc":{"start":{"line":397,"column":4},"end":{"line":502,"column":5}},"type":"switch","locations":[{"start":{"line":398,"column":4},"end":{"line":407,"column":8}},{"start":{"line":408,"column":4},"end":{"line":418,"column":8}},{"start":{"line":419,"column":4},"end":{"line":451,"column":8}},{"start":{"line":452,"column":4},"end":{"line":492,"column":8}},{"start":{"line":493,"column":4},"end":{"line":499,"column":8}},{"start":{"line":500,"column":4},"end":{"line":501,"column":18}}],"line":397},"36":{"loc":{"start":{"line":402,"column":17},"end":{"line":402,"column":28}},"type":"binary-expr","locations":[{"start":{"line":402,"column":17},"end":{"line":402,"column":22}},{"start":{"line":402,"column":26},"end":{"line":402,"column":28}}],"line":402},"37":{"loc":{"start":{"line":412,"column":17},"end":{"line":412,"column":43}},"type":"cond-expr","locations":[{"start":{"line":412,"column":25},"end":{"line":412,"column":38}},{"start":{"line":412,"column":41},"end":{"line":412,"column":43}}],"line":412},"38":{"loc":{"start":{"line":413,"column":43},"end":{"line":413,"column":76}},"type":"cond-expr","locations":[{"start":{"line":413,"column":57},"end":{"line":413,"column":61}},{"start":{"line":413,"column":64},"end":{"line":413,"column":76}}],"line":413},"39":{"loc":{"start":{"line":425,"column":14},"end":{"line":425,"column":54}},"type":"binary-expr","locations":[{"start":{"line":425,"column":14},"end":{"line":425,"column":28}},{"start":{"line":425,"column":32},"end":{"line":425,"column":54}}],"line":425},"40":{"loc":{"start":{"line":431,"column":14},"end":{"line":431,"column":58}},"type":"binary-expr","locations":[{"start":{"line":431,"column":14},"end":{"line":431,"column":28}},{"start":{"line":431,"column":32},"end":{"line":431,"column":58}}],"line":431},"41":{"loc":{"start":{"line":439,"column":14},"end":{"line":439,"column":55}},"type":"binary-expr","locations":[{"start":{"line":439,"column":14},"end":{"line":439,"column":29}},{"start":{"line":439,"column":33},"end":{"line":439,"column":55}}],"line":439},"42":{"loc":{"start":{"line":445,"column":14},"end":{"line":445,"column":59}},"type":"binary-expr","locations":[{"start":{"line":445,"column":14},"end":{"line":445,"column":29}},{"start":{"line":445,"column":33},"end":{"line":445,"column":59}}],"line":445},"43":{"loc":{"start":{"line":453,"column":23},"end":{"line":453,"column":45}},"type":"binary-expr","locations":[{"start":{"line":453,"column":23},"end":{"line":453,"column":39}},{"start":{"line":453,"column":43},"end":{"line":453,"column":45}}],"line":453},"44":{"loc":{"start":{"line":458,"column":6},"end":{"line":464,"column":7}},"type":"if","locations":[{"start":{"line":458,"column":6},"end":{"line":464,"column":7}},{"start":{},"end":{}}],"line":458},"45":{"loc":{"start":{"line":458,"column":10},"end":{"line":458,"column":42}},"type":"binary-expr","locations":[{"start":{"line":458,"column":10},"end":{"line":458,"column":18}},{"start":{"line":458,"column":22},"end":{"line":458,"column":42}}],"line":458},"46":{"loc":{"start":{"line":473,"column":16},"end":{"line":473,"column":63}},"type":"binary-expr","locations":[{"start":{"line":473,"column":16},"end":{"line":473,"column":32}},{"start":{"line":473,"column":36},"end":{"line":473,"column":63}}],"line":473},"47":{"loc":{"start":{"line":479,"column":16},"end":{"line":479,"column":56}},"type":"binary-expr","locations":[{"start":{"line":479,"column":16},"end":{"line":479,"column":32}},{"start":{"line":479,"column":36},"end":{"line":479,"column":56}}],"line":479},"48":{"loc":{"start":{"line":481,"column":17},"end":{"line":481,"column":69}},"type":"binary-expr","locations":[{"start":{"line":481,"column":17},"end":{"line":481,"column":33}},{"start":{"line":481,"column":37},"end":{"line":481,"column":69}}],"line":481},"49":{"loc":{"start":{"line":485,"column":16},"end":{"line":485,"column":67}},"type":"binary-expr","locations":[{"start":{"line":485,"column":16},"end":{"line":485,"column":32}},{"start":{"line":485,"column":36},"end":{"line":485,"column":67}}],"line":485}},"s":{"0":21,"1":21,"2":21,"3":21,"4":21,"5":21,"6":21,"7":21,"8":21,"9":21,"10":3,"11":3,"12":3,"13":3,"14":3,"15":3,"16":3,"17":0,"18":0,"19":0,"20":0,"21":0,"22":0,"23":0,"24":0,"25":0,"26":0,"27":0,"28":3,"29":3,"30":3,"31":3,"32":3,"33":3,"34":3,"35":0,"36":0,"37":0,"38":3,"39":2,"40":0,"41":0,"42":2,"43":2,"44":2,"45":1,"46":1,"47":1,"48":1,"49":1,"50":1,"51":1,"52":1,"53":1,"54":0,"55":0,"56":0,"57":0,"58":0,"59":0,"60":0,"61":0,"62":1,"63":1,"64":1,"65":1,"66":1,"67":1,"68":0,"69":0,"70":1,"71":21,"72":15,"73":21,"74":15,"75":21,"76":3,"77":18,"78":2,"79":6,"80":0,"81":0,"82":4,"83":2,"84":2,"85":2,"86":6,"87":2,"88":2,"89":0,"90":0,"91":4,"92":2,"93":2,"94":2,"95":2,"96":2,"97":0,"98":3,"99":1,"100":3,"101":0,"102":3,"103":3,"104":3,"105":0,"106":0,"107":0,"108":0,"109":0,"110":0,"111":0,"112":0,"113":0,"114":0,"115":0,"116":0,"117":0,"118":0,"119":0,"120":0,"121":0,"122":1},"f":{"0":21,"1":3,"2":3,"3":0,"4":0,"5":3,"6":2,"7":2,"8":1,"9":1,"10":1,"11":0,"12":0,"13":0,"14":15,"15":15,"16":2,"17":6,"18":0,"19":0,"20":4,"21":2,"22":2,"23":6,"24":2,"25":2,"26":0,"27":0,"28":4,"29":2,"30":2,"31":2,"32":2,"33":0,"34":3,"35":1,"36":3,"37":0,"38":0,"39":0,"40":0,"41":0,"42":0,"43":0},"b":{"0":[0,3],"1":[0,0],"2":[0,0],"3":[0,0],"4":[3,0],"5":[3,0],"6":[0,0],"7":[0,2],"8":[2,2],"9":[1,1],"10":[2,2,2],"11":[0,1],"12":[3,18],"13":[21,4],"14":[18,0],"15":[18,0],"16":[15,3],"17":[6,9],"18":[15,6],"19":[2,13],"20":[2,0],"21":[15,2],"22":[2,0],"23":[15,6,13],"24":[15,6],"25":[3,0],"26":[3,3,3],"27":[3,0],"28":[3,0],"29":[3,0],"30":[3,3],"31":[3,1],"32":[1,2],"33":[0,3],"34":[3,3],"35":[3,0,0,0,0,0],"36":[3,1],"37":[0,0],"38":[0,0],"39":[0,0],"40":[0,0],"41":[0,0],"42":[0,0],"43":[0,0],"44":[0,0],"45":[0,0],"46":[0,0],"47":[0,0],"48":[0,0],"49":[0,0]},"_coverageSchema":"1a1c01bbd47fc00a2c39e90264f33305004495a9","hash":"20a0c513bca9f6ce5213eebc689e30f173408e87"}
,"C:\\Users\\bi_nh\\Downloads\\LANTRO\\app-antropoindicadores-v2\\mobile\\app\\dashboard.tsx": {"path":"C:\\Users\\bi_nh\\Downloads\\LANTRO\\app-antropoindicadores-v2\\mobile\\app\\dashboard.tsx","statementMap":{"0":{"start":{"line":12,"column":17},"end":{"line":12,"column":28}},"1":{"start":{"line":13,"column":23},"end":{"line":13,"column":32}},"2":{"start":{"line":14,"column":28},"end":{"line":18,"column":4}},"3":{"start":{"line":19,"column":32},"end":{"line":19,"column":46}},"4":{"start":{"line":21,"column":2},"end":{"line":23,"column":9}},"5":{"start":{"line":22,"column":4},"end":{"line":22,"column":16}},"6":{"start":{"line":26,"column":4},"end":{"line":32,"column":5}},"7":{"start":{"line":27,"column":6},"end":{"line":27,"column":45}},"8":{"start":{"line":28,"column":6},"end":{"line":28,"column":39}},"9":{"start":{"line":29,"column":6},"end":{"line":29,"column":45}},"10":{"start":{"line":31,"column":6},"end":{"line":31,"column":46}},"11":{"start":{"line":36,"column":4},"end":{"line":36,"column":21}},"12":{"start":{"line":37,"column":4},"end":{"line":71,"column":5}},"13":{"start":{"line":38,"column":6},"end":{"line":62,"column":7}},"14":{"start":{"line":39,"column":36},"end":{"line":43,"column":10}},"15":{"start":{"line":45,"column":8},"end":{"line":49,"column":11}},"16":{"start":{"line":51,"column":42},"end":{"line":55,"column":10}},"17":{"start":{"line":57,"column":8},"end":{"line":61,"column":11}},"18":{"start":{"line":64,"column":6},"end":{"line":64,"column":63}},"19":{"start":{"line":65,"column":6},"end":{"line":68,"column":7}},"20":{"start":{"line":66,"column":8},"end":{"line":66,"column":64}},"21":{"start":{"line":67,"column":8},"end":{"line":67,"column":23}},"22":{"start":{"line":70,"column":6},"end":{"line":70,"column":24}},"23":{"start":{"line":74,"column":2},"end":{"line":187,"column":4}},"24":{"start":{"line":173,"column":29},"end":{"line":173,"column":66}},"25":{"start":{"line":190,"column":15},"end":{"line":384,"column":2}}},"fnMap":{"0":{"name":"DashboardScreen","decl":{"start":{"line":11,"column":24},"end":{"line":11,"column":39}},"loc":{"start":{"line":11,"column":42},"end":{"line":188,"column":1}},"line":11},"1":{"name":"(anonymous_1)","decl":{"start":{"line":21,"column":12},"end":{"line":21,"column":13}},"loc":{"start":{"line":21,"column":18},"end":{"line":23,"column":3}},"line":21},"2":{"name":"handleLogout","decl":{"start":{"line":25,"column":17},"end":{"line":25,"column":29}},"loc":{"start":{"line":25,"column":32},"end":{"line":33,"column":3}},"line":25},"3":{"name":"loadStats","decl":{"start":{"line":35,"column":17},"end":{"line":35,"column":26}},"loc":{"start":{"line":35,"column":29},"end":{"line":72,"column":3}},"line":35},"4":{"name":"(anonymous_4)","decl":{"start":{"line":173,"column":23},"end":{"line":173,"column":24}},"loc":{"start":{"line":173,"column":29},"end":{"line":173,"column":66}},"line":173}},"branchMap":{"0":{"loc":{"start":{"line":38,"column":6},"end":{"line":62,"column":7}},"type":"if","locations":[{"start":{"line":38,"column":6},"end":{"line":62,"column":7}},{"start":{"line":50,"column":13},"end":{"line":62,"column":7}}],"line":38},"1":{"loc":{"start":{"line":58,"column":24},"end":{"line":58,"column":49}},"type":"binary-expr","locations":[{"start":{"line":58,"column":24},"end":{"line":58,"column":44}},{"start":{"line":58,"column":48},"end":{"line":58,"column":49}}],"line":58},"2":{"loc":{"start":{"line":59,"column":23},"end":{"line":59,"column":47}},"type":"binary-expr","locations":[{"start":{"line":59,"column":23},"end":{"line":59,"column":42}},{"start":{"line":59,"column":46},"end":{"line":59,"column":47}}],"line":59},"3":{"loc":{"start":{"line":60,"column":30},"end":{"line":60,"column":54}},"type":"binary-expr","locations":[{"start":{"line":60,"column":30},"end":{"line":60,"column":49}},{"start":{"line":60,"column":53},"end":{"line":60,"column":54}}],"line":60},"4":{"loc":{"start":{"line":65,"column":6},"end":{"line":68,"column":7}},"type":"if","locations":[{"start":{"line":65,"column":6},"end":{"line":68,"column":7}},{"start":{},"end":{}}],"line":65},"5":{"loc":{"start":{"line":93,"column":9},"end":{"line":184,"column":9}},"type":"cond-expr","locations":[{"start":{"line":94,"column":10},"end":{"line":96,"column":17}},{"start":{"line":98,"column":10},"end":{"line":183,"column":13}}],"line":93}},"s":{"0":6,"1":6,"2":6,"3":6,"4":6,"5":3,"6":1,"7":1,"8":1,"9":1,"10":0,"11":3,"12":3,"13":3,"14":0,"15":0,"16":3,"17":2,"18":1,"19":1,"20":1,"21":1,"22":3,"23":6,"24":1,"25":1},"f":{"0":6,"1":3,"2":1,"3":3,"4":1},"b":{"0":[0,3],"1":[2,1],"2":[2,1],"3":[2,1],"4":[1,0],"5":[3,3]},"_coverageSchema":"1a1c01bbd47fc00a2c39e90264f33305004495a9","hash":"bd9219dfa27eece426450e1224cd307b9f9cab67"}
,"C:\\Users\\bi_nh\\Downloads\\LANTRO\\app-antropoindicadores-v2\\mobile\\app\\(auth)\\login.tsx": {"path":"C:\\Users\\bi_nh\\Downloads\\LANTRO\\app-antropoindicadores-v2\\mobile\\app\\(auth)\\login.tsx","statementMap":{"0":{"start":{"line":12,"column":38},"end":{"line":12,"column":50}},"1":{"start":{"line":13,"column":34},"end":{"line":13,"column":46}},"2":{"start":{"line":14,"column":32},"end":{"line":14,"column":46}},"3":{"start":{"line":15,"column":42},"end":{"line":15,"column":57}},"4":{"start":{"line":16,"column":42},"end":{"line":16,"column":57}},"5":{"start":{"line":18,"column":2},"end":{"line":20,"column":9}},"6":{"start":{"line":19,"column":4},"end":{"line":19,"column":26}},"7":{"start":{"line":23,"column":4},"end":{"line":33,"column":5}},"8":{"start":{"line":24,"column":20},"end":{"line":24,"column":55}},"9":{"start":{"line":25,"column":6},"end":{"line":28,"column":7}},"10":{"start":{"line":26,"column":8},"end":{"line":26,"column":44}},"11":{"start":{"line":27,"column":8},"end":{"line":27,"column":15}},"12":{"start":{"line":30,"column":6},"end":{"line":30,"column":62}},"13":{"start":{"line":32,"column":6},"end":{"line":32,"column":24}},"14":{"start":{"line":37,"column":4},"end":{"line":82,"column":5}},"15":{"start":{"line":38,"column":6},"end":{"line":41,"column":7}},"16":{"start":{"line":39,"column":8},"end":{"line":39,"column":70}},"17":{"start":{"line":40,"column":8},"end":{"line":40,"column":21}},"18":{"start":{"line":44,"column":30},"end":{"line":44,"column":63}},"19":{"start":{"line":45,"column":20},"end":{"line":47,"column":15}},"20":{"start":{"line":49,"column":6},"end":{"line":52,"column":7}},"21":{"start":{"line":50,"column":8},"end":{"line":50,"column":147}},"22":{"start":{"line":51,"column":8},"end":{"line":51,"column":21}},"23":{"start":{"line":54,"column":24},"end":{"line":54,"column":32}},"24":{"start":{"line":57,"column":30},"end":{"line":57,"column":79}},"25":{"start":{"line":59,"column":6},"end":{"line":62,"column":7}},"26":{"start":{"line":60,"column":8},"end":{"line":60,"column":56}},"27":{"start":{"line":61,"column":8},"end":{"line":61,"column":21}},"28":{"start":{"line":66,"column":6},"end":{"line":66,"column":70}},"29":{"start":{"line":67,"column":6},"end":{"line":72,"column":10}},"30":{"start":{"line":74,"column":6},"end":{"line":74,"column":89}},"31":{"start":{"line":75,"column":6},"end":{"line":75,"column":42}},"32":{"start":{"line":76,"column":6},"end":{"line":76,"column":18}},"33":{"start":{"line":79,"column":6},"end":{"line":79,"column":53}},"34":{"start":{"line":80,"column":6},"end":{"line":80,"column":76}},"35":{"start":{"line":81,"column":6},"end":{"line":81,"column":19}},"36":{"start":{"line":86,"column":4},"end":{"line":89,"column":5}},"37":{"start":{"line":87,"column":6},"end":{"line":87,"column":66}},"38":{"start":{"line":88,"column":6},"end":{"line":88,"column":13}},"39":{"start":{"line":91,"column":4},"end":{"line":91,"column":26}},"40":{"start":{"line":92,"column":4},"end":{"line":130,"column":5}},"41":{"start":{"line":93,"column":22},"end":{"line":93,"column":43}},"42":{"start":{"line":96,"column":6},"end":{"line":100,"column":7}},"43":{"start":{"line":97,"column":8},"end":{"line":97,"column":35}},"44":{"start":{"line":98,"column":8},"end":{"line":98,"column":31}},"45":{"start":{"line":99,"column":8},"end":{"line":99,"column":15}},"46":{"start":{"line":103,"column":23},"end":{"line":103,"column":64}},"47":{"start":{"line":106,"column":6},"end":{"line":108,"column":7}},"48":{"start":{"line":107,"column":8},"end":{"line":107,"column":67}},"49":{"start":{"line":109,"column":6},"end":{"line":111,"column":7}},"50":{"start":{"line":110,"column":8},"end":{"line":110,"column":69}},"51":{"start":{"line":113,"column":6},"end":{"line":113,"column":49}},"52":{"start":{"line":114,"column":6},"end":{"line":114,"column":42}},"53":{"start":{"line":117,"column":6},"end":{"line":117,"column":27}},"54":{"start":{"line":118,"column":29},"end":{"line":118,"column":61}},"55":{"start":{"line":121,"column":6},"end":{"line":127,"column":7}},"56":{"start":{"line":122,"column":8},"end":{"line":122,"column":73}},"57":{"start":{"line":123,"column":8},"end":{"line":123,"column":35}},"58":{"start":{"line":125,"column":24},"end":{"line":125,"column":80}},"59":{"start":{"line":126,"column":8},"end":{"line":126,"column":46}},"60":{"start":{"line":129,"column":6},"end":{"line":129,"column":29}},"61":{"start":{"line":133,"column":2},"end":{"line":139,"column":3}},"62":{"start":{"line":134,"column":4},"end":{"line":138,"column":6}},"63":{"start":{"line":141,"column":2},"end":{"line":230,"column":4}},"64":{"start":{"line":198,"column":31},"end":{"line":198,"column":61}},"65":{"start":{"line":233,"column":15},"end":{"line":354,"column":2}}},"fnMap":{"0":{"name":"LoginScreen","decl":{"start":{"line":11,"column":24},"end":{"line":11,"column":35}},"loc":{"start":{"line":11,"column":38},"end":{"line":231,"column":1}},"line":11},"1":{"name":"(anonymous_1)","decl":{"start":{"line":18,"column":12},"end":{"line":18,"column":13}},"loc":{"start":{"line":18,"column":18},"end":{"line":20,"column":3}},"line":18},"2":{"name":"checkAuthentication","decl":{"start":{"line":22,"column":17},"end":{"line":22,"column":36}},"loc":{"start":{"line":22,"column":39},"end":{"line":34,"column":3}},"line":22},"3":{"name":"handleOfflineLogin","decl":{"start":{"line":36,"column":17},"end":{"line":36,"column":35}},"loc":{"start":{"line":36,"column":38},"end":{"line":83,"column":3}},"line":36},"4":{"name":"handleLogin","decl":{"start":{"line":85,"column":17},"end":{"line":85,"column":28}},"loc":{"start":{"line":85,"column":31},"end":{"line":131,"column":3}},"line":85},"5":{"name":"(anonymous_5)","decl":{"start":{"line":198,"column":25},"end":{"line":198,"column":26}},"loc":{"start":{"line":198,"column":31},"end":{"line":198,"column":61}},"line":198}},"branchMap":{"0":{"loc":{"start":{"line":25,"column":6},"end":{"line":28,"column":7}},"type":"if","locations":[{"start":{"line":25,"column":6},"end":{"line":28,"column":7}},{"start":{},"end":{}}],"line":25},"1":{"loc":{"start":{"line":38,"column":6},"end":{"line":41,"column":7}},"type":"if","locations":[{"start":{"line":38,"column":6},"end":{"line":41,"column":7}},{"start":{},"end":{}}],"line":38},"2":{"loc":{"start":{"line":49,"column":6},"end":{"line":52,"column":7}},"type":"if","locations":[{"start":{"line":49,"column":6},"end":{"line":52,"column":7}},{"start":{},"end":{}}],"line":49},"3":{"loc":{"start":{"line":59,"column":6},"end":{"line":62,"column":7}},"type":"if","locations":[{"start":{"line":59,"column":6},"end":{"line":62,"column":7}},{"start":{},"end":{}}],"line":59},"4":{"loc":{"start":{"line":86,"column":4},"end":{"line":89,"column":5}},"type":"if","locations":[{"start":{"line":86,"column":4},"end":{"line":89,"column":5}},{"start":{},"end":{}}],"line":86},"5":{"loc":{"start":{"line":86,"column":8},"end":{"line":86,"column":32}},"type":"binary-expr","locations":[{"start":{"line":86,"column":8},"end":{"line":86,"column":19}},{"start":{"line":86,"column":23},"end":{"line":86,"column":32}}],"line":86},"6":{"loc":{"start":{"line":96,"column":6},"end":{"line":100,"column":7}},"type":"if","locations":[{"start":{"line":96,"column":6},"end":{"line":100,"column":7}},{"start":{},"end":{}}],"line":96},"7":{"loc":{"start":{"line":106,"column":6},"end":{"line":108,"column":7}},"type":"if","locations":[{"start":{"line":106,"column":6},"end":{"line":108,"column":7}},{"start":{},"end":{}}],"line":106},"8":{"loc":{"start":{"line":109,"column":6},"end":{"line":111,"column":7}},"type":"if","locations":[{"start":{"line":109,"column":6},"end":{"line":111,"column":7}},{"start":{},"end":{}}],"line":109},"9":{"loc":{"start":{"line":118,"column":29},"end":{"line":118,"column":61}},"type":"binary-expr","locations":[{"start":{"line":118,"column":29},"end":{"line":118,"column":44}},{"start":{"line":118,"column":48},"end":{"line":118,"column":61}}],"line":118},"10":{"loc":{"start":{"line":121,"column":6},"end":{"line":127,"column":7}},"type":"if","locations":[{"start":{"line":121,"column":6},"end":{"line":127,"column":7}},{"start":{"line":124,"column":13},"end":{"line":127,"column":7}}],"line":121},"11":{"loc":{"start":{"line":125,"column":24},"end":{"line":125,"column":80}},"type":"binary-expr","locations":[{"start":{"line":125,"column":24},"end":{"line":125,"column":53}},{"start":{"line":125,"column":57},"end":{"line":125,"column":80}}],"line":125},"12":{"loc":{"start":{"line":133,"column":2},"end":{"line":139,"column":3}},"type":"if","locations":[{"start":{"line":133,"column":2},"end":{"line":139,"column":3}},{"start":{},"end":{}}],"line":133},"13":{"loc":{"start":{"line":143,"column":16},"end":{"line":143,"column":60}},"type":"cond-expr","locations":[{"start":{"line":143,"column":40},"end":{"line":143,"column":49}},{"start":{"line":143,"column":52},"end":{"line":143,"column":60}}],"line":143},"14":{"loc":{"start":{"line":202,"column":19},"end":{"line":202,"column":51}},"type":"cond-expr","locations":[{"start":{"line":202,"column":34},"end":{"line":202,"column":39}},{"start":{"line":202,"column":42},"end":{"line":202,"column":51}}],"line":202},"15":{"loc":{"start":{"line":212,"column":14},"end":{"line":212,"column":56}},"type":"binary-expr","locations":[{"start":{"line":212,"column":14},"end":{"line":212,"column":26}},{"start":{"line":212,"column":30},"end":{"line":212,"column":56}}],"line":212},"16":{"loc":{"start":{"line":218,"column":13},"end":{"line":222,"column":13}},"type":"cond-expr","locations":[{"start":{"line":219,"column":14},"end":{"line":219,"column":61}},{"start":{"line":221,"column":14},"end":{"line":221,"column":78}}],"line":218}},"s":{"0":12,"1":12,"2":12,"3":12,"4":12,"5":12,"6":4,"7":4,"8":4,"9":4,"10":1,"11":1,"12":0,"13":4,"14":0,"15":0,"16":0,"17":0,"18":0,"19":0,"20":0,"21":0,"22":0,"23":0,"24":0,"25":0,"26":0,"27":0,"28":0,"29":0,"30":0,"31":0,"32":0,"33":0,"34":0,"35":0,"36":2,"37":1,"38":1,"39":1,"40":1,"41":1,"42":1,"43":0,"44":0,"45":0,"46":1,"47":1,"48":1,"49":1,"50":1,"51":1,"52":1,"53":0,"54":0,"55":0,"56":0,"57":0,"58":0,"59":0,"60":1,"61":12,"62":4,"63":8,"64":0,"65":1},"f":{"0":12,"1":4,"2":4,"3":0,"4":2,"5":0},"b":{"0":[1,3],"1":[0,0],"2":[0,0],"3":[0,0],"4":[1,1],"5":[2,1],"6":[0,1],"7":[1,0],"8":[1,0],"9":[0,0],"10":[0,0],"11":[0,0],"12":[4,8],"13":[8,0],"14":[0,8],"15":[8,1],"16":[1,7]},"_coverageSchema":"1a1c01bbd47fc00a2c39e90264f33305004495a9","hash":"44afbb724d8168995ca20d3b1ec409c368c04f1d"}
,"C:\\Users\\bi_nh\\Downloads\\LANTRO\\app-antropoindicadores-v2\\mobile\\assets\\images\\android-icon-foreground.png": {"path":"C:\\Users\\bi_nh\\Downloads\\LANTRO\\app-antropoindicadores-v2\\mobile\\assets\\images\\android-icon-foreground.png","statementMap":{"0":{"start":{"line":1,"column":0},"end":{"line":4,"column":6}}},"fnMap":{},"branchMap":{},"s":{"0":1},"f":{},"b":{},"_coverageSchema":"1a1c01bbd47fc00a2c39e90264f33305004495a9","hash":"44b175f2548c263e38757a631dfa6089aea9e268"}
,"C:\\Users\\bi_nh\\Downloads\\LANTRO\\app-antropoindicadores-v2\\mobile\\src\\components\\Header.tsx": {"path":"C:\\Users\\bi_nh\\Downloads\\LANTRO\\app-antropoindicadores-v2\\mobile\\src\\components\\Header.tsx","statementMap":{"0":{"start":{"line":12,"column":23},"end":{"line":12,"column":32}},"1":{"start":{"line":13,"column":17},"end":{"line":13,"column":36}},"2":{"start":{"line":15,"column":2},"end":{"line":30,"column":4}},"3":{"start":{"line":33,"column":15},"end":{"line":68,"column":2}}},"fnMap":{"0":{"name":"Header","decl":{"start":{"line":11,"column":16},"end":{"line":11,"column":22}},"loc":{"start":{"line":11,"column":57},"end":{"line":31,"column":1}},"line":11}},"branchMap":{"0":{"loc":{"start":{"line":26,"column":9},"end":{"line":26,"column":68}},"type":"binary-expr","locations":[{"start":{"line":26,"column":9},"end":{"line":26,"column":17}},{"start":{"line":26,"column":21},"end":{"line":26,"column":68}}],"line":26}},"s":{"0":27,"1":27,"2":27,"3":3},"f":{"0":27},"b":{"0":[27,25]},"_coverageSchema":"1a1c01bbd47fc00a2c39e90264f33305004495a9","hash":"ef7d7da5c6318ce185b88457c9cfda11a8787a39"}
,"C:\\Users\\bi_nh\\Downloads\\LANTRO\\app-antropoindicadores-v2\\mobile\\src\\components\\ScaleCircle.tsx": {"path":"C:\\Users\\bi_nh\\Downloads\\LANTRO\\app-antropoindicadores-v2\\mobile\\src\\components\\ScaleCircle.tsx","statementMap":{"0":{"start":{"line":9,"column":18},"end":{"line":9,"column":42}},"1":{"start":{"line":10,"column":20},"end":{"line":10,"column":45}},"2":{"start":{"line":11,"column":17},"end":{"line":11,"column":32}},"3":{"start":{"line":12,"column":17},"end":{"line":12,"column":32}},"4":{"start":{"line":13,"column":15},"end":{"line":13,"column":32}},"5":{"start":{"line":16,"column":18},"end":{"line":16,"column":33}},"6":{"start":{"line":17,"column":21},"end":{"line":17,"column":61}},"7":{"start":{"line":20,"column":22},"end":{"line":25,"column":3}},"8":{"start":{"line":21,"column":18},"end":{"line":21,"column":51}},"9":{"start":{"line":22,"column":14},"end":{"line":22,"column":49}},"10":{"start":{"line":23,"column":14},"end":{"line":23,"column":49}},"11":{"start":{"line":24,"column":4},"end":{"line":24,"column":20}},"12":{"start":{"line":27,"column":23},"end":{"line":59,"column":3}},"13":{"start":{"line":28,"column":4},"end":{"line":58,"column":7}},"14":{"start":{"line":29,"column":18},"end":{"line":29,"column":36}},"15":{"start":{"line":30,"column":25},"end":{"line":30,"column":38}},"16":{"start":{"line":32,"column":6},"end":{"line":57,"column":8}},"17":{"start":{"line":35,"column":25},"end":{"line":35,"column":38}},"18":{"start":{"line":61,"column":22},"end":{"line":92,"column":3}},"19":{"start":{"line":62,"column":4},"end":{"line":91,"column":7}},"20":{"start":{"line":63,"column":18},"end":{"line":63,"column":36}},"21":{"start":{"line":64,"column":20},"end":{"line":64,"column":53}},"22":{"start":{"line":65,"column":25},"end":{"line":65,"column":68}},"23":{"start":{"line":66,"column":25},"end":{"line":66,"column":68}},"24":{"start":{"line":67,"column":23},"end":{"line":67,"column":58}},"25":{"start":{"line":68,"column":23},"end":{"line":68,"column":58}},"26":{"start":{"line":70,"column":6},"end":{"line":90,"column":8}},"27":{"start":{"line":94,"column":2},"end":{"line":123,"column":4}},"28":{"start":{"line":126,"column":15},"end":{"line":206,"column":2}}},"fnMap":{"0":{"name":"ScaleCircle","decl":{"start":{"line":15,"column":16},"end":{"line":15,"column":27}},"loc":{"start":{"line":15,"column":67},"end":{"line":124,"column":1}},"line":15},"1":{"name":"(anonymous_1)","decl":{"start":{"line":20,"column":22},"end":{"line":20,"column":23}},"loc":{"start":{"line":20,"column":41},"end":{"line":25,"column":3}},"line":20},"2":{"name":"(anonymous_2)","decl":{"start":{"line":27,"column":23},"end":{"line":27,"column":24}},"loc":{"start":{"line":27,"column":29},"end":{"line":59,"column":3}},"line":27},"3":{"name":"(anonymous_3)","decl":{"start":{"line":28,"column":23},"end":{"line":28,"column":24}},"loc":{"start":{"line":28,"column":39},"end":{"line":58,"column":5}},"line":28},"4":{"name":"(anonymous_4)","decl":{"start":{"line":35,"column":19},"end":{"line":35,"column":20}},"loc":{"start":{"line":35,"column":25},"end":{"line":35,"column":38}},"line":35},"5":{"name":"(anonymous_5)","decl":{"start":{"line":61,"column":22},"end":{"line":61,"column":23}},"loc":{"start":{"line":61,"column":28},"end":{"line":92,"column":3}},"line":61},"6":{"name":"(anonymous_6)","decl":{"start":{"line":62,"column":23},"end":{"line":62,"column":24}},"loc":{"start":{"line":62,"column":37},"end":{"line":91,"column":5}},"line":62}},"branchMap":{"0":{"loc":{"start":{"line":42,"column":12},"end":{"line":42,"column":53}},"type":"binary-expr","locations":[{"start":{"line":42,"column":12},"end":{"line":42,"column":22}},{"start":{"line":42,"column":26},"end":{"line":42,"column":53}}],"line":42},"1":{"loc":{"start":{"line":46,"column":45},"end":{"line":46,"column":86}},"type":"binary-expr","locations":[{"start":{"line":46,"column":45},"end":{"line":46,"column":55}},{"start":{"line":46,"column":59},"end":{"line":46,"column":86}}],"line":46},"2":{"loc":{"start":{"line":50,"column":16},"end":{"line":50,"column":55}},"type":"binary-expr","locations":[{"start":{"line":50,"column":16},"end":{"line":50,"column":26}},{"start":{"line":50,"column":30},"end":{"line":50,"column":55}}],"line":50},"3":{"loc":{"start":{"line":116,"column":7},"end":{"line":121,"column":7}},"type":"binary-expr","locations":[{"start":{"line":116,"column":7},"end":{"line":116,"column":12}},{"start":{"line":117,"column":8},"end":{"line":120,"column":15}}],"line":116}},"s":{"0":2,"1":2,"2":2,"3":2,"4":2,"5":3,"6":3,"7":3,"8":30,"9":30,"10":30,"11":30,"12":3,"13":3,"14":15,"15":15,"16":15,"17":1,"18":3,"19":3,"20":15,"21":15,"22":15,"23":15,"24":15,"25":15,"26":15,"27":3,"28":2},"f":{"0":3,"1":30,"2":3,"3":15,"4":1,"5":3,"6":15},"b":{"0":[15,1],"1":[15,1],"2":[15,1],"3":[3,1]},"_coverageSchema":"1a1c01bbd47fc00a2c39e90264f33305004495a9","hash":"b912102b448429f7cde5a508edab8ee234ef0ffd"}
,"C:\\Users\\bi_nh\\Downloads\\LANTRO\\app-antropoindicadores-v2\\mobile\\src\\context\\MenuContext.tsx": {"path":"C:\\Users\\bi_nh\\Downloads\\LANTRO\\app-antropoindicadores-v2\\mobile\\src\\context\\MenuContext.tsx","statementMap":{"0":{"start":{"line":10,"column":20},"end":{"line":10,"column":73}},"1":{"start":{"line":13,"column":30},"end":{"line":13,"column":45}},"2":{"start":{"line":15,"column":19},"end":{"line":15,"column":40}},"3":{"start":{"line":15,"column":25},"end":{"line":15,"column":40}},"4":{"start":{"line":16,"column":20},"end":{"line":16,"column":42}},"5":{"start":{"line":16,"column":26},"end":{"line":16,"column":42}},"6":{"start":{"line":17,"column":21},"end":{"line":17,"column":51}},"7":{"start":{"line":17,"column":27},"end":{"line":17,"column":51}},"8":{"start":{"line":17,"column":45},"end":{"line":17,"column":50}},"9":{"start":{"line":19,"column":2},"end":{"line":23,"column":4}},"10":{"start":{"line":27,"column":18},"end":{"line":27,"column":41}},"11":{"start":{"line":28,"column":2},"end":{"line":30,"column":3}},"12":{"start":{"line":29,"column":4},"end":{"line":29,"column":69}},"13":{"start":{"line":31,"column":2},"end":{"line":31,"column":17}}},"fnMap":{"0":{"name":"MenuProvider","decl":{"start":{"line":12,"column":16},"end":{"line":12,"column":28}},"loc":{"start":{"line":12,"column":68},"end":{"line":24,"column":1}},"line":12},"1":{"name":"(anonymous_1)","decl":{"start":{"line":15,"column":19},"end":{"line":15,"column":20}},"loc":{"start":{"line":15,"column":25},"end":{"line":15,"column":40}},"line":15},"2":{"name":"(anonymous_2)","decl":{"start":{"line":16,"column":20},"end":{"line":16,"column":21}},"loc":{"start":{"line":16,"column":26},"end":{"line":16,"column":42}},"line":16},"3":{"name":"(anonymous_3)","decl":{"start":{"line":17,"column":21},"end":{"line":17,"column":22}},"loc":{"start":{"line":17,"column":27},"end":{"line":17,"column":51}},"line":17},"4":{"name":"(anonymous_4)","decl":{"start":{"line":17,"column":37},"end":{"line":17,"column":38}},"loc":{"start":{"line":17,"column":45},"end":{"line":17,"column":50}},"line":17},"5":{"name":"useMenu","decl":{"start":{"line":26,"column":16},"end":{"line":26,"column":23}},"loc":{"start":{"line":26,"column":26},"end":{"line":32,"column":1}},"line":26}},"branchMap":{"0":{"loc":{"start":{"line":28,"column":2},"end":{"line":30,"column":3}},"type":"if","locations":[{"start":{"line":28,"column":2},"end":{"line":30,"column":3}},{"start":{},"end":{}}],"line":28}},"s":{"0":1,"1":0,"2":0,"3":0,"4":0,"5":0,"6":0,"7":0,"8":0,"9":0,"10":0,"11":0,"12":0,"13":0},"f":{"0":0,"1":0,"2":0,"3":0,"4":0,"5":0},"b":{"0":[0,0]},"_coverageSchema":"1a1c01bbd47fc00a2c39e90264f33305004495a9","hash":"a10ad75b4fed04c920207386467edf6ad3d5a3b7"}
,"C:\\Users\\bi_nh\\Downloads\\LANTRO\\app-antropoindicadores-v2\\mobile\\src\\database\\schema.ts": {"path":"C:\\Users\\bi_nh\\Downloads\\LANTRO\\app-antropoindicadores-v2\\mobile\\src\\database\\schema.ts","statementMap":{"0":{"start":{"line":3,"column":24},"end":{"line":58,"column":2}}},"fnMap":{},"branchMap":{},"s":{"0":1},"f":{},"b":{},"_coverageSchema":"1a1c01bbd47fc00a2c39e90264f33305004495a9","hash":"4c8d0a33a0bd9489bc6f8e1a6d87db366c260ab1"}
,"C:\\Users\\bi_nh\\Downloads\\LANTRO\\app-antropoindicadores-v2\\mobile\\src\\database\\sync.ts": {"path":"C:\\Users\\bi_nh\\Downloads\\LANTRO\\app-antropoindicadores-v2\\mobile\\src\\database\\sync.ts","statementMap":{"0":{"start":{"line":6,"column":20},"end":{"line":6,"column":100}},"1":{"start":{"line":10,"column":2},"end":{"line":12,"column":3}},"2":{"start":{"line":11,"column":4},"end":{"line":11,"column":110}},"3":{"start":{"line":14,"column":2},"end":{"line":72,"column":3}},"4":{"start":{"line":15,"column":18},"end":{"line":15,"column":53}},"5":{"start":{"line":17,"column":4},"end":{"line":17,"column":65}},"6":{"start":{"line":17,"column":20},"end":{"line":17,"column":65}},"7":{"start":{"line":19,"column":4},"end":{"line":65,"column":7}},"8":{"start":{"line":23,"column":8},"end":{"line":23,"column":72}},"9":{"start":{"line":23,"column":24},"end":{"line":23,"column":72}},"10":{"start":{"line":24,"column":26},"end":{"line":24,"column":43}},"11":{"start":{"line":26,"column":25},"end":{"line":30,"column":10}},"12":{"start":{"line":31,"column":8},"end":{"line":31,"column":78}},"13":{"start":{"line":31,"column":26},"end":{"line":31,"column":78}},"14":{"start":{"line":33,"column":56},"end":{"line":33,"column":77}},"15":{"start":{"line":35,"column":8},"end":{"line":35,"column":73}},"16":{"start":{"line":35,"column":24},"end":{"line":35,"column":73}},"17":{"start":{"line":36,"column":8},"end":{"line":36,"column":55}},"18":{"start":{"line":41,"column":8},"end":{"line":41,"column":76}},"19":{"start":{"line":41,"column":24},"end":{"line":41,"column":76}},"20":{"start":{"line":42,"column":26},"end":{"line":42,"column":43}},"21":{"start":{"line":45,"column":8},"end":{"line":45,"column":98}},"22":{"start":{"line":47,"column":25},"end":{"line":54,"column":10}},"23":{"start":{"line":56,"column":8},"end":{"line":58,"column":9}},"24":{"start":{"line":57,"column":10},"end":{"line":57,"column":66}},"25":{"start":{"line":60,"column":8},"end":{"line":60,"column":63}},"26":{"start":{"line":60,"column":24},"end":{"line":60,"column":63}},"27":{"start":{"line":67,"column":4},"end":{"line":67,"column":76}},"28":{"start":{"line":67,"column":20},"end":{"line":67,"column":76}},"29":{"start":{"line":68,"column":4},"end":{"line":68,"column":16}},"30":{"start":{"line":70,"column":4},"end":{"line":70,"column":52}},"31":{"start":{"line":71,"column":4},"end":{"line":71,"column":16}}},"fnMap":{"0":{"name":"syncData","decl":{"start":{"line":8,"column":22},"end":{"line":8,"column":30}},"loc":{"start":{"line":8,"column":94},"end":{"line":73,"column":1}},"line":8},"1":{"name":"(anonymous_1)","decl":{"start":{"line":22,"column":19},"end":{"line":22,"column":20}},"loc":{"start":{"line":22,"column":47},"end":{"line":37,"column":7}},"line":22},"2":{"name":"(anonymous_2)","decl":{"start":{"line":40,"column":19},"end":{"line":40,"column":20}},"loc":{"start":{"line":40,"column":56},"end":{"line":61,"column":7}},"line":40}},"branchMap":{"0":{"loc":{"start":{"line":6,"column":20},"end":{"line":6,"column":100}},"type":"binary-expr","locations":[{"start":{"line":6,"column":20},"end":{"line":6,"column":51}},{"start":{"line":6,"column":55},"end":{"line":6,"column":100}}],"line":6},"1":{"loc":{"start":{"line":10,"column":2},"end":{"line":12,"column":3}},"type":"if","locations":[{"start":{"line":10,"column":2},"end":{"line":12,"column":3}},{"start":{},"end":{}}],"line":10},"2":{"loc":{"start":{"line":17,"column":4},"end":{"line":17,"column":65}},"type":"if","locations":[{"start":{"line":17,"column":4},"end":{"line":17,"column":65}},{"start":{},"end":{}}],"line":17},"3":{"loc":{"start":{"line":23,"column":8},"end":{"line":23,"column":72}},"type":"if","locations":[{"start":{"line":23,"column":8},"end":{"line":23,"column":72}},{"start":{},"end":{}}],"line":23},"4":{"loc":{"start":{"line":24,"column":26},"end":{"line":24,"column":43}},"type":"binary-expr","locations":[{"start":{"line":24,"column":26},"end":{"line":24,"column":38}},{"start":{"line":24,"column":42},"end":{"line":24,"column":43}}],"line":24},"5":{"loc":{"start":{"line":31,"column":8},"end":{"line":31,"column":78}},"type":"if","locations":[{"start":{"line":31,"column":8},"end":{"line":31,"column":78}},{"start":{},"end":{}}],"line":31},"6":{"loc":{"start":{"line":35,"column":8},"end":{"line":35,"column":73}},"type":"if","locations":[{"start":{"line":35,"column":8},"end":{"line":35,"column":73}},{"start":{},"end":{}}],"line":35},"7":{"loc":{"start":{"line":41,"column":8},"end":{"line":41,"column":76}},"type":"if","locations":[{"start":{"line":41,"column":8},"end":{"line":41,"column":76}},{"start":{},"end":{}}],"line":41},"8":{"loc":{"start":{"line":42,"column":26},"end":{"line":42,"column":43}},"type":"binary-expr","locations":[{"start":{"line":42,"column":26},"end":{"line":42,"column":38}},{"start":{"line":42,"column":42},"end":{"line":42,"column":43}}],"line":42},"9":{"loc":{"start":{"line":56,"column":8},"end":{"line":58,"column":9}},"type":"if","locations":[{"start":{"line":56,"column":8},"end":{"line":58,"column":9}},{"start":{},"end":{}}],"line":56},"10":{"loc":{"start":{"line":60,"column":8},"end":{"line":60,"column":63}},"type":"if","locations":[{"start":{"line":60,"column":8},"end":{"line":60,"column":63}},{"start":{},"end":{}}],"line":60},"11":{"loc":{"start":{"line":67,"column":4},"end":{"line":67,"column":76}},"type":"if","locations":[{"start":{"line":67,"column":4},"end":{"line":67,"column":76}},{"start":{},"end":{}}],"line":67}},"s":{"0":1,"1":4,"2":0,"3":4,"4":4,"5":4,"6":1,"7":4,"8":1,"9":0,"10":1,"11":1,"12":1,"13":0,"14":1,"15":1,"16":0,"17":1,"18":1,"19":0,"20":1,"21":1,"22":1,"23":1,"24":0,"25":1,"26":0,"27":3,"28":1,"29":3,"30":1,"31":1},"f":{"0":4,"1":1,"2":1},"b":{"0":[1,1],"1":[0,4],"2":[1,3],"3":[0,1],"4":[1,1],"5":[0,1],"6":[0,1],"7":[0,1],"8":[1,0],"9":[0,1],"10":[0,1],"11":[1,2]},"_coverageSchema":"1a1c01bbd47fc00a2c39e90264f33305004495a9","hash":"c8b9943d22c50fc353f572ad81a10e936fc8a85b"}
}
