{"C:\\Dev\\LANTRO\\app-antropoindicadores-v2\\mobile\\app\\coleta-pesquisa.tsx": {"path":"C:\\Dev\\LANTRO\\app-antropoindicadores-v2\\mobile\\app\\coleta-pesquisa.tsx","statementMap":{"0":{"start":{"line":33,"column":26},"end":{"line":33,"column":44}},"1":{"start":{"line":34,"column":32},"end":{"line":34,"column":47}},"2":{"start":{"line":35,"column":32},"end":{"line":35,"column":54}},"3":{"start":{"line":36,"column":36},"end":{"line":36,"column":60}},"4":{"start":{"line":37,"column":50},"end":{"line":37,"column":70}},"5":{"start":{"line":38,"column":54},"end":{"line":38,"column":74}},"6":{"start":{"line":39,"column":32},"end":{"line":39,"column":65}},"7":{"start":{"line":40,"column":52},"end":{"line":40,"column":67}},"8":{"start":{"line":41,"column":48},"end":{"line":41,"column":63}},"9":{"start":{"line":42,"column":48},"end":{"line":42,"column":110}},"10":{"start":{"line":44,"column":2},"end":{"line":46,"column":9}},"11":{"start":{"line":45,"column":4},"end":{"line":45,"column":22}},"12":{"start":{"line":49,"column":4},"end":{"line":49,"column":21}},"13":{"start":{"line":50,"column":4},"end":{"line":113,"column":5}},"14":{"start":{"line":51,"column":6},"end":{"line":51,"column":59}},"15":{"start":{"line":53,"column":40},"end":{"line":53,"column":42}},"16":{"start":{"line":54,"column":36},"end":{"line":54,"column":38}},"17":{"start":{"line":56,"column":6},"end":{"line":95,"column":7}},"18":{"start":{"line":58,"column":21},"end":{"line":58,"column":80}},"19":{"start":{"line":59,"column":21},"end":{"line":59,"column":78}},"20":{"start":{"line":61,"column":8},"end":{"line":68,"column":21}},"21":{"start":{"line":61,"column":48},"end":{"line":68,"column":9}},"22":{"start":{"line":70,"column":8},"end":{"line":86,"column":20}},"23":{"start":{"line":71,"column":29},"end":{"line":71,"column":31}},"24":{"start":{"line":72,"column":10},"end":{"line":78,"column":11}},"25":{"start":{"line":73,"column":12},"end":{"line":77,"column":13}},"26":{"start":{"line":74,"column":14},"end":{"line":74,"column":137}},"27":{"start":{"line":76,"column":14},"end":{"line":76,"column":64}},"28":{"start":{"line":79,"column":10},"end":{"line":85,"column":12}},"29":{"start":{"line":89,"column":33},"end":{"line":92,"column":10}},"30":{"start":{"line":93,"column":8},"end":{"line":93,"column":44}},"31":{"start":{"line":94,"column":8},"end":{"line":94,"column":42}},"32":{"start":{"line":97,"column":6},"end":{"line":100,"column":9}},"33":{"start":{"line":102,"column":6},"end":{"line":102,"column":36}},"34":{"start":{"line":103,"column":6},"end":{"line":103,"column":67}},"35":{"start":{"line":103,"column":53},"end":{"line":103,"column":64}},"36":{"start":{"line":105,"column":6},"end":{"line":105,"column":88}},"37":{"start":{"line":106,"column":6},"end":{"line":106,"column":58}},"38":{"start":{"line":107,"column":6},"end":{"line":110,"column":8}},"39":{"start":{"line":112,"column":6},"end":{"line":112,"column":24}},"40":{"start":{"line":117,"column":4},"end":{"line":120,"column":5}},"41":{"start":{"line":118,"column":6},"end":{"line":118,"column":69}},"42":{"start":{"line":119,"column":6},"end":{"line":119,"column":13}},"43":{"start":{"line":123,"column":19},"end":{"line":123,"column":63}},"44":{"start":{"line":123,"column":37},"end":{"line":123,"column":62}},"45":{"start":{"line":124,"column":4},"end":{"line":127,"column":5}},"46":{"start":{"line":125,"column":6},"end":{"line":125,"column":78}},"47":{"start":{"line":126,"column":6},"end":{"line":126,"column":13}},"48":{"start":{"line":129,"column":4},"end":{"line":129,"column":19}},"49":{"start":{"line":130,"column":4},"end":{"line":130,"column":15}},"50":{"start":{"line":133,"column":4},"end":{"line":150,"column":9}},"51":{"start":{"line":134,"column":23},"end":{"line":134,"column":76}},"52":{"start":{"line":135,"column":6},"end":{"line":138,"column":7}},"53":{"start":{"line":136,"column":8},"end":{"line":136,"column":55}},"54":{"start":{"line":137,"column":8},"end":{"line":137,"column":15}},"55":{"start":{"line":140,"column":6},"end":{"line":149,"column":7}},"56":{"start":{"line":141,"column":23},"end":{"line":141,"column":68}},"57":{"start":{"line":142,"column":8},"end":{"line":145,"column":11}},"58":{"start":{"line":146,"column":8},"end":{"line":146,"column":63}},"59":{"start":{"line":148,"column":8},"end":{"line":148,"column":57}},"60":{"start":{"line":154,"column":4},"end":{"line":154,"column":59}},"61":{"start":{"line":154,"column":24},"end":{"line":154,"column":56}},"62":{"start":{"line":158,"column":4},"end":{"line":158,"column":21}},"63":{"start":{"line":159,"column":4},"end":{"line":204,"column":5}},"64":{"start":{"line":160,"column":6},"end":{"line":191,"column":7}},"65":{"start":{"line":162,"column":8},"end":{"line":172,"column":11}},"66":{"start":{"line":163,"column":10},"end":{"line":171,"column":13}},"67":{"start":{"line":164,"column":12},"end":{"line":164,"column":49}},"68":{"start":{"line":165,"column":12},"end":{"line":165,"column":53}},"69":{"start":{"line":166,"column":12},"end":{"line":166,"column":59}},"70":{"start":{"line":167,"column":12},"end":{"line":170,"column":13}},"71":{"start":{"line":168,"column":14},"end":{"line":168,"column":59}},"72":{"start":{"line":169,"column":14},"end":{"line":169,"column":61}},"73":{"start":{"line":173,"column":8},"end":{"line":173,"column":69}},"74":{"start":{"line":176,"column":8},"end":{"line":181,"column":103}},"75":{"start":{"line":181,"column":24},"end":{"line":181,"column":101}},"76":{"start":{"line":185,"column":8},"end":{"line":190,"column":11}},"77":{"start":{"line":193,"column":6},"end":{"line":193,"column":64}},"78":{"start":{"line":194,"column":6},"end":{"line":194,"column":17}},"79":{"start":{"line":195,"column":6},"end":{"line":195,"column":21}},"80":{"start":{"line":196,"column":6},"end":{"line":196,"column":32}},"81":{"start":{"line":197,"column":6},"end":{"line":197,"column":30}},"82":{"start":{"line":198,"column":6},"end":{"line":198,"column":31}},"83":{"start":{"line":200,"column":6},"end":{"line":200,"column":27}},"84":{"start":{"line":201,"column":6},"end":{"line":201,"column":78}},"85":{"start":{"line":203,"column":6},"end":{"line":203,"column":24}},"86":{"start":{"line":207,"column":23},"end":{"line":207,"column":67}},"87":{"start":{"line":207,"column":41},"end":{"line":207,"column":66}},"88":{"start":{"line":208,"column":27},"end":{"line":208,"column":75}},"89":{"start":{"line":208,"column":47},"end":{"line":208,"column":74}},"90":{"start":{"line":210,"column":2},"end":{"line":219,"column":3}},"91":{"start":{"line":211,"column":4},"end":{"line":218,"column":6}},"92":{"start":{"line":221,"column":2},"end":{"line":409,"column":4}},"93":{"start":{"line":241,"column":29},"end":{"line":241,"column":55}},"94":{"start":{"line":245,"column":40},"end":{"line":245,"column":67}},"95":{"start":{"line":254,"column":36},"end":{"line":254,"column":63}},"96":{"start":{"line":259,"column":31},"end":{"line":259,"column":58}},"97":{"start":{"line":265,"column":42},"end":{"line":265,"column":49}},"98":{"start":{"line":267,"column":22},"end":{"line":277,"column":41}},"99":{"start":{"line":270,"column":26},"end":{"line":270,"column":57}},"100":{"start":{"line":271,"column":26},"end":{"line":271,"column":54}},"101":{"start":{"line":288,"column":39},"end":{"line":288,"column":66}},"102":{"start":{"line":299,"column":29},"end":{"line":299,"column":53}},"103":{"start":{"line":303,"column":38},"end":{"line":303,"column":63}},"104":{"start":{"line":312,"column":36},"end":{"line":312,"column":61}},"105":{"start":{"line":317,"column":31},"end":{"line":317,"column":56}},"106":{"start":{"line":323,"column":42},"end":{"line":323,"column":49}},"107":{"start":{"line":325,"column":22},"end":{"line":335,"column":41}},"108":{"start":{"line":328,"column":26},"end":{"line":328,"column":55}},"109":{"start":{"line":329,"column":26},"end":{"line":329,"column":52}},"110":{"start":{"line":346,"column":37},"end":{"line":346,"column":62}},"111":{"start":{"line":349,"column":38},"end":{"line":349,"column":63}},"112":{"start":{"line":372,"column":27},"end":{"line":372,"column":37}},"113":{"start":{"line":379,"column":14},"end":{"line":385,"column":21}},"114":{"start":{"line":384,"column":92},"end":{"line":384,"column":124}},"115":{"start":{"line":417,"column":2},"end":{"line":423,"column":3}},"116":{"start":{"line":418,"column":4},"end":{"line":422,"column":6}},"117":{"start":{"line":425,"column":2},"end":{"line":539,"column":3}},"118":{"start":{"line":426,"column":4},"end":{"line":531,"column":5}},"119":{"start":{"line":428,"column":6},"end":{"line":436,"column":8}},"120":{"start":{"line":438,"column":6},"end":{"line":447,"column":8}},"121":{"start":{"line":442,"column":34},"end":{"line":442,"column":77}},"122":{"start":{"line":449,"column":6},"end":{"line":480,"column":8}},"123":{"start":{"line":456,"column":27},"end":{"line":456,"column":41}},"124":{"start":{"line":470,"column":27},"end":{"line":470,"column":42}},"125":{"start":{"line":482,"column":22},"end":{"line":485,"column":34}},"126":{"start":{"line":484,"column":18},"end":{"line":484,"column":26}},"127":{"start":{"line":485,"column":21},"end":{"line":485,"column":33}},"128":{"start":{"line":487,"column":6},"end":{"line":493,"column":7}},"129":{"start":{"line":488,"column":8},"end":{"line":492,"column":10}},"130":{"start":{"line":495,"column":6},"end":{"line":521,"column":8}},"131":{"start":{"line":498,"column":12},"end":{"line":518,"column":31}},"132":{"start":{"line":504,"column":29},"end":{"line":504,"column":45}},"133":{"start":{"line":523,"column":6},"end":{"line":528,"column":8}},"134":{"start":{"line":530,"column":6},"end":{"line":530,"column":18}},"135":{"start":{"line":533,"column":4},"end":{"line":533,"column":59}},"136":{"start":{"line":534,"column":4},"end":{"line":538,"column":6}},"137":{"start":{"line":542,"column":15},"end":{"line":867,"column":2}}},"fnMap":{"0":{"name":"ColetaPesquisa","decl":{"start":{"line":32,"column":24},"end":{"line":32,"column":38}},"loc":{"start":{"line":32,"column":41},"end":{"line":410,"column":1}},"line":32},"1":{"name":"(anonymous_1)","decl":{"start":{"line":44,"column":12},"end":{"line":44,"column":13}},"loc":{"start":{"line":44,"column":18},"end":{"line":46,"column":3}},"line":44},"2":{"name":"loadInitialData","decl":{"start":{"line":48,"column":17},"end":{"line":48,"column":32}},"loc":{"start":{"line":48,"column":35},"end":{"line":114,"column":3}},"line":48},"3":{"name":"(anonymous_3)","decl":{"start":{"line":61,"column":35},"end":{"line":61,"column":36}},"loc":{"start":{"line":61,"column":48},"end":{"line":68,"column":9}},"line":61},"4":{"name":"(anonymous_4)","decl":{"start":{"line":70,"column":33},"end":{"line":70,"column":34}},"loc":{"start":{"line":70,"column":45},"end":{"line":86,"column":9}},"line":70},"5":{"name":"(anonymous_5)","decl":{"start":{"line":103,"column":38},"end":{"line":103,"column":39}},"loc":{"start":{"line":103,"column":53},"end":{"line":103,"column":64}},"line":103},"6":{"name":"handleStart","decl":{"start":{"line":116,"column":11},"end":{"line":116,"column":22}},"loc":{"start":{"line":116,"column":25},"end":{"line":151,"column":3}},"line":116},"7":{"name":"(anonymous_7)","decl":{"start":{"line":123,"column":32},"end":{"line":123,"column":33}},"loc":{"start":{"line":123,"column":37},"end":{"line":123,"column":62}},"line":123},"8":{"name":"(anonymous_8)","decl":{"start":{"line":133,"column":5},"end":{"line":133,"column":6}},"loc":{"start":{"line":133,"column":17},"end":{"line":150,"column":5}},"line":133},"9":{"name":"handleAnswer","decl":{"start":{"line":153,"column":11},"end":{"line":153,"column":23}},"loc":{"start":{"line":153,"column":56},"end":{"line":155,"column":3}},"line":153},"10":{"name":"(anonymous_10)","decl":{"start":{"line":154,"column":15},"end":{"line":154,"column":16}},"loc":{"start":{"line":154,"column":24},"end":{"line":154,"column":56}},"line":154},"11":{"name":"handleSubmitForm","decl":{"start":{"line":157,"column":17},"end":{"line":157,"column":33}},"loc":{"start":{"line":157,"column":36},"end":{"line":205,"column":3}},"line":157},"12":{"name":"(anonymous_12)","decl":{"start":{"line":162,"column":29},"end":{"line":162,"column":30}},"loc":{"start":{"line":162,"column":41},"end":{"line":172,"column":9}},"line":162},"13":{"name":"(anonymous_13)","decl":{"start":{"line":163,"column":61},"end":{"line":163,"column":62}},"loc":{"start":{"line":163,"column":80},"end":{"line":171,"column":11}},"line":163},"14":{"name":"(anonymous_14)","decl":{"start":{"line":181,"column":17},"end":{"line":181,"column":18}},"loc":{"start":{"line":181,"column":24},"end":{"line":181,"column":101}},"line":181},"15":{"name":"(anonymous_15)","decl":{"start":{"line":207,"column":36},"end":{"line":207,"column":37}},"loc":{"start":{"line":207,"column":41},"end":{"line":207,"column":66}},"line":207},"16":{"name":"(anonymous_16)","decl":{"start":{"line":208,"column":42},"end":{"line":208,"column":43}},"loc":{"start":{"line":208,"column":47},"end":{"line":208,"column":74}},"line":208},"17":{"name":"(anonymous_17)","decl":{"start":{"line":241,"column":23},"end":{"line":241,"column":24}},"loc":{"start":{"line":241,"column":29},"end":{"line":241,"column":55}},"line":241},"18":{"name":"(anonymous_18)","decl":{"start":{"line":245,"column":35},"end":{"line":245,"column":36}},"loc":{"start":{"line":245,"column":40},"end":{"line":245,"column":67}},"line":245},"19":{"name":"(anonymous_19)","decl":{"start":{"line":254,"column":30},"end":{"line":254,"column":31}},"loc":{"start":{"line":254,"column":36},"end":{"line":254,"column":63}},"line":254},"20":{"name":"(anonymous_20)","decl":{"start":{"line":259,"column":25},"end":{"line":259,"column":26}},"loc":{"start":{"line":259,"column":31},"end":{"line":259,"column":58}},"line":259},"21":{"name":"(anonymous_21)","decl":{"start":{"line":265,"column":34},"end":{"line":265,"column":35}},"loc":{"start":{"line":265,"column":42},"end":{"line":265,"column":49}},"line":265},"22":{"name":"(anonymous_22)","decl":{"start":{"line":266,"column":32},"end":{"line":266,"column":33}},"loc":{"start":{"line":267,"column":22},"end":{"line":277,"column":41}},"line":267},"23":{"name":"(anonymous_23)","decl":{"start":{"line":269,"column":33},"end":{"line":269,"column":34}},"loc":{"start":{"line":269,"column":39},"end":{"line":272,"column":25}},"line":269},"24":{"name":"(anonymous_24)","decl":{"start":{"line":288,"column":34},"end":{"line":288,"column":35}},"loc":{"start":{"line":288,"column":39},"end":{"line":288,"column":66}},"line":288},"25":{"name":"(anonymous_25)","decl":{"start":{"line":299,"column":23},"end":{"line":299,"column":24}},"loc":{"start":{"line":299,"column":29},"end":{"line":299,"column":53}},"line":299},"26":{"name":"(anonymous_26)","decl":{"start":{"line":303,"column":33},"end":{"line":303,"column":34}},"loc":{"start":{"line":303,"column":38},"end":{"line":303,"column":63}},"line":303},"27":{"name":"(anonymous_27)","decl":{"start":{"line":312,"column":30},"end":{"line":312,"column":31}},"loc":{"start":{"line":312,"column":36},"end":{"line":312,"column":61}},"line":312},"28":{"name":"(anonymous_28)","decl":{"start":{"line":317,"column":25},"end":{"line":317,"column":26}},"loc":{"start":{"line":317,"column":31},"end":{"line":317,"column":56}},"line":317},"29":{"name":"(anonymous_29)","decl":{"start":{"line":323,"column":34},"end":{"line":323,"column":35}},"loc":{"start":{"line":323,"column":42},"end":{"line":323,"column":49}},"line":323},"30":{"name":"(anonymous_30)","decl":{"start":{"line":324,"column":32},"end":{"line":324,"column":33}},"loc":{"start":{"line":325,"column":22},"end":{"line":335,"column":41}},"line":325},"31":{"name":"(anonymous_31)","decl":{"start":{"line":327,"column":33},"end":{"line":327,"column":34}},"loc":{"start":{"line":327,"column":39},"end":{"line":330,"column":25}},"line":327},"32":{"name":"(anonymous_32)","decl":{"start":{"line":346,"column":32},"end":{"line":346,"column":33}},"loc":{"start":{"line":346,"column":37},"end":{"line":346,"column":62}},"line":346},"33":{"name":"(anonymous_33)","decl":{"start":{"line":349,"column":33},"end":{"line":349,"column":34}},"loc":{"start":{"line":349,"column":38},"end":{"line":349,"column":63}},"line":349},"34":{"name":"(anonymous_34)","decl":{"start":{"line":372,"column":21},"end":{"line":372,"column":22}},"loc":{"start":{"line":372,"column":27},"end":{"line":372,"column":37}},"line":372},"35":{"name":"(anonymous_35)","decl":{"start":{"line":378,"column":46},"end":{"line":378,"column":47}},"loc":{"start":{"line":379,"column":14},"end":{"line":385,"column":21}},"line":379},"36":{"name":"(anonymous_36)","decl":{"start":{"line":384,"column":81},"end":{"line":384,"column":82}},"loc":{"start":{"line":384,"column":92},"end":{"line":384,"column":124}},"line":384},"37":{"name":"renderQuestionInput","decl":{"start":{"line":412,"column":9},"end":{"line":412,"column":28}},"loc":{"start":{"line":416,"column":2},"end":{"line":540,"column":1}},"line":416},"38":{"name":"(anonymous_38)","decl":{"start":{"line":442,"column":24},"end":{"line":442,"column":25}},"loc":{"start":{"line":442,"column":34},"end":{"line":442,"column":77}},"line":442},"39":{"name":"(anonymous_39)","decl":{"start":{"line":456,"column":21},"end":{"line":456,"column":22}},"loc":{"start":{"line":456,"column":27},"end":{"line":456,"column":41}},"line":456},"40":{"name":"(anonymous_40)","decl":{"start":{"line":470,"column":21},"end":{"line":470,"column":22}},"loc":{"start":{"line":470,"column":27},"end":{"line":470,"column":42}},"line":470},"41":{"name":"(anonymous_41)","decl":{"start":{"line":484,"column":13},"end":{"line":484,"column":14}},"loc":{"start":{"line":484,"column":18},"end":{"line":484,"column":26}},"line":484},"42":{"name":"(anonymous_42)","decl":{"start":{"line":485,"column":16},"end":{"line":485,"column":17}},"loc":{"start":{"line":485,"column":21},"end":{"line":485,"column":33}},"line":485},"43":{"name":"(anonymous_43)","decl":{"start":{"line":497,"column":23},"end":{"line":497,"column":24}},"loc":{"start":{"line":498,"column":12},"end":{"line":518,"column":31}},"line":498},"44":{"name":"(anonymous_44)","decl":{"start":{"line":504,"column":23},"end":{"line":504,"column":24}},"loc":{"start":{"line":504,"column":29},"end":{"line":504,"column":45}},"line":504}},"branchMap":{"0":{"loc":{"start":{"line":56,"column":6},"end":{"line":95,"column":7}},"type":"if","locations":[{"start":{"line":56,"column":6},"end":{"line":95,"column":7}},{"start":{"line":87,"column":13},"end":{"line":95,"column":7}}],"line":56},"1":{"loc":{"start":{"line":72,"column":10},"end":{"line":78,"column":11}},"type":"if","locations":[{"start":{"line":72,"column":10},"end":{"line":78,"column":11}},{"start":{},"end":{}}],"line":72},"2":{"loc":{"start":{"line":74,"column":29},"end":{"line":74,"column":136}},"type":"cond-expr","locations":[{"start":{"line":74,"column":75},"end":{"line":74,"column":110}},{"start":{"line":74,"column":113},"end":{"line":74,"column":136}}],"line":74},"3":{"loc":{"start":{"line":84,"column":23},"end":{"line":84,"column":74}},"type":"binary-expr","locations":[{"start":{"line":84,"column":23},"end":{"line":84,"column":45}},{"start":{"line":84,"column":49},"end":{"line":84,"column":74}}],"line":84},"4":{"loc":{"start":{"line":93,"column":26},"end":{"line":93,"column":43}},"type":"binary-expr","locations":[{"start":{"line":93,"column":26},"end":{"line":93,"column":37}},{"start":{"line":93,"column":41},"end":{"line":93,"column":43}}],"line":93},"5":{"loc":{"start":{"line":94,"column":24},"end":{"line":94,"column":41}},"type":"binary-expr","locations":[{"start":{"line":94,"column":24},"end":{"line":94,"column":35}},{"start":{"line":94,"column":39},"end":{"line":94,"column":41}}],"line":94},"6":{"loc":{"start":{"line":109,"column":30},"end":{"line":109,"column":76}},"type":"binary-expr","locations":[{"start":{"line":109,"column":30},"end":{"line":109,"column":59}},{"start":{"line":109,"column":63},"end":{"line":109,"column":76}}],"line":109},"7":{"loc":{"start":{"line":117,"column":4},"end":{"line":120,"column":5}},"type":"if","locations":[{"start":{"line":117,"column":4},"end":{"line":120,"column":5}},{"start":{},"end":{}}],"line":117},"8":{"loc":{"start":{"line":117,"column":8},"end":{"line":117,"column":48}},"type":"binary-expr","locations":[{"start":{"line":117,"column":8},"end":{"line":117,"column":27}},{"start":{"line":117,"column":31},"end":{"line":117,"column":48}}],"line":117},"9":{"loc":{"start":{"line":124,"column":4},"end":{"line":127,"column":5}},"type":"if","locations":[{"start":{"line":124,"column":4},"end":{"line":127,"column":5}},{"start":{},"end":{}}],"line":124},"10":{"loc":{"start":{"line":124,"column":8},"end":{"line":124,"column":98}},"type":"binary-expr","locations":[{"start":{"line":124,"column":8},"end":{"line":124,"column":15}},{"start":{"line":124,"column":19},"end":{"line":124,"column":58}},{"start":{"line":124,"column":62},"end":{"line":124,"column":98}}],"line":124},"11":{"loc":{"start":{"line":135,"column":6},"end":{"line":138,"column":7}},"type":"if","locations":[{"start":{"line":135,"column":6},"end":{"line":138,"column":7}},{"start":{},"end":{}}],"line":135},"12":{"loc":{"start":{"line":160,"column":6},"end":{"line":191,"column":7}},"type":"if","locations":[{"start":{"line":160,"column":6},"end":{"line":191,"column":7}},{"start":{"line":183,"column":13},"end":{"line":191,"column":7}}],"line":160},"13":{"loc":{"start":{"line":167,"column":12},"end":{"line":170,"column":13}},"type":"if","locations":[{"start":{"line":167,"column":12},"end":{"line":170,"column":13}},{"start":{},"end":{}}],"line":167},"14":{"loc":{"start":{"line":180,"column":14},"end":{"line":180,"column":113}},"type":"cond-expr","locations":[{"start":{"line":180,"column":32},"end":{"line":180,"column":108}},{"start":{"line":180,"column":111},"end":{"line":180,"column":113}}],"line":180},"15":{"loc":{"start":{"line":189,"column":14},"end":{"line":189,"column":113}},"type":"cond-expr","locations":[{"start":{"line":189,"column":32},"end":{"line":189,"column":108}},{"start":{"line":189,"column":111},"end":{"line":189,"column":113}}],"line":189},"16":{"loc":{"start":{"line":210,"column":2},"end":{"line":219,"column":3}},"type":"if","locations":[{"start":{"line":210,"column":2},"end":{"line":219,"column":3}},{"start":{},"end":{}}],"line":210},"17":{"loc":{"start":{"line":210,"column":6},"end":{"line":210,"column":27}},"type":"binary-expr","locations":[{"start":{"line":210,"column":6},"end":{"line":210,"column":13}},{"start":{"line":210,"column":17},"end":{"line":210,"column":27}}],"line":210},"18":{"loc":{"start":{"line":226,"column":18},"end":{"line":226,"column":62}},"type":"cond-expr","locations":[{"start":{"line":226,"column":42},"end":{"line":226,"column":51}},{"start":{"line":226,"column":54},"end":{"line":226,"column":62}}],"line":226},"19":{"loc":{"start":{"line":227,"column":32},"end":{"line":227,"column":62}},"type":"cond-expr","locations":[{"start":{"line":227,"column":56},"end":{"line":227,"column":57}},{"start":{"line":227,"column":60},"end":{"line":227,"column":62}}],"line":227},"20":{"loc":{"start":{"line":235,"column":7},"end":{"line":405,"column":7}},"type":"cond-expr","locations":[{"start":{"line":236,"column":8},"end":{"line":367,"column":15}},{"start":{"line":369,"column":8},"end":{"line":404,"column":15}}],"line":235},"21":{"loc":{"start":{"line":244,"column":17},"end":{"line":246,"column":43}},"type":"cond-expr","locations":[{"start":{"line":245,"column":20},"end":{"line":245,"column":74}},{"start":{"line":246,"column":20},"end":{"line":246,"column":43}}],"line":244},"22":{"loc":{"start":{"line":284,"column":13},"end":{"line":291,"column":13}},"type":"binary-expr","locations":[{"start":{"line":284,"column":13},"end":{"line":284,"column":31}},{"start":{"line":285,"column":14},"end":{"line":290,"column":21}}],"line":284},"23":{"loc":{"start":{"line":302,"column":17},"end":{"line":304,"column":50}},"type":"cond-expr","locations":[{"start":{"line":303,"column":20},"end":{"line":303,"column":71}},{"start":{"line":304,"column":20},"end":{"line":304,"column":50}}],"line":302},"24":{"loc":{"start":{"line":333,"column":42},"end":{"line":333,"column":69}},"type":"binary-expr","locations":[{"start":{"line":333,"column":42},"end":{"line":333,"column":63}},{"start":{"line":333,"column":67},"end":{"line":333,"column":69}}],"line":333},"25":{"loc":{"start":{"line":342,"column":13},"end":{"line":352,"column":13}},"type":"binary-expr","locations":[{"start":{"line":342,"column":13},"end":{"line":342,"column":29}},{"start":{"line":343,"column":14},"end":{"line":351,"column":21}}],"line":342},"26":{"loc":{"start":{"line":349,"column":20},"end":{"line":349,"column":88}},"type":"binary-expr","locations":[{"start":{"line":349,"column":20},"end":{"line":349,"column":82}},{"start":{"line":349,"column":86},"end":{"line":349,"column":88}}],"line":349},"27":{"loc":{"start":{"line":360,"column":14},"end":{"line":360,"column":78}},"type":"binary-expr","locations":[{"start":{"line":360,"column":15},"end":{"line":360,"column":34}},{"start":{"line":360,"column":38},"end":{"line":360,"column":55}},{"start":{"line":360,"column":60},"end":{"line":360,"column":78}}],"line":360},"28":{"loc":{"start":{"line":363,"column":22},"end":{"line":363,"column":62}},"type":"binary-expr","locations":[{"start":{"line":363,"column":22},"end":{"line":363,"column":41}},{"start":{"line":363,"column":45},"end":{"line":363,"column":62}}],"line":363},"29":{"loc":{"start":{"line":377,"column":11},"end":{"line":391,"column":11}},"type":"cond-expr","locations":[{"start":{"line":378,"column":12},"end":{"line":386,"column":14}},{"start":{"line":388,"column":12},"end":{"line":390,"column":19}}],"line":377},"30":{"loc":{"start":{"line":377,"column":11},"end":{"line":377,"column":115}},"type":"binary-expr","locations":[{"start":{"line":377,"column":11},"end":{"line":377,"column":23}},{"start":{"line":377,"column":27},"end":{"line":377,"column":71}},{"start":{"line":377,"column":75},"end":{"line":377,"column":115}}],"line":377},"31":{"loc":{"start":{"line":379,"column":25},"end":{"line":379,"column":46}},"type":"binary-expr","locations":[{"start":{"line":379,"column":25},"end":{"line":379,"column":37}},{"start":{"line":379,"column":41},"end":{"line":379,"column":46}}],"line":379},"32":{"loc":{"start":{"line":381,"column":32},"end":{"line":381,"column":72}},"type":"binary-expr","locations":[{"start":{"line":381,"column":32},"end":{"line":381,"column":47}},{"start":{"line":381,"column":51},"end":{"line":381,"column":72}}],"line":381},"33":{"loc":{"start":{"line":382,"column":19},"end":{"line":382,"column":80}},"type":"binary-expr","locations":[{"start":{"line":382,"column":19},"end":{"line":382,"column":37}},{"start":{"line":382,"column":41},"end":{"line":382,"column":80}}],"line":382},"34":{"loc":{"start":{"line":384,"column":17},"end":{"line":384,"column":125}},"type":"binary-expr","locations":[{"start":{"line":384,"column":17},"end":{"line":384,"column":25}},{"start":{"line":384,"column":29},"end":{"line":384,"column":125}}],"line":384},"35":{"loc":{"start":{"line":394,"column":51},"end":{"line":394,"column":80}},"type":"binary-expr","locations":[{"start":{"line":394,"column":51},"end":{"line":394,"column":58}},{"start":{"line":394,"column":62},"end":{"line":394,"column":80}}],"line":394},"36":{"loc":{"start":{"line":399,"column":15},"end":{"line":399,"column":66}},"type":"cond-expr","locations":[{"start":{"line":399,"column":25},"end":{"line":399,"column":40}},{"start":{"line":399,"column":43},"end":{"line":399,"column":66}}],"line":399},"37":{"loc":{"start":{"line":417,"column":2},"end":{"line":423,"column":3}},"type":"if","locations":[{"start":{"line":417,"column":2},"end":{"line":423,"column":3}},{"start":{},"end":{}}],"line":417},"38":{"loc":{"start":{"line":417,"column":6},"end":{"line":417,"column":33}},"type":"binary-expr","locations":[{"start":{"line":417,"column":6},"end":{"line":417,"column":15}},{"start":{"line":417,"column":19},"end":{"line":417,"column":33}}],"line":417},"39":{"loc":{"start":{"line":426,"column":4},"end":{"line":531,"column":5}},"type":"switch","locations":[{"start":{"line":427,"column":4},"end":{"line":436,"column":8}},{"start":{"line":437,"column":4},"end":{"line":447,"column":8}},{"start":{"line":448,"column":4},"end":{"line":480,"column":8}},{"start":{"line":481,"column":4},"end":{"line":521,"column":8}},{"start":{"line":522,"column":4},"end":{"line":528,"column":8}},{"start":{"line":529,"column":4},"end":{"line":530,"column":18}}],"line":426},"40":{"loc":{"start":{"line":431,"column":17},"end":{"line":431,"column":28}},"type":"binary-expr","locations":[{"start":{"line":431,"column":17},"end":{"line":431,"column":22}},{"start":{"line":431,"column":26},"end":{"line":431,"column":28}}],"line":431},"41":{"loc":{"start":{"line":441,"column":17},"end":{"line":441,"column":43}},"type":"cond-expr","locations":[{"start":{"line":441,"column":25},"end":{"line":441,"column":38}},{"start":{"line":441,"column":41},"end":{"line":441,"column":43}}],"line":441},"42":{"loc":{"start":{"line":442,"column":43},"end":{"line":442,"column":76}},"type":"cond-expr","locations":[{"start":{"line":442,"column":57},"end":{"line":442,"column":61}},{"start":{"line":442,"column":64},"end":{"line":442,"column":76}}],"line":442},"43":{"loc":{"start":{"line":454,"column":14},"end":{"line":454,"column":54}},"type":"binary-expr","locations":[{"start":{"line":454,"column":14},"end":{"line":454,"column":28}},{"start":{"line":454,"column":32},"end":{"line":454,"column":54}}],"line":454},"44":{"loc":{"start":{"line":460,"column":14},"end":{"line":460,"column":58}},"type":"binary-expr","locations":[{"start":{"line":460,"column":14},"end":{"line":460,"column":28}},{"start":{"line":460,"column":32},"end":{"line":460,"column":58}}],"line":460},"45":{"loc":{"start":{"line":468,"column":14},"end":{"line":468,"column":55}},"type":"binary-expr","locations":[{"start":{"line":468,"column":14},"end":{"line":468,"column":29}},{"start":{"line":468,"column":33},"end":{"line":468,"column":55}}],"line":468},"46":{"loc":{"start":{"line":474,"column":14},"end":{"line":474,"column":59}},"type":"binary-expr","locations":[{"start":{"line":474,"column":14},"end":{"line":474,"column":29}},{"start":{"line":474,"column":33},"end":{"line":474,"column":59}}],"line":474},"47":{"loc":{"start":{"line":482,"column":23},"end":{"line":482,"column":45}},"type":"binary-expr","locations":[{"start":{"line":482,"column":23},"end":{"line":482,"column":39}},{"start":{"line":482,"column":43},"end":{"line":482,"column":45}}],"line":482},"48":{"loc":{"start":{"line":487,"column":6},"end":{"line":493,"column":7}},"type":"if","locations":[{"start":{"line":487,"column":6},"end":{"line":493,"column":7}},{"start":{},"end":{}}],"line":487},"49":{"loc":{"start":{"line":487,"column":10},"end":{"line":487,"column":42}},"type":"binary-expr","locations":[{"start":{"line":487,"column":10},"end":{"line":487,"column":18}},{"start":{"line":487,"column":22},"end":{"line":487,"column":42}}],"line":487},"50":{"loc":{"start":{"line":502,"column":16},"end":{"line":502,"column":63}},"type":"binary-expr","locations":[{"start":{"line":502,"column":16},"end":{"line":502,"column":32}},{"start":{"line":502,"column":36},"end":{"line":502,"column":63}}],"line":502},"51":{"loc":{"start":{"line":508,"column":16},"end":{"line":508,"column":56}},"type":"binary-expr","locations":[{"start":{"line":508,"column":16},"end":{"line":508,"column":32}},{"start":{"line":508,"column":36},"end":{"line":508,"column":56}}],"line":508},"52":{"loc":{"start":{"line":510,"column":17},"end":{"line":510,"column":69}},"type":"binary-expr","locations":[{"start":{"line":510,"column":17},"end":{"line":510,"column":33}},{"start":{"line":510,"column":37},"end":{"line":510,"column":69}}],"line":510},"53":{"loc":{"start":{"line":514,"column":16},"end":{"line":514,"column":67}},"type":"binary-expr","locations":[{"start":{"line":514,"column":16},"end":{"line":514,"column":32}},{"start":{"line":514,"column":36},"end":{"line":514,"column":67}}],"line":514}},"s":{"0":22,"1":22,"2":22,"3":22,"4":22,"5":22,"6":22,"7":22,"8":22,"9":22,"10":22,"11":3,"12":3,"13":3,"14":3,"15":3,"16":3,"17":3,"18":0,"19":0,"20":0,"21":0,"22":0,"23":0,"24":0,"25":0,"26":0,"27":0,"28":0,"29":3,"30":3,"31":3,"32":3,"33":3,"34":3,"35":3,"36":0,"37":0,"38":0,"39":3,"40":2,"41":0,"42":0,"43":2,"44":2,"45":2,"46":1,"47":1,"48":1,"49":1,"50":1,"51":1,"52":1,"53":0,"54":0,"55":1,"56":1,"57":1,"58":1,"59":0,"60":1,"61":1,"62":1,"63":1,"64":1,"65":0,"66":0,"67":0,"68":0,"69":0,"70":0,"71":0,"72":0,"73":0,"74":0,"75":0,"76":1,"77":1,"78":1,"79":1,"80":1,"81":1,"82":1,"83":0,"84":0,"85":1,"86":22,"87":16,"88":22,"89":16,"90":22,"91":3,"92":19,"93":2,"94":6,"95":0,"96":0,"97":4,"98":2,"99":2,"100":2,"101":6,"102":2,"103":2,"104":0,"105":0,"106":4,"107":2,"108":2,"109":2,"110":2,"111":2,"112":0,"113":4,"114":1,"115":4,"116":0,"117":4,"118":4,"119":4,"120":0,"121":0,"122":0,"123":0,"124":0,"125":0,"126":0,"127":0,"128":0,"129":0,"130":0,"131":0,"132":0,"133":0,"134":0,"135":0,"136":0,"137":1},"f":{"0":22,"1":3,"2":3,"3":0,"4":0,"5":3,"6":2,"7":2,"8":1,"9":1,"10":1,"11":1,"12":0,"13":0,"14":0,"15":16,"16":16,"17":2,"18":6,"19":0,"20":0,"21":4,"22":2,"23":2,"24":6,"25":2,"26":2,"27":0,"28":0,"29":4,"30":2,"31":2,"32":2,"33":2,"34":0,"35":4,"36":1,"37":4,"38":0,"39":0,"40":0,"41":0,"42":0,"43":0,"44":0},"b":{"0":[0,3],"1":[0,0],"2":[0,0],"3":[0,0],"4":[3,0],"5":[3,0],"6":[0,0],"7":[0,2],"8":[2,2],"9":[1,1],"10":[2,2,2],"11":[0,1],"12":[0,1],"13":[0,0],"14":[0,0],"15":[1,0],"16":[3,19],"17":[22,4],"18":[19,0],"19":[19,0],"20":[15,4],"21":[6,9],"22":[15,6],"23":[2,13],"24":[2,0],"25":[15,2],"26":[2,0],"27":[15,6,13],"28":[15,6],"29":[4,0],"30":[4,4,4],"31":[4,0],"32":[4,0],"33":[4,0],"34":[4,4],"35":[4,1],"36":[1,3],"37":[0,4],"38":[4,4],"39":[4,0,0,0,0,0],"40":[4,2],"41":[0,0],"42":[0,0],"43":[0,0],"44":[0,0],"45":[0,0],"46":[0,0],"47":[0,0],"48":[0,0],"49":[0,0],"50":[0,0],"51":[0,0],"52":[0,0],"53":[0,0]},"_coverageSchema":"1a1c01bbd47fc00a2c39e90264f33305004495a9","hash":"23cb605645997826c9516c12892321f88c30164f"}
,"C:\\Dev\\LANTRO\\app-antropoindicadores-v2\\mobile\\app\\dashboard.tsx": {"path":"C:\\Dev\\LANTRO\\app-antropoindicadores-v2\\mobile\\app\\dashboard.tsx","statementMap":{"0":{"start":{"line":12,"column":17},"end":{"line":12,"column":28}},"1":{"start":{"line":13,"column":23},"end":{"line":13,"column":32}},"2":{"start":{"line":14,"column":28},"end":{"line":18,"column":4}},"3":{"start":{"line":19,"column":32},"end":{"line":19,"column":46}},"4":{"start":{"line":21,"column":2},"end":{"line":23,"column":9}},"5":{"start":{"line":22,"column":4},"end":{"line":22,"column":16}},"6":{"start":{"line":26,"column":4},"end":{"line":32,"column":5}},"7":{"start":{"line":27,"column":6},"end":{"line":27,"column":45}},"8":{"start":{"line":28,"column":6},"end":{"line":28,"column":39}},"9":{"start":{"line":29,"column":6},"end":{"line":29,"column":45}},"10":{"start":{"line":31,"column":6},"end":{"line":31,"column":46}},"11":{"start":{"line":36,"column":4},"end":{"line":36,"column":21}},"12":{"start":{"line":37,"column":4},"end":{"line":71,"column":5}},"13":{"start":{"line":38,"column":6},"end":{"line":62,"column":7}},"14":{"start":{"line":39,"column":36},"end":{"line":43,"column":10}},"15":{"start":{"line":45,"column":8},"end":{"line":49,"column":11}},"16":{"start":{"line":51,"column":42},"end":{"line":55,"column":10}},"17":{"start":{"line":57,"column":8},"end":{"line":61,"column":11}},"18":{"start":{"line":64,"column":6},"end":{"line":64,"column":63}},"19":{"start":{"line":65,"column":6},"end":{"line":68,"column":7}},"20":{"start":{"line":66,"column":8},"end":{"line":66,"column":64}},"21":{"start":{"line":67,"column":8},"end":{"line":67,"column":23}},"22":{"start":{"line":70,"column":6},"end":{"line":70,"column":24}},"23":{"start":{"line":74,"column":2},"end":{"line":187,"column":4}},"24":{"start":{"line":173,"column":29},"end":{"line":173,"column":66}},"25":{"start":{"line":190,"column":15},"end":{"line":384,"column":2}}},"fnMap":{"0":{"name":"DashboardScreen","decl":{"start":{"line":11,"column":24},"end":{"line":11,"column":39}},"loc":{"start":{"line":11,"column":42},"end":{"line":188,"column":1}},"line":11},"1":{"name":"(anonymous_1)","decl":{"start":{"line":21,"column":12},"end":{"line":21,"column":13}},"loc":{"start":{"line":21,"column":18},"end":{"line":23,"column":3}},"line":21},"2":{"name":"handleLogout","decl":{"start":{"line":25,"column":17},"end":{"line":25,"column":29}},"loc":{"start":{"line":25,"column":32},"end":{"line":33,"column":3}},"line":25},"3":{"name":"loadStats","decl":{"start":{"line":35,"column":17},"end":{"line":35,"column":26}},"loc":{"start":{"line":35,"column":29},"end":{"line":72,"column":3}},"line":35},"4":{"name":"(anonymous_4)","decl":{"start":{"line":173,"column":23},"end":{"line":173,"column":24}},"loc":{"start":{"line":173,"column":29},"end":{"line":173,"column":66}},"line":173}},"branchMap":{"0":{"loc":{"start":{"line":38,"column":6},"end":{"line":62,"column":7}},"type":"if","locations":[{"start":{"line":38,"column":6},"end":{"line":62,"column":7}},{"start":{"line":50,"column":13},"end":{"line":62,"column":7}}],"line":38},"1":{"loc":{"start":{"line":58,"column":24},"end":{"line":58,"column":49}},"type":"binary-expr","locations":[{"start":{"line":58,"column":24},"end":{"line":58,"column":44}},{"start":{"line":58,"column":48},"end":{"line":58,"column":49}}],"line":58},"2":{"loc":{"start":{"line":59,"column":23},"end":{"line":59,"column":47}},"type":"binary-expr","locations":[{"start":{"line":59,"column":23},"end":{"line":59,"column":42}},{"start":{"line":59,"column":46},"end":{"line":59,"column":47}}],"line":59},"3":{"loc":{"start":{"line":60,"column":30},"end":{"line":60,"column":54}},"type":"binary-expr","locations":[{"start":{"line":60,"column":30},"end":{"line":60,"column":49}},{"start":{"line":60,"column":53},"end":{"line":60,"column":54}}],"line":60},"4":{"loc":{"start":{"line":65,"column":6},"end":{"line":68,"column":7}},"type":"if","locations":[{"start":{"line":65,"column":6},"end":{"line":68,"column":7}},{"start":{},"end":{}}],"line":65},"5":{"loc":{"start":{"line":93,"column":9},"end":{"line":184,"column":9}},"type":"cond-expr","locations":[{"start":{"line":94,"column":10},"end":{"line":96,"column":17}},{"start":{"line":98,"column":10},"end":{"line":183,"column":13}}],"line":93}},"s":{"0":6,"1":6,"2":6,"3":6,"4":6,"5":3,"6":1,"7":1,"8":1,"9":1,"10":0,"11":3,"12":3,"13":3,"14":0,"15":0,"16":3,"17":2,"18":1,"19":1,"20":1,"21":1,"22":3,"23":6,"24":1,"25":1},"f":{"0":6,"1":3,"2":1,"3":3,"4":1},"b":{"0":[0,3],"1":[2,1],"2":[2,1],"3":[2,1],"4":[1,0],"5":[3,3]},"_coverageSchema":"1a1c01bbd47fc00a2c39e90264f33305004495a9","hash":"3b35901a500c6c18aa530f280b2e53175273bc16"}
,"C:\\Dev\\LANTRO\\app-antropoindicadores-v2\\mobile\\app\\(auth)\\login.tsx": {"path":"C:\\Dev\\LANTRO\\app-antropoindicadores-v2\\mobile\\app\\(auth)\\login.tsx","statementMap":{"0":{"start":{"line":12,"column":38},"end":{"line":12,"column":50}},"1":{"start":{"line":13,"column":34},"end":{"line":13,"column":46}},"2":{"start":{"line":14,"column":32},"end":{"line":14,"column":46}},"3":{"start":{"line":15,"column":42},"end":{"line":15,"column":57}},"4":{"start":{"line":16,"column":42},"end":{"line":16,"column":57}},"5":{"start":{"line":18,"column":2},"end":{"line":20,"column":9}},"6":{"start":{"line":19,"column":4},"end":{"line":19,"column":26}},"7":{"start":{"line":23,"column":4},"end":{"line":33,"column":5}},"8":{"start":{"line":24,"column":20},"end":{"line":24,"column":55}},"9":{"start":{"line":25,"column":6},"end":{"line":28,"column":7}},"10":{"start":{"line":26,"column":8},"end":{"line":26,"column":44}},"11":{"start":{"line":27,"column":8},"end":{"line":27,"column":15}},"12":{"start":{"line":30,"column":6},"end":{"line":30,"column":62}},"13":{"start":{"line":32,"column":6},"end":{"line":32,"column":24}},"14":{"start":{"line":37,"column":4},"end":{"line":82,"column":5}},"15":{"start":{"line":38,"column":6},"end":{"line":41,"column":7}},"16":{"start":{"line":39,"column":8},"end":{"line":39,"column":70}},"17":{"start":{"line":40,"column":8},"end":{"line":40,"column":21}},"18":{"start":{"line":44,"column":30},"end":{"line":44,"column":63}},"19":{"start":{"line":45,"column":20},"end":{"line":47,"column":15}},"20":{"start":{"line":49,"column":6},"end":{"line":52,"column":7}},"21":{"start":{"line":50,"column":8},"end":{"line":50,"column":147}},"22":{"start":{"line":51,"column":8},"end":{"line":51,"column":21}},"23":{"start":{"line":54,"column":24},"end":{"line":54,"column":32}},"24":{"start":{"line":57,"column":30},"end":{"line":57,"column":79}},"25":{"start":{"line":59,"column":6},"end":{"line":62,"column":7}},"26":{"start":{"line":60,"column":8},"end":{"line":60,"column":56}},"27":{"start":{"line":61,"column":8},"end":{"line":61,"column":21}},"28":{"start":{"line":66,"column":6},"end":{"line":66,"column":70}},"29":{"start":{"line":67,"column":6},"end":{"line":72,"column":10}},"30":{"start":{"line":74,"column":6},"end":{"line":74,"column":89}},"31":{"start":{"line":75,"column":6},"end":{"line":75,"column":42}},"32":{"start":{"line":76,"column":6},"end":{"line":76,"column":18}},"33":{"start":{"line":79,"column":6},"end":{"line":79,"column":53}},"34":{"start":{"line":80,"column":6},"end":{"line":80,"column":76}},"35":{"start":{"line":81,"column":6},"end":{"line":81,"column":19}},"36":{"start":{"line":86,"column":4},"end":{"line":89,"column":5}},"37":{"start":{"line":87,"column":6},"end":{"line":87,"column":66}},"38":{"start":{"line":88,"column":6},"end":{"line":88,"column":13}},"39":{"start":{"line":91,"column":4},"end":{"line":91,"column":26}},"40":{"start":{"line":92,"column":4},"end":{"line":130,"column":5}},"41":{"start":{"line":93,"column":22},"end":{"line":93,"column":43}},"42":{"start":{"line":96,"column":6},"end":{"line":100,"column":7}},"43":{"start":{"line":97,"column":8},"end":{"line":97,"column":35}},"44":{"start":{"line":98,"column":8},"end":{"line":98,"column":31}},"45":{"start":{"line":99,"column":8},"end":{"line":99,"column":15}},"46":{"start":{"line":103,"column":23},"end":{"line":103,"column":64}},"47":{"start":{"line":106,"column":6},"end":{"line":108,"column":7}},"48":{"start":{"line":107,"column":8},"end":{"line":107,"column":67}},"49":{"start":{"line":109,"column":6},"end":{"line":111,"column":7}},"50":{"start":{"line":110,"column":8},"end":{"line":110,"column":69}},"51":{"start":{"line":113,"column":6},"end":{"line":113,"column":49}},"52":{"start":{"line":114,"column":6},"end":{"line":114,"column":42}},"53":{"start":{"line":117,"column":6},"end":{"line":117,"column":27}},"54":{"start":{"line":118,"column":29},"end":{"line":118,"column":61}},"55":{"start":{"line":121,"column":6},"end":{"line":127,"column":7}},"56":{"start":{"line":122,"column":8},"end":{"line":122,"column":73}},"57":{"start":{"line":123,"column":8},"end":{"line":123,"column":35}},"58":{"start":{"line":125,"column":24},"end":{"line":125,"column":80}},"59":{"start":{"line":126,"column":8},"end":{"line":126,"column":46}},"60":{"start":{"line":129,"column":6},"end":{"line":129,"column":29}},"61":{"start":{"line":133,"column":2},"end":{"line":139,"column":3}},"62":{"start":{"line":134,"column":4},"end":{"line":138,"column":6}},"63":{"start":{"line":141,"column":2},"end":{"line":230,"column":4}},"64":{"start":{"line":198,"column":31},"end":{"line":198,"column":61}},"65":{"start":{"line":233,"column":15},"end":{"line":354,"column":2}}},"fnMap":{"0":{"name":"LoginScreen","decl":{"start":{"line":11,"column":24},"end":{"line":11,"column":35}},"loc":{"start":{"line":11,"column":38},"end":{"line":231,"column":1}},"line":11},"1":{"name":"(anonymous_1)","decl":{"start":{"line":18,"column":12},"end":{"line":18,"column":13}},"loc":{"start":{"line":18,"column":18},"end":{"line":20,"column":3}},"line":18},"2":{"name":"checkAuthentication","decl":{"start":{"line":22,"column":17},"end":{"line":22,"column":36}},"loc":{"start":{"line":22,"column":39},"end":{"line":34,"column":3}},"line":22},"3":{"name":"handleOfflineLogin","decl":{"start":{"line":36,"column":17},"end":{"line":36,"column":35}},"loc":{"start":{"line":36,"column":38},"end":{"line":83,"column":3}},"line":36},"4":{"name":"handleLogin","decl":{"start":{"line":85,"column":17},"end":{"line":85,"column":28}},"loc":{"start":{"line":85,"column":31},"end":{"line":131,"column":3}},"line":85},"5":{"name":"(anonymous_5)","decl":{"start":{"line":198,"column":25},"end":{"line":198,"column":26}},"loc":{"start":{"line":198,"column":31},"end":{"line":198,"column":61}},"line":198}},"branchMap":{"0":{"loc":{"start":{"line":25,"column":6},"end":{"line":28,"column":7}},"type":"if","locations":[{"start":{"line":25,"column":6},"end":{"line":28,"column":7}},{"start":{},"end":{}}],"line":25},"1":{"loc":{"start":{"line":38,"column":6},"end":{"line":41,"column":7}},"type":"if","locations":[{"start":{"line":38,"column":6},"end":{"line":41,"column":7}},{"start":{},"end":{}}],"line":38},"2":{"loc":{"start":{"line":49,"column":6},"end":{"line":52,"column":7}},"type":"if","locations":[{"start":{"line":49,"column":6},"end":{"line":52,"column":7}},{"start":{},"end":{}}],"line":49},"3":{"loc":{"start":{"line":59,"column":6},"end":{"line":62,"column":7}},"type":"if","locations":[{"start":{"line":59,"column":6},"end":{"line":62,"column":7}},{"start":{},"end":{}}],"line":59},"4":{"loc":{"start":{"line":86,"column":4},"end":{"line":89,"column":5}},"type":"if","locations":[{"start":{"line":86,"column":4},"end":{"line":89,"column":5}},{"start":{},"end":{}}],"line":86},"5":{"loc":{"start":{"line":86,"column":8},"end":{"line":86,"column":32}},"type":"binary-expr","locations":[{"start":{"line":86,"column":8},"end":{"line":86,"column":19}},{"start":{"line":86,"column":23},"end":{"line":86,"column":32}}],"line":86},"6":{"loc":{"start":{"line":96,"column":6},"end":{"line":100,"column":7}},"type":"if","locations":[{"start":{"line":96,"column":6},"end":{"line":100,"column":7}},{"start":{},"end":{}}],"line":96},"7":{"loc":{"start":{"line":106,"column":6},"end":{"line":108,"column":7}},"type":"if","locations":[{"start":{"line":106,"column":6},"end":{"line":108,"column":7}},{"start":{},"end":{}}],"line":106},"8":{"loc":{"start":{"line":109,"column":6},"end":{"line":111,"column":7}},"type":"if","locations":[{"start":{"line":109,"column":6},"end":{"line":111,"column":7}},{"start":{},"end":{}}],"line":109},"9":{"loc":{"start":{"line":118,"column":29},"end":{"line":118,"column":61}},"type":"binary-expr","locations":[{"start":{"line":118,"column":29},"end":{"line":118,"column":44}},{"start":{"line":118,"column":48},"end":{"line":118,"column":61}}],"line":118},"10":{"loc":{"start":{"line":121,"column":6},"end":{"line":127,"column":7}},"type":"if","locations":[{"start":{"line":121,"column":6},"end":{"line":127,"column":7}},{"start":{"line":124,"column":13},"end":{"line":127,"column":7}}],"line":121},"11":{"loc":{"start":{"line":125,"column":24},"end":{"line":125,"column":80}},"type":"binary-expr","locations":[{"start":{"line":125,"column":24},"end":{"line":125,"column":53}},{"start":{"line":125,"column":57},"end":{"line":125,"column":80}}],"line":125},"12":{"loc":{"start":{"line":133,"column":2},"end":{"line":139,"column":3}},"type":"if","locations":[{"start":{"line":133,"column":2},"end":{"line":139,"column":3}},{"start":{},"end":{}}],"line":133},"13":{"loc":{"start":{"line":143,"column":16},"end":{"line":143,"column":60}},"type":"cond-expr","locations":[{"start":{"line":143,"column":40},"end":{"line":143,"column":49}},{"start":{"line":143,"column":52},"end":{"line":143,"column":60}}],"line":143},"14":{"loc":{"start":{"line":202,"column":19},"end":{"line":202,"column":51}},"type":"cond-expr","locations":[{"start":{"line":202,"column":34},"end":{"line":202,"column":39}},{"start":{"line":202,"column":42},"end":{"line":202,"column":51}}],"line":202},"15":{"loc":{"start":{"line":212,"column":14},"end":{"line":212,"column":56}},"type":"binary-expr","locations":[{"start":{"line":212,"column":14},"end":{"line":212,"column":26}},{"start":{"line":212,"column":30},"end":{"line":212,"column":56}}],"line":212},"16":{"loc":{"start":{"line":218,"column":13},"end":{"line":222,"column":13}},"type":"cond-expr","locations":[{"start":{"line":219,"column":14},"end":{"line":219,"column":61}},{"start":{"line":221,"column":14},"end":{"line":221,"column":78}}],"line":218}},"s":{"0":12,"1":12,"2":12,"3":12,"4":12,"5":12,"6":4,"7":4,"8":4,"9":4,"10":1,"11":1,"12":0,"13":4,"14":0,"15":0,"16":0,"17":0,"18":0,"19":0,"20":0,"21":0,"22":0,"23":0,"24":0,"25":0,"26":0,"27":0,"28":0,"29":0,"30":0,"31":0,"32":0,"33":0,"34":0,"35":0,"36":2,"37":1,"38":1,"39":1,"40":1,"41":1,"42":1,"43":0,"44":0,"45":0,"46":1,"47":1,"48":1,"49":1,"50":1,"51":1,"52":1,"53":0,"54":0,"55":0,"56":0,"57":0,"58":0,"59":0,"60":1,"61":12,"62":4,"63":8,"64":0,"65":1},"f":{"0":12,"1":4,"2":4,"3":0,"4":2,"5":0},"b":{"0":[1,3],"1":[0,0],"2":[0,0],"3":[0,0],"4":[1,1],"5":[2,1],"6":[0,1],"7":[1,0],"8":[1,0],"9":[0,0],"10":[0,0],"11":[0,0],"12":[4,8],"13":[8,0],"14":[0,8],"15":[8,1],"16":[1,7]},"_coverageSchema":"1a1c01bbd47fc00a2c39e90264f33305004495a9","hash":"2f2ccb0b7453744fd3b78b4790a91e185888ec5a"}
,"C:\\Dev\\LANTRO\\app-antropoindicadores-v2\\mobile\\assets\\images\\android-icon-foreground.png": {"path":"C:\\Dev\\LANTRO\\app-antropoindicadores-v2\\mobile\\assets\\images\\android-icon-foreground.png","statementMap":{"0":{"start":{"line":1,"column":0},"end":{"line":4,"column":6}}},"fnMap":{},"branchMap":{},"s":{"0":1},"f":{},"b":{},"_coverageSchema":"1a1c01bbd47fc00a2c39e90264f33305004495a9","hash":"fa66753f15fe0db3b181a39a238c6f41c49612b5"}
,"C:\\Dev\\LANTRO\\app-antropoindicadores-v2\\mobile\\src\\components\\Header.tsx": {"path":"C:\\Dev\\LANTRO\\app-antropoindicadores-v2\\mobile\\src\\components\\Header.tsx","statementMap":{"0":{"start":{"line":12,"column":23},"end":{"line":12,"column":32}},"1":{"start":{"line":13,"column":17},"end":{"line":13,"column":36}},"2":{"start":{"line":15,"column":2},"end":{"line":30,"column":4}},"3":{"start":{"line":33,"column":15},"end":{"line":68,"column":2}}},"fnMap":{"0":{"name":"Header","decl":{"start":{"line":11,"column":16},"end":{"line":11,"column":22}},"loc":{"start":{"line":11,"column":57},"end":{"line":31,"column":1}},"line":11}},"branchMap":{"0":{"loc":{"start":{"line":26,"column":9},"end":{"line":26,"column":68}},"type":"binary-expr","locations":[{"start":{"line":26,"column":9},"end":{"line":26,"column":17}},{"start":{"line":26,"column":21},"end":{"line":26,"column":68}}],"line":26}},"s":{"0":28,"1":28,"2":28,"3":3},"f":{"0":28},"b":{"0":[28,26]},"_coverageSchema":"1a1c01bbd47fc00a2c39e90264f33305004495a9","hash":"5c92d2cd4a74c105d19da1cc54ae319d74357a50"}
,"C:\\Dev\\LANTRO\\app-antropoindicadores-v2\\mobile\\src\\components\\ScaleCircle.tsx": {"path":"C:\\Dev\\LANTRO\\app-antropoindicadores-v2\\mobile\\src\\components\\ScaleCircle.tsx","statementMap":{"0":{"start":{"line":9,"column":18},"end":{"line":9,"column":42}},"1":{"start":{"line":10,"column":20},"end":{"line":10,"column":45}},"2":{"start":{"line":11,"column":17},"end":{"line":11,"column":32}},"3":{"start":{"line":12,"column":17},"end":{"line":12,"column":32}},"4":{"start":{"line":13,"column":15},"end":{"line":13,"column":32}},"5":{"start":{"line":16,"column":18},"end":{"line":16,"column":33}},"6":{"start":{"line":17,"column":21},"end":{"line":17,"column":61}},"7":{"start":{"line":20,"column":22},"end":{"line":25,"column":3}},"8":{"start":{"line":21,"column":18},"end":{"line":21,"column":51}},"9":{"start":{"line":22,"column":14},"end":{"line":22,"column":49}},"10":{"start":{"line":23,"column":14},"end":{"line":23,"column":49}},"11":{"start":{"line":24,"column":4},"end":{"line":24,"column":20}},"12":{"start":{"line":27,"column":23},"end":{"line":59,"column":3}},"13":{"start":{"line":28,"column":4},"end":{"line":58,"column":7}},"14":{"start":{"line":29,"column":18},"end":{"line":29,"column":36}},"15":{"start":{"line":30,"column":25},"end":{"line":30,"column":38}},"16":{"start":{"line":32,"column":6},"end":{"line":57,"column":8}},"17":{"start":{"line":35,"column":25},"end":{"line":35,"column":38}},"18":{"start":{"line":61,"column":22},"end":{"line":92,"column":3}},"19":{"start":{"line":62,"column":4},"end":{"line":91,"column":7}},"20":{"start":{"line":63,"column":18},"end":{"line":63,"column":36}},"21":{"start":{"line":64,"column":20},"end":{"line":64,"column":53}},"22":{"start":{"line":65,"column":25},"end":{"line":65,"column":68}},"23":{"start":{"line":66,"column":25},"end":{"line":66,"column":68}},"24":{"start":{"line":67,"column":23},"end":{"line":67,"column":58}},"25":{"start":{"line":68,"column":23},"end":{"line":68,"column":58}},"26":{"start":{"line":70,"column":6},"end":{"line":90,"column":8}},"27":{"start":{"line":94,"column":2},"end":{"line":123,"column":4}},"28":{"start":{"line":126,"column":15},"end":{"line":206,"column":2}}},"fnMap":{"0":{"name":"ScaleCircle","decl":{"start":{"line":15,"column":16},"end":{"line":15,"column":27}},"loc":{"start":{"line":15,"column":67},"end":{"line":124,"column":1}},"line":15},"1":{"name":"(anonymous_1)","decl":{"start":{"line":20,"column":22},"end":{"line":20,"column":23}},"loc":{"start":{"line":20,"column":41},"end":{"line":25,"column":3}},"line":20},"2":{"name":"(anonymous_2)","decl":{"start":{"line":27,"column":23},"end":{"line":27,"column":24}},"loc":{"start":{"line":27,"column":29},"end":{"line":59,"column":3}},"line":27},"3":{"name":"(anonymous_3)","decl":{"start":{"line":28,"column":23},"end":{"line":28,"column":24}},"loc":{"start":{"line":28,"column":39},"end":{"line":58,"column":5}},"line":28},"4":{"name":"(anonymous_4)","decl":{"start":{"line":35,"column":19},"end":{"line":35,"column":20}},"loc":{"start":{"line":35,"column":25},"end":{"line":35,"column":38}},"line":35},"5":{"name":"(anonymous_5)","decl":{"start":{"line":61,"column":22},"end":{"line":61,"column":23}},"loc":{"start":{"line":61,"column":28},"end":{"line":92,"column":3}},"line":61},"6":{"name":"(anonymous_6)","decl":{"start":{"line":62,"column":23},"end":{"line":62,"column":24}},"loc":{"start":{"line":62,"column":37},"end":{"line":91,"column":5}},"line":62}},"branchMap":{"0":{"loc":{"start":{"line":42,"column":12},"end":{"line":42,"column":53}},"type":"binary-expr","locations":[{"start":{"line":42,"column":12},"end":{"line":42,"column":22}},{"start":{"line":42,"column":26},"end":{"line":42,"column":53}}],"line":42},"1":{"loc":{"start":{"line":46,"column":45},"end":{"line":46,"column":86}},"type":"binary-expr","locations":[{"start":{"line":46,"column":45},"end":{"line":46,"column":55}},{"start":{"line":46,"column":59},"end":{"line":46,"column":86}}],"line":46},"2":{"loc":{"start":{"line":50,"column":16},"end":{"line":50,"column":55}},"type":"binary-expr","locations":[{"start":{"line":50,"column":16},"end":{"line":50,"column":26}},{"start":{"line":50,"column":30},"end":{"line":50,"column":55}}],"line":50},"3":{"loc":{"start":{"line":116,"column":7},"end":{"line":121,"column":7}},"type":"binary-expr","locations":[{"start":{"line":116,"column":7},"end":{"line":116,"column":12}},{"start":{"line":117,"column":8},"end":{"line":120,"column":15}}],"line":116}},"s":{"0":2,"1":2,"2":2,"3":2,"4":2,"5":3,"6":3,"7":3,"8":30,"9":30,"10":30,"11":30,"12":3,"13":3,"14":15,"15":15,"16":15,"17":1,"18":3,"19":3,"20":15,"21":15,"22":15,"23":15,"24":15,"25":15,"26":15,"27":3,"28":2},"f":{"0":3,"1":30,"2":3,"3":15,"4":1,"5":3,"6":15},"b":{"0":[15,1],"1":[15,1],"2":[15,1],"3":[3,1]},"_coverageSchema":"1a1c01bbd47fc00a2c39e90264f33305004495a9","hash":"d85f7bf6113508f408003cbf5462767300205820"}
,"C:\\Dev\\LANTRO\\app-antropoindicadores-v2\\mobile\\src\\context\\MenuContext.tsx": {"path":"C:\\Dev\\LANTRO\\app-antropoindicadores-v2\\mobile\\src\\context\\MenuContext.tsx","statementMap":{"0":{"start":{"line":10,"column":20},"end":{"line":10,"column":73}},"1":{"start":{"line":13,"column":30},"end":{"line":13,"column":45}},"2":{"start":{"line":15,"column":19},"end":{"line":15,"column":40}},"3":{"start":{"line":15,"column":25},"end":{"line":15,"column":40}},"4":{"start":{"line":16,"column":20},"end":{"line":16,"column":42}},"5":{"start":{"line":16,"column":26},"end":{"line":16,"column":42}},"6":{"start":{"line":17,"column":21},"end":{"line":17,"column":51}},"7":{"start":{"line":17,"column":27},"end":{"line":17,"column":51}},"8":{"start":{"line":17,"column":45},"end":{"line":17,"column":50}},"9":{"start":{"line":19,"column":2},"end":{"line":23,"column":4}},"10":{"start":{"line":27,"column":18},"end":{"line":27,"column":41}},"11":{"start":{"line":28,"column":2},"end":{"line":30,"column":3}},"12":{"start":{"line":29,"column":4},"end":{"line":29,"column":69}},"13":{"start":{"line":31,"column":2},"end":{"line":31,"column":17}}},"fnMap":{"0":{"name":"MenuProvider","decl":{"start":{"line":12,"column":16},"end":{"line":12,"column":28}},"loc":{"start":{"line":12,"column":68},"end":{"line":24,"column":1}},"line":12},"1":{"name":"(anonymous_1)","decl":{"start":{"line":15,"column":19},"end":{"line":15,"column":20}},"loc":{"start":{"line":15,"column":25},"end":{"line":15,"column":40}},"line":15},"2":{"name":"(anonymous_2)","decl":{"start":{"line":16,"column":20},"end":{"line":16,"column":21}},"loc":{"start":{"line":16,"column":26},"end":{"line":16,"column":42}},"line":16},"3":{"name":"(anonymous_3)","decl":{"start":{"line":17,"column":21},"end":{"line":17,"column":22}},"loc":{"start":{"line":17,"column":27},"end":{"line":17,"column":51}},"line":17},"4":{"name":"(anonymous_4)","decl":{"start":{"line":17,"column":37},"end":{"line":17,"column":38}},"loc":{"start":{"line":17,"column":45},"end":{"line":17,"column":50}},"line":17},"5":{"name":"useMenu","decl":{"start":{"line":26,"column":16},"end":{"line":26,"column":23}},"loc":{"start":{"line":26,"column":26},"end":{"line":32,"column":1}},"line":26}},"branchMap":{"0":{"loc":{"start":{"line":28,"column":2},"end":{"line":30,"column":3}},"type":"if","locations":[{"start":{"line":28,"column":2},"end":{"line":30,"column":3}},{"start":{},"end":{}}],"line":28}},"s":{"0":1,"1":0,"2":0,"3":0,"4":0,"5":0,"6":0,"7":0,"8":0,"9":0,"10":0,"11":0,"12":0,"13":0},"f":{"0":0,"1":0,"2":0,"3":0,"4":0,"5":0},"b":{"0":[0,0]},"_coverageSchema":"1a1c01bbd47fc00a2c39e90264f33305004495a9","hash":"d6466fcad8ec8f0e50854583b78a5bc45c1c42f9"}
,"C:\\Dev\\LANTRO\\app-antropoindicadores-v2\\mobile\\src\\database\\schema.ts": {"path":"C:\\Dev\\LANTRO\\app-antropoindicadores-v2\\mobile\\src\\database\\schema.ts","statementMap":{"0":{"start":{"line":3,"column":24},"end":{"line":60,"column":2}}},"fnMap":{},"branchMap":{},"s":{"0":1},"f":{},"b":{},"_coverageSchema":"1a1c01bbd47fc00a2c39e90264f33305004495a9","hash":"c4026d8371ae2f7b9ec609179beeffba5fec30d5"}
,"C:\\Dev\\LANTRO\\app-antropoindicadores-v2\\mobile\\src\\database\\sync.ts": {"path":"C:\\Dev\\LANTRO\\app-antropoindicadores-v2\\mobile\\src\\database\\sync.ts","statementMap":{"0":{"start":{"line":6,"column":20},"end":{"line":6,"column":100}},"1":{"start":{"line":10,"column":2},"end":{"line":12,"column":3}},"2":{"start":{"line":11,"column":4},"end":{"line":11,"column":110}},"3":{"start":{"line":14,"column":2},"end":{"line":72,"column":3}},"4":{"start":{"line":15,"column":18},"end":{"line":15,"column":53}},"5":{"start":{"line":17,"column":4},"end":{"line":17,"column":65}},"6":{"start":{"line":17,"column":20},"end":{"line":17,"column":65}},"7":{"start":{"line":19,"column":4},"end":{"line":65,"column":7}},"8":{"start":{"line":23,"column":8},"end":{"line":23,"column":72}},"9":{"start":{"line":23,"column":24},"end":{"line":23,"column":72}},"10":{"start":{"line":24,"column":26},"end":{"line":24,"column":43}},"11":{"start":{"line":26,"column":25},"end":{"line":30,"column":10}},"12":{"start":{"line":31,"column":8},"end":{"line":31,"column":78}},"13":{"start":{"line":31,"column":26},"end":{"line":31,"column":78}},"14":{"start":{"line":33,"column":56},"end":{"line":33,"column":77}},"15":{"start":{"line":35,"column":8},"end":{"line":35,"column":73}},"16":{"start":{"line":35,"column":24},"end":{"line":35,"column":73}},"17":{"start":{"line":36,"column":8},"end":{"line":36,"column":55}},"18":{"start":{"line":41,"column":8},"end":{"line":41,"column":76}},"19":{"start":{"line":41,"column":24},"end":{"line":41,"column":76}},"20":{"start":{"line":42,"column":26},"end":{"line":42,"column":43}},"21":{"start":{"line":45,"column":8},"end":{"line":45,"column":98}},"22":{"start":{"line":47,"column":25},"end":{"line":54,"column":10}},"23":{"start":{"line":56,"column":8},"end":{"line":58,"column":9}},"24":{"start":{"line":57,"column":10},"end":{"line":57,"column":66}},"25":{"start":{"line":60,"column":8},"end":{"line":60,"column":63}},"26":{"start":{"line":60,"column":24},"end":{"line":60,"column":63}},"27":{"start":{"line":67,"column":4},"end":{"line":67,"column":76}},"28":{"start":{"line":67,"column":20},"end":{"line":67,"column":76}},"29":{"start":{"line":68,"column":4},"end":{"line":68,"column":16}},"30":{"start":{"line":70,"column":4},"end":{"line":70,"column":52}},"31":{"start":{"line":71,"column":4},"end":{"line":71,"column":16}}},"fnMap":{"0":{"name":"syncData","decl":{"start":{"line":8,"column":22},"end":{"line":8,"column":30}},"loc":{"start":{"line":8,"column":94},"end":{"line":73,"column":1}},"line":8},"1":{"name":"(anonymous_1)","decl":{"start":{"line":22,"column":19},"end":{"line":22,"column":20}},"loc":{"start":{"line":22,"column":47},"end":{"line":37,"column":7}},"line":22},"2":{"name":"(anonymous_2)","decl":{"start":{"line":40,"column":19},"end":{"line":40,"column":20}},"loc":{"start":{"line":40,"column":56},"end":{"line":61,"column":7}},"line":40}},"branchMap":{"0":{"loc":{"start":{"line":6,"column":20},"end":{"line":6,"column":100}},"type":"binary-expr","locations":[{"start":{"line":6,"column":20},"end":{"line":6,"column":51}},{"start":{"line":6,"column":55},"end":{"line":6,"column":100}}],"line":6},"1":{"loc":{"start":{"line":10,"column":2},"end":{"line":12,"column":3}},"type":"if","locations":[{"start":{"line":10,"column":2},"end":{"line":12,"column":3}},{"start":{},"end":{}}],"line":10},"2":{"loc":{"start":{"line":17,"column":4},"end":{"line":17,"column":65}},"type":"if","locations":[{"start":{"line":17,"column":4},"end":{"line":17,"column":65}},{"start":{},"end":{}}],"line":17},"3":{"loc":{"start":{"line":23,"column":8},"end":{"line":23,"column":72}},"type":"if","locations":[{"start":{"line":23,"column":8},"end":{"line":23,"column":72}},{"start":{},"end":{}}],"line":23},"4":{"loc":{"start":{"line":24,"column":26},"end":{"line":24,"column":43}},"type":"binary-expr","locations":[{"start":{"line":24,"column":26},"end":{"line":24,"column":38}},{"start":{"line":24,"column":42},"end":{"line":24,"column":43}}],"line":24},"5":{"loc":{"start":{"line":31,"column":8},"end":{"line":31,"column":78}},"type":"if","locations":[{"start":{"line":31,"column":8},"end":{"line":31,"column":78}},{"start":{},"end":{}}],"line":31},"6":{"loc":{"start":{"line":35,"column":8},"end":{"line":35,"column":73}},"type":"if","locations":[{"start":{"line":35,"column":8},"end":{"line":35,"column":73}},{"start":{},"end":{}}],"line":35},"7":{"loc":{"start":{"line":41,"column":8},"end":{"line":41,"column":76}},"type":"if","locations":[{"start":{"line":41,"column":8},"end":{"line":41,"column":76}},{"start":{},"end":{}}],"line":41},"8":{"loc":{"start":{"line":42,"column":26},"end":{"line":42,"column":43}},"type":"binary-expr","locations":[{"start":{"line":42,"column":26},"end":{"line":42,"column":38}},{"start":{"line":42,"column":42},"end":{"line":42,"column":43}}],"line":42},"9":{"loc":{"start":{"line":56,"column":8},"end":{"line":58,"column":9}},"type":"if","locations":[{"start":{"line":56,"column":8},"end":{"line":58,"column":9}},{"start":{},"end":{}}],"line":56},"10":{"loc":{"start":{"line":60,"column":8},"end":{"line":60,"column":63}},"type":"if","locations":[{"start":{"line":60,"column":8},"end":{"line":60,"column":63}},{"start":{},"end":{}}],"line":60},"11":{"loc":{"start":{"line":67,"column":4},"end":{"line":67,"column":76}},"type":"if","locations":[{"start":{"line":67,"column":4},"end":{"line":67,"column":76}},{"start":{},"end":{}}],"line":67}},"s":{"0":1,"1":4,"2":0,"3":4,"4":4,"5":4,"6":1,"7":4,"8":1,"9":0,"10":1,"11":1,"12":1,"13":0,"14":1,"15":1,"16":0,"17":1,"18":1,"19":0,"20":1,"21":1,"22":1,"23":1,"24":0,"25":1,"26":0,"27":3,"28":1,"29":3,"30":1,"31":1},"f":{"0":4,"1":1,"2":1},"b":{"0":[1,1],"1":[0,4],"2":[1,3],"3":[0,1],"4":[1,1],"5":[0,1],"6":[0,1],"7":[0,1],"8":[1,0],"9":[0,1],"10":[0,1],"11":[1,2]},"_coverageSchema":"1a1c01bbd47fc00a2c39e90264f33305004495a9","hash":"937e3df0490ca7573b0a8a5cfc7cd56f9a3e5be0"}
}
