TN:
SF:app\coleta-pesquisa.tsx
FN:32,ColetaPesquisa
FN:44,(anonymous_1)
FN:48,loadInitialData
FN:61,(anonymous_3)
FN:70,(anonymous_4)
FN:103,(anonymous_5)
FN:116,handleStart
FN:123,(anonymous_7)
FN:133,(anonymous_8)
FN:153,handleAnswer
FN:154,(anonymous_10)
FN:157,handleSubmitForm
FN:162,(anonymous_12)
FN:163,(anonymous_13)
FN:181,(anonymous_14)
FN:207,(anonymous_15)
FN:208,(anonymous_16)
FN:241,(anonymous_17)
FN:245,(anonymous_18)
FN:254,(anonymous_19)
FN:259,(anonymous_20)
FN:265,(anonymous_21)
FN:266,(anonymous_22)
FN:269,(anonymous_23)
FN:288,(anonymous_24)
FN:299,(anonymous_25)
FN:303,(anonymous_26)
FN:312,(anonymous_27)
FN:317,(anonymous_28)
FN:323,(anonymous_29)
FN:324,(anonymous_30)
FN:327,(anonymous_31)
FN:346,(anonymous_32)
FN:349,(anonymous_33)
FN:372,(anonymous_34)
FN:378,(anonymous_35)
FN:384,(anonymous_36)
FN:412,renderQuestionInput
FN:442,(anonymous_38)
FN:456,(anonymous_39)
FN:470,(anonymous_40)
FN:484,(anonymous_41)
FN:485,(anonymous_42)
FN:497,(anonymous_43)
FN:504,(anonymous_44)
FNF:45
FNH:28
FNDA:22,ColetaPesquisa
FNDA:3,(anonymous_1)
FNDA:3,loadInitialData
FNDA:0,(anonymous_3)
FNDA:0,(anonymous_4)
FNDA:3,(anonymous_5)
FNDA:2,handleStart
FNDA:2,(anonymous_7)
FNDA:1,(anonymous_8)
FNDA:1,handleAnswer
FNDA:1,(anonymous_10)
FNDA:1,handleSubmitForm
FNDA:0,(anonymous_12)
FNDA:0,(anonymous_13)
FNDA:0,(anonymous_14)
FNDA:16,(anonymous_15)
FNDA:16,(anonymous_16)
FNDA:2,(anonymous_17)
FNDA:6,(anonymous_18)
FNDA:0,(anonymous_19)
FNDA:0,(anonymous_20)
FNDA:4,(anonymous_21)
FNDA:2,(anonymous_22)
FNDA:2,(anonymous_23)
FNDA:6,(anonymous_24)
FNDA:2,(anonymous_25)
FNDA:2,(anonymous_26)
FNDA:0,(anonymous_27)
FNDA:0,(anonymous_28)
FNDA:4,(anonymous_29)
FNDA:2,(anonymous_30)
FNDA:2,(anonymous_31)
FNDA:2,(anonymous_32)
FNDA:2,(anonymous_33)
FNDA:0,(anonymous_34)
FNDA:4,(anonymous_35)
FNDA:1,(anonymous_36)
FNDA:4,renderQuestionInput
FNDA:0,(anonymous_38)
FNDA:0,(anonymous_39)
FNDA:0,(anonymous_40)
FNDA:0,(anonymous_41)
FNDA:0,(anonymous_42)
FNDA:0,(anonymous_43)
FNDA:0,(anonymous_44)
DA:33,22
DA:34,22
DA:35,22
DA:36,22
DA:37,22
DA:38,22
DA:39,22
DA:40,22
DA:41,22
DA:42,22
DA:44,22
DA:45,3
DA:49,3
DA:50,3
DA:51,3
DA:53,3
DA:54,3
DA:56,3
DA:58,0
DA:59,0
DA:61,0
DA:70,0
DA:71,0
DA:72,0
DA:73,0
DA:74,0
DA:76,0
DA:79,0
DA:89,3
DA:93,3
DA:94,3
DA:97,3
DA:102,3
DA:103,3
DA:105,0
DA:106,0
DA:107,0
DA:112,3
DA:117,2
DA:118,0
DA:119,0
DA:123,2
DA:124,2
DA:125,1
DA:126,1
DA:129,1
DA:130,1
DA:133,1
DA:134,1
DA:135,1
DA:136,0
DA:137,0
DA:140,1
DA:141,1
DA:142,1
DA:146,1
DA:148,0
DA:154,1
DA:158,1
DA:159,1
DA:160,1
DA:162,0
DA:163,0
DA:164,0
DA:165,0
DA:166,0
DA:167,0
DA:168,0
DA:169,0
DA:173,0
DA:176,0
DA:181,0
DA:185,1
DA:193,1
DA:194,1
DA:195,1
DA:196,1
DA:197,1
DA:198,1
DA:200,0
DA:201,0
DA:203,1
DA:207,22
DA:208,22
DA:210,22
DA:211,3
DA:221,19
DA:241,2
DA:245,6
DA:254,0
DA:259,0
DA:265,4
DA:267,2
DA:270,2
DA:271,2
DA:288,6
DA:299,2
DA:303,2
DA:312,0
DA:317,0
DA:323,4
DA:325,2
DA:328,2
DA:329,2
DA:346,2
DA:349,2
DA:372,0
DA:379,4
DA:384,1
DA:417,4
DA:418,0
DA:425,4
DA:426,4
DA:428,4
DA:438,0
DA:442,0
DA:449,0
DA:456,0
DA:470,0
DA:482,0
DA:484,0
DA:485,0
DA:487,0
DA:488,0
DA:495,0
DA:498,0
DA:504,0
DA:523,0
DA:530,0
DA:533,0
DA:534,0
DA:542,1
LF:132
LH:78
BRDA:56,0,0,0
BRDA:56,0,1,3
BRDA:72,1,0,0
BRDA:72,1,1,0
BRDA:74,2,0,0
BRDA:74,2,1,0
BRDA:84,3,0,0
BRDA:84,3,1,0
BRDA:93,4,0,3
BRDA:93,4,1,0
BRDA:94,5,0,3
BRDA:94,5,1,0
BRDA:109,6,0,0
BRDA:109,6,1,0
BRDA:117,7,0,0
BRDA:117,7,1,2
BRDA:117,8,0,2
BRDA:117,8,1,2
BRDA:124,9,0,1
BRDA:124,9,1,1
BRDA:124,10,0,2
BRDA:124,10,1,2
BRDA:124,10,2,2
BRDA:135,11,0,0
BRDA:135,11,1,1
BRDA:160,12,0,0
BRDA:160,12,1,1
BRDA:167,13,0,0
BRDA:167,13,1,0
BRDA:180,14,0,0
BRDA:180,14,1,0
BRDA:189,15,0,1
BRDA:189,15,1,0
BRDA:210,16,0,3
BRDA:210,16,1,19
BRDA:210,17,0,22
BRDA:210,17,1,4
BRDA:226,18,0,19
BRDA:226,18,1,0
BRDA:227,19,0,19
BRDA:227,19,1,0
BRDA:235,20,0,15
BRDA:235,20,1,4
BRDA:244,21,0,6
BRDA:244,21,1,9
BRDA:284,22,0,15
BRDA:284,22,1,6
BRDA:302,23,0,2
BRDA:302,23,1,13
BRDA:333,24,0,2
BRDA:333,24,1,0
BRDA:342,25,0,15
BRDA:342,25,1,2
BRDA:349,26,0,2
BRDA:349,26,1,0
BRDA:360,27,0,15
BRDA:360,27,1,6
BRDA:360,27,2,13
BRDA:363,28,0,15
BRDA:363,28,1,6
BRDA:377,29,0,4
BRDA:377,29,1,0
BRDA:377,30,0,4
BRDA:377,30,1,4
BRDA:377,30,2,4
BRDA:379,31,0,4
BRDA:379,31,1,0
BRDA:381,32,0,4
BRDA:381,32,1,0
BRDA:382,33,0,4
BRDA:382,33,1,0
BRDA:384,34,0,4
BRDA:384,34,1,4
BRDA:394,35,0,4
BRDA:394,35,1,1
BRDA:399,36,0,1
BRDA:399,36,1,3
BRDA:417,37,0,0
BRDA:417,37,1,4
BRDA:417,38,0,4
BRDA:417,38,1,4
BRDA:426,39,0,4
BRDA:426,39,1,0
BRDA:426,39,2,0
BRDA:426,39,3,0
BRDA:426,39,4,0
BRDA:426,39,5,0
BRDA:431,40,0,4
BRDA:431,40,1,2
BRDA:441,41,0,0
BRDA:441,41,1,0
BRDA:442,42,0,0
BRDA:442,42,1,0
BRDA:454,43,0,0
BRDA:454,43,1,0
BRDA:460,44,0,0
BRDA:460,44,1,0
BRDA:468,45,0,0
BRDA:468,45,1,0
BRDA:474,46,0,0
BRDA:474,46,1,0
BRDA:482,47,0,0
BRDA:482,47,1,0
BRDA:487,48,0,0
BRDA:487,48,1,0
BRDA:487,49,0,0
BRDA:487,49,1,0
BRDA:502,50,0,0
BRDA:502,50,1,0
BRDA:508,51,0,0
BRDA:508,51,1,0
BRDA:510,52,0,0
BRDA:510,52,1,0
BRDA:514,53,0,0
BRDA:514,53,1,0
BRF:115
BRH:56
end_of_record
TN:
SF:app\dashboard.tsx
FN:11,DashboardScreen
FN:21,(anonymous_1)
FN:25,handleLogout
FN:35,loadStats
FN:173,(anonymous_4)
FNF:5
FNH:5
FNDA:6,DashboardScreen
FNDA:3,(anonymous_1)
FNDA:1,handleLogout
FNDA:3,loadStats
FNDA:1,(anonymous_4)
DA:12,6
DA:13,6
DA:14,6
DA:19,6
DA:21,6
DA:22,3
DA:26,1
DA:27,1
DA:28,1
DA:29,1
DA:31,0
DA:36,3
DA:37,3
DA:38,3
DA:39,0
DA:45,0
DA:51,3
DA:57,2
DA:64,1
DA:65,1
DA:66,1
DA:67,1
DA:70,3
DA:74,6
DA:173,1
DA:190,1
LF:26
LH:23
BRDA:38,0,0,0
BRDA:38,0,1,3
BRDA:58,1,0,2
BRDA:58,1,1,1
BRDA:59,2,0,2
BRDA:59,2,1,1
BRDA:60,3,0,2
BRDA:60,3,1,1
BRDA:65,4,0,1
BRDA:65,4,1,0
BRDA:93,5,0,3
BRDA:93,5,1,3
BRF:12
BRH:10
end_of_record
TN:
SF:app\(auth)\login.tsx
FN:11,LoginScreen
FN:18,(anonymous_1)
FN:22,checkAuthentication
FN:36,handleOfflineLogin
FN:85,handleLogin
FN:198,(anonymous_5)
FNF:6
FNH:4
FNDA:12,LoginScreen
FNDA:4,(anonymous_1)
FNDA:4,checkAuthentication
FNDA:0,handleOfflineLogin
FNDA:2,handleLogin
FNDA:0,(anonymous_5)
DA:12,12
DA:13,12
DA:14,12
DA:15,12
DA:16,12
DA:18,12
DA:19,4
DA:23,4
DA:24,4
DA:25,4
DA:26,1
DA:27,1
DA:30,0
DA:32,4
DA:37,0
DA:38,0
DA:39,0
DA:40,0
DA:44,0
DA:45,0
DA:49,0
DA:50,0
DA:51,0
DA:54,0
DA:57,0
DA:59,0
DA:60,0
DA:61,0
DA:66,0
DA:67,0
DA:74,0
DA:75,0
DA:76,0
DA:79,0
DA:80,0
DA:81,0
DA:86,2
DA:87,1
DA:88,1
DA:91,1
DA:92,1
DA:93,1
DA:96,1
DA:97,0
DA:98,0
DA:99,0
DA:103,1
DA:106,1
DA:107,1
DA:109,1
DA:110,1
DA:113,1
DA:114,1
DA:117,0
DA:118,0
DA:121,0
DA:122,0
DA:123,0
DA:125,0
DA:126,0
DA:129,1
DA:133,12
DA:134,4
DA:141,8
DA:198,0
DA:233,1
LF:66
LH:32
BRDA:25,0,0,1
BRDA:25,0,1,3
BRDA:38,1,0,0
BRDA:38,1,1,0
BRDA:49,2,0,0
BRDA:49,2,1,0
BRDA:59,3,0,0
BRDA:59,3,1,0
BRDA:86,4,0,1
BRDA:86,4,1,1
BRDA:86,5,0,2
BRDA:86,5,1,1
BRDA:96,6,0,0
BRDA:96,6,1,1
BRDA:106,7,0,1
BRDA:106,7,1,0
BRDA:109,8,0,1
BRDA:109,8,1,0
BRDA:118,9,0,0
BRDA:118,9,1,0
BRDA:121,10,0,0
BRDA:121,10,1,0
BRDA:125,11,0,0
BRDA:125,11,1,0
BRDA:133,12,0,4
BRDA:133,12,1,8
BRDA:143,13,0,8
BRDA:143,13,1,0
BRDA:202,14,0,0
BRDA:202,14,1,8
BRDA:212,15,0,8
BRDA:212,15,1,1
BRDA:218,16,0,1
BRDA:218,16,1,7
BRF:34
BRH:17
end_of_record
TN:
SF:assets\images\android-icon-foreground.png
FNF:0
FNH:0
DA:1,1
LF:1
LH:1
BRF:0
BRH:0
end_of_record
TN:
SF:src\components\Header.tsx
FN:11,Header
FNF:1
FNH:1
FNDA:28,Header
DA:12,28
DA:13,28
DA:15,28
DA:33,3
LF:4
LH:4
BRDA:26,0,0,28
BRDA:26,0,1,26
BRF:2
BRH:2
end_of_record
TN:
SF:src\components\ScaleCircle.tsx
FN:15,ScaleCircle
FN:20,(anonymous_1)
FN:27,(anonymous_2)
FN:28,(anonymous_3)
FN:35,(anonymous_4)
FN:61,(anonymous_5)
FN:62,(anonymous_6)
FNF:7
FNH:7
FNDA:3,ScaleCircle
FNDA:30,(anonymous_1)
FNDA:3,(anonymous_2)
FNDA:15,(anonymous_3)
FNDA:1,(anonymous_4)
FNDA:3,(anonymous_5)
FNDA:15,(anonymous_6)
DA:9,2
DA:10,2
DA:11,2
DA:12,2
DA:13,2
DA:16,3
DA:17,3
DA:20,3
DA:21,30
DA:22,30
DA:23,30
DA:24,30
DA:27,3
DA:28,3
DA:29,15
DA:30,15
DA:32,15
DA:35,1
DA:61,3
DA:62,3
DA:63,15
DA:64,15
DA:65,15
DA:66,15
DA:67,15
DA:68,15
DA:70,15
DA:94,3
DA:126,2
LF:29
LH:29
BRDA:42,0,0,15
BRDA:42,0,1,1
BRDA:46,1,0,15
BRDA:46,1,1,1
BRDA:50,2,0,15
BRDA:50,2,1,1
BRDA:116,3,0,3
BRDA:116,3,1,1
BRF:8
BRH:8
end_of_record
TN:
SF:src\context\MenuContext.tsx
FN:12,MenuProvider
FN:15,(anonymous_1)
FN:16,(anonymous_2)
FN:17,(anonymous_3)
FN:17,(anonymous_4)
FN:26,useMenu
FNF:6
FNH:0
FNDA:0,MenuProvider
FNDA:0,(anonymous_1)
FNDA:0,(anonymous_2)
FNDA:0,(anonymous_3)
FNDA:0,(anonymous_4)
FNDA:0,useMenu
DA:10,1
DA:13,0
DA:15,0
DA:16,0
DA:17,0
DA:19,0
DA:27,0
DA:28,0
DA:29,0
DA:31,0
LF:10
LH:1
BRDA:28,0,0,0
BRDA:28,0,1,0
BRF:2
BRH:0
end_of_record
TN:
SF:src\database\schema.ts
FNF:0
FNH:0
DA:3,1
LF:1
LH:1
BRF:0
BRH:0
end_of_record
TN:
SF:src\database\sync.ts
FN:8,syncData
FN:22,(anonymous_1)
FN:40,(anonymous_2)
FNF:3
FNH:3
FNDA:4,syncData
FNDA:1,(anonymous_1)
FNDA:1,(anonymous_2)
DA:6,1
DA:10,4
DA:11,0
DA:14,4
DA:15,4
DA:17,4
DA:19,4
DA:23,1
DA:24,1
DA:26,1
DA:31,1
DA:33,1
DA:35,1
DA:36,1
DA:41,1
DA:42,1
DA:45,1
DA:47,1
DA:56,1
DA:57,0
DA:60,1
DA:67,3
DA:68,3
DA:70,1
DA:71,1
LF:25
LH:23
BRDA:6,0,0,1
BRDA:6,0,1,1
BRDA:10,1,0,0
BRDA:10,1,1,4
BRDA:17,2,0,1
BRDA:17,2,1,3
BRDA:23,3,0,0
BRDA:23,3,1,1
BRDA:24,4,0,1
BRDA:24,4,1,1
BRDA:31,5,0,0
BRDA:31,5,1,1
BRDA:35,6,0,0
BRDA:35,6,1,1
BRDA:41,7,0,0
BRDA:41,7,1,1
BRDA:42,8,0,1
BRDA:42,8,1,0
BRDA:56,9,0,0
BRDA:56,9,1,1
BRDA:60,10,0,0
BRDA:60,10,1,1
BRDA:67,11,0,1
BRDA:67,11,1,2
BRF:24
BRH:16
end_of_record
