TN:
SF:app\coleta-pesquisa.tsx
FN:31,ColetaPesquisa
FN:42,(anonymous_1)
FN:46,loadInitialData
FN:59,(anonymous_3)
FN:68,(anonymous_4)
FN:101,(anonymous_5)
FN:114,handleStart
FN:121,(anonymous_7)
FN:131,handleAnswer
FN:132,(anonymous_9)
FN:135,handleSubmitForm
FN:140,(anonymous_11)
FN:141,(anonymous_12)
FN:154,(anonymous_13)
FN:178,(anonymous_14)
FN:179,(anonymous_15)
FN:212,(anonymous_16)
FN:216,(anonymous_17)
FN:225,(anonymous_18)
FN:230,(anonymous_19)
FN:236,(anonymous_20)
FN:237,(anonymous_21)
FN:240,(anonymous_22)
FN:259,(anonymous_23)
FN:270,(anonymous_24)
FN:274,(anonymous_25)
FN:283,(anonymous_26)
FN:288,(anonymous_27)
FN:294,(anonymous_28)
FN:295,(anonymous_29)
FN:298,(anonymous_30)
FN:317,(anonymous_31)
FN:320,(anonymous_32)
FN:343,(anonymous_33)
FN:349,(anonymous_34)
FN:355,(anonymous_35)
FN:383,renderQuestionInput
FN:413,(anonymous_37)
FN:427,(anonymous_38)
FN:441,(anonymous_39)
FN:455,(anonymous_40)
FN:456,(anonymous_41)
FN:468,(anonymous_42)
FN:475,(anonymous_43)
FNF:44
FNH:27
FNDA:21,ColetaPesquisa
FNDA:3,(anonymous_1)
FNDA:3,loadInitialData
FNDA:0,(anonymous_3)
FNDA:0,(anonymous_4)
FNDA:3,(anonymous_5)
FNDA:2,handleStart
FNDA:2,(anonymous_7)
FNDA:1,handleAnswer
FNDA:1,(anonymous_9)
FNDA:1,handleSubmitForm
FNDA:0,(anonymous_11)
FNDA:0,(anonymous_12)
FNDA:0,(anonymous_13)
FNDA:15,(anonymous_14)
FNDA:15,(anonymous_15)
FNDA:2,(anonymous_16)
FNDA:6,(anonymous_17)
FNDA:0,(anonymous_18)
FNDA:0,(anonymous_19)
FNDA:4,(anonymous_20)
FNDA:2,(anonymous_21)
FNDA:2,(anonymous_22)
FNDA:6,(anonymous_23)
FNDA:2,(anonymous_24)
FNDA:2,(anonymous_25)
FNDA:0,(anonymous_26)
FNDA:0,(anonymous_27)
FNDA:4,(anonymous_28)
FNDA:2,(anonymous_29)
FNDA:2,(anonymous_30)
FNDA:2,(anonymous_31)
FNDA:2,(anonymous_32)
FNDA:0,(anonymous_33)
FNDA:3,(anonymous_34)
FNDA:1,(anonymous_35)
FNDA:3,renderQuestionInput
FNDA:0,(anonymous_37)
FNDA:0,(anonymous_38)
FNDA:0,(anonymous_39)
FNDA:0,(anonymous_40)
FNDA:0,(anonymous_41)
FNDA:0,(anonymous_42)
FNDA:0,(anonymous_43)
DA:32,21
DA:33,21
DA:34,21
DA:35,21
DA:36,21
DA:37,21
DA:38,21
DA:39,21
DA:40,21
DA:42,21
DA:43,3
DA:47,3
DA:48,3
DA:49,3
DA:51,3
DA:52,3
DA:54,3
DA:56,0
DA:57,0
DA:59,0
DA:68,0
DA:69,0
DA:70,0
DA:71,0
DA:72,0
DA:74,0
DA:77,0
DA:87,3
DA:91,3
DA:92,3
DA:95,3
DA:100,3
DA:101,3
DA:103,0
DA:104,0
DA:105,0
DA:110,3
DA:115,2
DA:116,0
DA:117,0
DA:121,2
DA:122,2
DA:123,1
DA:124,1
DA:127,1
DA:128,1
DA:132,1
DA:136,1
DA:137,1
DA:138,1
DA:140,0
DA:141,0
DA:142,0
DA:143,0
DA:144,0
DA:147,0
DA:150,0
DA:154,0
DA:158,1
DA:165,1
DA:166,1
DA:167,1
DA:168,1
DA:169,1
DA:171,0
DA:172,0
DA:174,1
DA:178,21
DA:179,21
DA:181,21
DA:182,3
DA:192,18
DA:212,2
DA:216,6
DA:225,0
DA:230,0
DA:236,4
DA:238,2
DA:241,2
DA:242,2
DA:259,6
DA:270,2
DA:274,2
DA:283,0
DA:288,0
DA:294,4
DA:296,2
DA:299,2
DA:300,2
DA:317,2
DA:320,2
DA:343,0
DA:350,3
DA:355,1
DA:388,3
DA:389,0
DA:396,3
DA:397,3
DA:399,3
DA:409,0
DA:413,0
DA:420,0
DA:427,0
DA:441,0
DA:453,0
DA:455,0
DA:456,0
DA:458,0
DA:459,0
DA:466,0
DA:469,0
DA:475,0
DA:494,0
DA:501,0
DA:504,0
DA:505,0
DA:513,1
LF:117
LH:69
BRDA:54,0,0,0
BRDA:54,0,1,3
BRDA:70,1,0,0
BRDA:70,1,1,0
BRDA:72,2,0,0
BRDA:72,2,1,0
BRDA:82,3,0,0
BRDA:82,3,1,0
BRDA:91,4,0,3
BRDA:91,4,1,0
BRDA:92,5,0,3
BRDA:92,5,1,0
BRDA:107,6,0,0
BRDA:107,6,1,0
BRDA:115,7,0,0
BRDA:115,7,1,2
BRDA:115,8,0,2
BRDA:115,8,1,2
BRDA:122,9,0,1
BRDA:122,9,1,1
BRDA:122,10,0,2
BRDA:122,10,1,2
BRDA:122,10,2,2
BRDA:138,11,0,0
BRDA:138,11,1,1
BRDA:181,12,0,3
BRDA:181,12,1,18
BRDA:181,13,0,21
BRDA:181,13,1,4
BRDA:197,14,0,18
BRDA:197,14,1,0
BRDA:198,15,0,18
BRDA:198,15,1,0
BRDA:206,16,0,15
BRDA:206,16,1,3
BRDA:215,17,0,6
BRDA:215,17,1,9
BRDA:255,18,0,15
BRDA:255,18,1,6
BRDA:273,19,0,2
BRDA:273,19,1,13
BRDA:304,20,0,2
BRDA:304,20,1,0
BRDA:313,21,0,15
BRDA:313,21,1,2
BRDA:320,22,0,2
BRDA:320,22,1,0
BRDA:331,23,0,15
BRDA:331,23,1,6
BRDA:331,23,2,13
BRDA:334,24,0,15
BRDA:334,24,1,6
BRDA:348,25,0,3
BRDA:348,25,1,0
BRDA:348,26,0,3
BRDA:348,26,1,3
BRDA:348,26,2,3
BRDA:350,27,0,3
BRDA:350,27,1,0
BRDA:352,28,0,3
BRDA:352,28,1,0
BRDA:353,29,0,3
BRDA:353,29,1,0
BRDA:355,30,0,3
BRDA:355,30,1,3
BRDA:365,31,0,3
BRDA:365,31,1,1
BRDA:370,32,0,1
BRDA:370,32,1,2
BRDA:388,33,0,0
BRDA:388,33,1,3
BRDA:388,34,0,3
BRDA:388,34,1,3
BRDA:397,35,0,3
BRDA:397,35,1,0
BRDA:397,35,2,0
BRDA:397,35,3,0
BRDA:397,35,4,0
BRDA:397,35,5,0
BRDA:402,36,0,3
BRDA:402,36,1,1
BRDA:412,37,0,0
BRDA:412,37,1,0
BRDA:413,38,0,0
BRDA:413,38,1,0
BRDA:425,39,0,0
BRDA:425,39,1,0
BRDA:431,40,0,0
BRDA:431,40,1,0
BRDA:439,41,0,0
BRDA:439,41,1,0
BRDA:445,42,0,0
BRDA:445,42,1,0
BRDA:453,43,0,0
BRDA:453,43,1,0
BRDA:458,44,0,0
BRDA:458,44,1,0
BRDA:458,45,0,0
BRDA:458,45,1,0
BRDA:473,46,0,0
BRDA:473,46,1,0
BRDA:479,47,0,0
BRDA:479,47,1,0
BRDA:481,48,0,0
BRDA:481,48,1,0
BRDA:485,49,0,0
BRDA:485,49,1,0
BRF:107
BRH:54
end_of_record
TN:
SF:app\dashboard.tsx
FN:11,DashboardScreen
FN:21,(anonymous_1)
FN:25,handleLogout
FN:35,loadStats
FN:173,(anonymous_4)
FNF:5
FNH:5
FNDA:6,DashboardScreen
FNDA:3,(anonymous_1)
FNDA:1,handleLogout
FNDA:3,loadStats
FNDA:1,(anonymous_4)
DA:12,6
DA:13,6
DA:14,6
DA:19,6
DA:21,6
DA:22,3
DA:26,1
DA:27,1
DA:28,1
DA:29,1
DA:31,0
DA:36,3
DA:37,3
DA:38,3
DA:39,0
DA:45,0
DA:51,3
DA:57,2
DA:64,1
DA:65,1
DA:66,1
DA:67,1
DA:70,3
DA:74,6
DA:173,1
DA:190,1
LF:26
LH:23
BRDA:38,0,0,0
BRDA:38,0,1,3
BRDA:58,1,0,2
BRDA:58,1,1,1
BRDA:59,2,0,2
BRDA:59,2,1,1
BRDA:60,3,0,2
BRDA:60,3,1,1
BRDA:65,4,0,1
BRDA:65,4,1,0
BRDA:93,5,0,3
BRDA:93,5,1,3
BRF:12
BRH:10
end_of_record
TN:
SF:app\(auth)\login.tsx
FN:11,LoginScreen
FN:18,(anonymous_1)
FN:22,checkAuthentication
FN:36,handleOfflineLogin
FN:85,handleLogin
FN:198,(anonymous_5)
FNF:6
FNH:4
FNDA:12,LoginScreen
FNDA:4,(anonymous_1)
FNDA:4,checkAuthentication
FNDA:0,handleOfflineLogin
FNDA:2,handleLogin
FNDA:0,(anonymous_5)
DA:12,12
DA:13,12
DA:14,12
DA:15,12
DA:16,12
DA:18,12
DA:19,4
DA:23,4
DA:24,4
DA:25,4
DA:26,1
DA:27,1
DA:30,0
DA:32,4
DA:37,0
DA:38,0
DA:39,0
DA:40,0
DA:44,0
DA:45,0
DA:49,0
DA:50,0
DA:51,0
DA:54,0
DA:57,0
DA:59,0
DA:60,0
DA:61,0
DA:66,0
DA:67,0
DA:74,0
DA:75,0
DA:76,0
DA:79,0
DA:80,0
DA:81,0
DA:86,2
DA:87,1
DA:88,1
DA:91,1
DA:92,1
DA:93,1
DA:96,1
DA:97,0
DA:98,0
DA:99,0
DA:103,1
DA:106,1
DA:107,1
DA:109,1
DA:110,1
DA:113,1
DA:114,1
DA:117,0
DA:118,0
DA:121,0
DA:122,0
DA:123,0
DA:125,0
DA:126,0
DA:129,1
DA:133,12
DA:134,4
DA:141,8
DA:198,0
DA:233,1
LF:66
LH:32
BRDA:25,0,0,1
BRDA:25,0,1,3
BRDA:38,1,0,0
BRDA:38,1,1,0
BRDA:49,2,0,0
BRDA:49,2,1,0
BRDA:59,3,0,0
BRDA:59,3,1,0
BRDA:86,4,0,1
BRDA:86,4,1,1
BRDA:86,5,0,2
BRDA:86,5,1,1
BRDA:96,6,0,0
BRDA:96,6,1,1
BRDA:106,7,0,1
BRDA:106,7,1,0
BRDA:109,8,0,1
BRDA:109,8,1,0
BRDA:118,9,0,0
BRDA:118,9,1,0
BRDA:121,10,0,0
BRDA:121,10,1,0
BRDA:125,11,0,0
BRDA:125,11,1,0
BRDA:133,12,0,4
BRDA:133,12,1,8
BRDA:143,13,0,8
BRDA:143,13,1,0
BRDA:202,14,0,0
BRDA:202,14,1,8
BRDA:212,15,0,8
BRDA:212,15,1,1
BRDA:218,16,0,1
BRDA:218,16,1,7
BRF:34
BRH:17
end_of_record
TN:
SF:assets\images\android-icon-foreground.png
FNF:0
FNH:0
DA:1,1
LF:1
LH:1
BRF:0
BRH:0
end_of_record
TN:
SF:src\components\Header.tsx
FN:11,Header
FNF:1
FNH:1
FNDA:27,Header
DA:12,27
DA:13,27
DA:15,27
DA:33,3
LF:4
LH:4
BRDA:26,0,0,27
BRDA:26,0,1,25
BRF:2
BRH:2
end_of_record
TN:
SF:src\components\ScaleCircle.tsx
FN:15,ScaleCircle
FN:20,(anonymous_1)
FN:27,(anonymous_2)
FN:28,(anonymous_3)
FN:35,(anonymous_4)
FN:61,(anonymous_5)
FN:62,(anonymous_6)
FNF:7
FNH:7
FNDA:3,ScaleCircle
FNDA:30,(anonymous_1)
FNDA:3,(anonymous_2)
FNDA:15,(anonymous_3)
FNDA:1,(anonymous_4)
FNDA:3,(anonymous_5)
FNDA:15,(anonymous_6)
DA:9,2
DA:10,2
DA:11,2
DA:12,2
DA:13,2
DA:16,3
DA:17,3
DA:20,3
DA:21,30
DA:22,30
DA:23,30
DA:24,30
DA:27,3
DA:28,3
DA:29,15
DA:30,15
DA:32,15
DA:35,1
DA:61,3
DA:62,3
DA:63,15
DA:64,15
DA:65,15
DA:66,15
DA:67,15
DA:68,15
DA:70,15
DA:94,3
DA:126,2
LF:29
LH:29
BRDA:42,0,0,15
BRDA:42,0,1,1
BRDA:46,1,0,15
BRDA:46,1,1,1
BRDA:50,2,0,15
BRDA:50,2,1,1
BRDA:116,3,0,3
BRDA:116,3,1,1
BRF:8
BRH:8
end_of_record
TN:
SF:src\context\MenuContext.tsx
FN:12,MenuProvider
FN:15,(anonymous_1)
FN:16,(anonymous_2)
FN:17,(anonymous_3)
FN:17,(anonymous_4)
FN:26,useMenu
FNF:6
FNH:0
FNDA:0,MenuProvider
FNDA:0,(anonymous_1)
FNDA:0,(anonymous_2)
FNDA:0,(anonymous_3)
FNDA:0,(anonymous_4)
FNDA:0,useMenu
DA:10,1
DA:13,0
DA:15,0
DA:16,0
DA:17,0
DA:19,0
DA:27,0
DA:28,0
DA:29,0
DA:31,0
LF:10
LH:1
BRDA:28,0,0,0
BRDA:28,0,1,0
BRF:2
BRH:0
end_of_record
TN:
SF:src\database\schema.ts
FNF:0
FNH:0
DA:3,1
LF:1
LH:1
BRF:0
BRH:0
end_of_record
TN:
SF:src\database\sync.ts
FN:8,syncData
FN:22,(anonymous_1)
FN:40,(anonymous_2)
FNF:3
FNH:3
FNDA:4,syncData
FNDA:1,(anonymous_1)
FNDA:1,(anonymous_2)
DA:6,1
DA:10,4
DA:11,0
DA:14,4
DA:15,4
DA:17,4
DA:19,4
DA:23,1
DA:24,1
DA:26,1
DA:31,1
DA:33,1
DA:35,1
DA:36,1
DA:41,1
DA:42,1
DA:45,1
DA:47,1
DA:56,1
DA:57,0
DA:60,1
DA:67,3
DA:68,3
DA:70,1
DA:71,1
LF:25
LH:23
BRDA:6,0,0,1
BRDA:6,0,1,1
BRDA:10,1,0,0
BRDA:10,1,1,4
BRDA:17,2,0,1
BRDA:17,2,1,3
BRDA:23,3,0,0
BRDA:23,3,1,1
BRDA:24,4,0,1
BRDA:24,4,1,1
BRDA:31,5,0,0
BRDA:31,5,1,1
BRDA:35,6,0,0
BRDA:35,6,1,1
BRDA:41,7,0,0
BRDA:41,7,1,1
BRDA:42,8,0,1
BRDA:42,8,1,0
BRDA:56,9,0,0
BRDA:56,9,1,1
BRDA:60,10,0,0
BRDA:60,10,1,1
BRDA:67,11,0,1
BRDA:67,11,1,2
BRF:24
BRH:16
end_of_record
