<?xml version="1.0" encoding="UTF-8"?>
<coverage generated="1779465203298" clover="3.2.0">
  <project timestamp="1779465203299" name="All files">
    <metrics statements="187" coveredstatements="164" conditionals="107" coveredconditionals="81" methods="64" coveredmethods="54" elements="358" coveredelements="299" complexity="0" loc="187" ncloc="187" packages="8" files="13" classes="13"/>
    <package name="assets">
      <metrics statements="0" coveredstatements="0" conditionals="0" coveredconditionals="0" methods="0" coveredmethods="0"/>
      <file name="ppgeaa_ia.png" path="C:\Users\bi_nh\Downloads\LANTRO\app-antropoindicadores-v2\web\src\assets\ppgeaa_ia.png">
        <metrics statements="0" coveredstatements="0" conditionals="0" coveredconditionals="0" methods="0" coveredmethods="0"/>
      </file>
    </package>
    <package name="components.AdminRoute">
      <metrics statements="8" coveredstatements="8" conditionals="4" coveredconditionals="4" methods="1" coveredmethods="1"/>
      <file name="index.tsx" path="C:\Users\bi_nh\Downloads\LANTRO\app-antropoindicadores-v2\web\src\components\AdminRoute\index.tsx">
        <metrics statements="8" coveredstatements="8" conditionals="4" coveredconditionals="4" methods="1" coveredmethods="1"/>
        <line num="12" count="3" type="stmt"/>
        <line num="14" count="3" type="cond" truecount="2" falsecount="0"/>
        <line num="15" count="1" type="stmt"/>
        <line num="18" count="2" type="stmt"/>
        <line num="22" count="2" type="cond" truecount="2" falsecount="0"/>
        <line num="23" count="1" type="stmt"/>
        <line num="24" count="1" type="stmt"/>
        <line num="28" count="1" type="stmt"/>
      </file>
    </package>
    <package name="components.Layout">
      <metrics statements="16" coveredstatements="13" conditionals="10" coveredconditionals="7" methods="5" coveredmethods="3"/>
      <file name="index.tsx" path="C:\Users\bi_nh\Downloads\LANTRO\app-antropoindicadores-v2\web\src\components\Layout\index.tsx">
        <metrics statements="16" coveredstatements="13" conditionals="10" coveredconditionals="7" methods="5" coveredmethods="3"/>
        <line num="8" count="4" type="stmt"/>
        <line num="10" count="4" type="stmt"/>
        <line num="12" count="4" type="stmt"/>
        <line num="13" count="3" type="stmt"/>
        <line num="14" count="3" type="cond" truecount="1" falsecount="1"/>
        <line num="15" count="3" type="stmt"/>
        <line num="16" count="3" type="stmt"/>
        <line num="18" count="3" type="cond" truecount="2" falsecount="0"/>
        <line num="19" count="1" type="stmt"/>
        <line num="22" count="0" type="stmt"/>
        <line num="28" count="1" type="stmt"/>
        <line num="29" count="1" type="stmt"/>
        <line num="33" count="4" type="stmt"/>
        <line num="36" count="0" type="stmt"/>
        <line num="41" count="0" type="stmt"/>
        <line num="44" count="4" type="stmt"/>
      </file>
      <file name="styles.css" path="C:\Users\bi_nh\Downloads\LANTRO\app-antropoindicadores-v2\web\src\components\Layout\styles.css">
        <metrics statements="0" coveredstatements="0" conditionals="0" coveredconditionals="0" methods="0" coveredmethods="0"/>
      </file>
    </package>
    <package name="pages.Collection">
      <metrics statements="48" coveredstatements="41" conditionals="31" coveredconditionals="26" methods="23" coveredmethods="19"/>
      <file name="index.tsx" path="C:\Users\bi_nh\Downloads\LANTRO\app-antropoindicadores-v2\web\src\pages\Collection\index.tsx">
        <metrics statements="48" coveredstatements="41" conditionals="31" coveredconditionals="26" methods="23" coveredmethods="19"/>
        <line num="10" count="14" type="stmt"/>
        <line num="11" count="14" type="stmt"/>
        <line num="14" count="14" type="stmt"/>
        <line num="15" count="14" type="stmt"/>
        <line num="18" count="14" type="stmt"/>
        <line num="19" count="14" type="stmt"/>
        <line num="22" count="14" type="stmt"/>
        <line num="24" count="14" type="stmt"/>
        <line num="25" count="3" type="stmt"/>
        <line num="29" count="3" type="stmt"/>
        <line num="30" count="3" type="stmt"/>
        <line num="34" count="3" type="stmt"/>
        <line num="36" count="6" type="stmt"/>
        <line num="38" count="0" type="stmt"/>
        <line num="43" count="2" type="cond" truecount="4" falsecount="0"/>
        <line num="44" count="1" type="stmt"/>
        <line num="46" count="1" type="stmt"/>
        <line num="47" count="1" type="stmt"/>
        <line num="48" count="1" type="stmt"/>
        <line num="53" count="3" type="stmt"/>
        <line num="57" count="1" type="stmt"/>
        <line num="58" count="1" type="cond" truecount="1" falsecount="1"/>
        <line num="60" count="1" type="stmt"/>
        <line num="61" count="1" type="stmt"/>
        <line num="62" count="1" type="stmt"/>
        <line num="68" count="1" type="stmt"/>
        <line num="69" count="1" type="stmt"/>
        <line num="72" count="1" type="stmt"/>
        <line num="73" count="1" type="stmt"/>
        <line num="75" count="0" type="stmt"/>
        <line num="76" count="0" type="stmt"/>
        <line num="78" count="1" type="stmt"/>
        <line num="83" count="14" type="stmt"/>
        <line num="85" count="14" type="stmt"/>
        <line num="101" count="1" type="stmt"/>
        <line num="105" count="12" type="stmt"/>
        <line num="116" count="1" type="stmt"/>
        <line num="120" count="6" type="stmt"/>
        <line num="140" count="0" type="stmt"/>
        <line num="150" count="20" type="stmt"/>
        <line num="161" count="1" type="stmt"/>
        <line num="171" count="0" type="stmt"/>
        <line num="180" count="1" type="stmt"/>
        <line num="183" count="0" type="stmt"/>
        <line num="191" count="1" type="stmt"/>
        <line num="197" count="10" type="stmt"/>
        <line num="206" count="25" type="stmt"/>
        <line num="212" count="0" type="stmt"/>
      </file>
      <file name="styles.css" path="C:\Users\bi_nh\Downloads\LANTRO\app-antropoindicadores-v2\web\src\pages\Collection\styles.css">
        <metrics statements="0" coveredstatements="0" conditionals="0" coveredconditionals="0" methods="0" coveredmethods="0"/>
      </file>
    </package>
    <package name="pages.Dashboard">
      <metrics statements="25" coveredstatements="25" conditionals="12" coveredconditionals="10" methods="7" coveredmethods="7"/>
      <file name="index.tsx" path="C:\Users\bi_nh\Downloads\LANTRO\app-antropoindicadores-v2\web\src\pages\Dashboard\index.tsx">
        <metrics statements="25" coveredstatements="25" conditionals="12" coveredconditionals="10" methods="7" coveredmethods="7"/>
        <line num="14" count="5" type="stmt"/>
        <line num="15" count="5" type="stmt"/>
        <line num="16" count="5" type="stmt"/>
        <line num="17" count="5" type="stmt"/>
        <line num="19" count="5" type="stmt"/>
        <line num="20" count="3" type="stmt"/>
        <line num="24" count="3" type="stmt"/>
        <line num="25" count="3" type="stmt"/>
        <line num="31" count="1" type="stmt"/>
        <line num="33" count="1" type="stmt"/>
        <line num="39" count="1" type="stmt"/>
        <line num="42" count="1" type="stmt"/>
        <line num="43" count="1" type="stmt"/>
        <line num="44" count="2" type="cond" truecount="1" falsecount="1"/>
        <line num="45" count="2" type="cond" truecount="2" falsecount="0"/>
        <line num="48" count="2" type="stmt"/>
        <line num="53" count="1" type="stmt"/>
        <line num="56" count="1" type="stmt"/>
        <line num="58" count="2" type="stmt"/>
        <line num="63" count="2" type="stmt"/>
        <line num="64" count="2" type="stmt"/>
        <line num="67" count="5" type="cond" truecount="2" falsecount="0"/>
        <line num="68" count="3" type="stmt"/>
        <line num="71" count="2" type="stmt"/>
        <line num="147" count="2" type="stmt"/>
      </file>
      <file name="styles.css" path="C:\Users\bi_nh\Downloads\LANTRO\app-antropoindicadores-v2\web\src\pages\Dashboard\styles.css">
        <metrics statements="0" coveredstatements="0" conditionals="0" coveredconditionals="0" methods="0" coveredmethods="0"/>
      </file>
    </package>
    <package name="pages.Login">
      <metrics statements="24" coveredstatements="22" conditionals="12" coveredconditionals="8" methods="5" coveredmethods="4"/>
      <file name="index.tsx" path="C:\Users\bi_nh\Downloads\LANTRO\app-antropoindicadores-v2\web\src\pages\Login\index.tsx">
        <metrics statements="24" coveredstatements="22" conditionals="12" coveredconditionals="8" methods="5" coveredmethods="4"/>
        <line num="9" count="13" type="stmt"/>
        <line num="10" count="13" type="stmt"/>
        <line num="13" count="13" type="stmt"/>
        <line num="15" count="13" type="stmt"/>
        <line num="16" count="13" type="stmt"/>
        <line num="17" count="13" type="stmt"/>
        <line num="20" count="2" type="stmt"/>
        <line num="21" count="2" type="stmt"/>
        <line num="22" count="2" type="stmt"/>
        <line num="24" count="2" type="stmt"/>
        <line num="25" count="2" type="stmt"/>
        <line num="30" count="1" type="stmt"/>
        <line num="32" count="1" type="stmt"/>
        <line num="33" count="1" type="stmt"/>
        <line num="35" count="1" type="stmt"/>
        <line num="38" count="1" type="stmt"/>
        <line num="39" count="1" type="cond" truecount="1" falsecount="1"/>
        <line num="40" count="1" type="stmt"/>
        <line num="42" count="0" type="stmt"/>
        <line num="45" count="2" type="stmt"/>
        <line num="49" count="13" type="stmt"/>
        <line num="70" count="3" type="stmt"/>
        <line num="84" count="3" type="stmt"/>
        <line num="93" count="0" type="stmt"/>
      </file>
      <file name="styles.css" path="C:\Users\bi_nh\Downloads\LANTRO\app-antropoindicadores-v2\web\src\pages\Login\styles.css">
        <metrics statements="0" coveredstatements="0" conditionals="0" coveredconditionals="0" methods="0" coveredmethods="0"/>
      </file>
    </package>
    <package name="pages.Surveys">
      <metrics statements="60" coveredstatements="53" conditionals="36" coveredconditionals="26" methods="22" coveredmethods="20"/>
      <file name="SurveyBuilder.tsx" path="C:\Users\bi_nh\Downloads\LANTRO\app-antropoindicadores-v2\web\src\pages\Surveys\SurveyBuilder.tsx">
        <metrics statements="60" coveredstatements="53" conditionals="36" coveredconditionals="26" methods="22" coveredmethods="20"/>
        <line num="25" count="20" type="stmt"/>
        <line num="26" count="20" type="stmt"/>
        <line num="27" count="20" type="stmt"/>
        <line num="32" count="20" type="stmt"/>
        <line num="35" count="20" type="stmt"/>
        <line num="36" count="20" type="stmt"/>
        <line num="39" count="20" type="stmt"/>
        <line num="40" count="5" type="stmt"/>
        <line num="44" count="8" type="stmt"/>
        <line num="45" count="8" type="stmt"/>
        <line num="46" count="8" type="stmt"/>
        <line num="48" count="0" type="stmt"/>
        <line num="53" count="1" type="stmt"/>
        <line num="54" count="1" type="stmt"/>
        <line num="58" count="2" type="stmt"/>
        <line num="62" count="1" type="stmt"/>
        <line num="63" count="1" type="cond" truecount="1" falsecount="1"/>
        <line num="69" count="1" type="stmt"/>
        <line num="70" count="1" type="stmt"/>
        <line num="71" count="1" type="stmt"/>
        <line num="72" count="1" type="cond" truecount="1" falsecount="1"/>
        <line num="73" count="1" type="stmt"/>
        <line num="78" count="2" type="stmt"/>
        <line num="79" count="2" type="stmt"/>
        <line num="80" count="2" type="stmt"/>
        <line num="81" count="2" type="stmt"/>
        <line num="86" count="2" type="cond" truecount="1" falsecount="1"/>
        <line num="88" count="2" type="stmt"/>
        <line num="89" count="2" type="stmt"/>
        <line num="90" count="2" type="stmt"/>
        <line num="97" count="2" type="cond" truecount="2" falsecount="0"/>
        <line num="99" count="1" type="stmt"/>
        <line num="100" count="1" type="stmt"/>
        <line num="103" count="1" type="stmt"/>
        <line num="104" count="1" type="stmt"/>
        <line num="107" count="2" type="stmt"/>
        <line num="108" count="2" type="stmt"/>
        <line num="110" count="0" type="stmt"/>
        <line num="111" count="0" type="stmt"/>
        <line num="113" count="2" type="stmt"/>
        <line num="120" count="1" type="stmt"/>
        <line num="122" count="1" type="cond" truecount="1" falsecount="1"/>
        <line num="123" count="1" type="stmt"/>
        <line num="125" count="1" type="cond" truecount="1" falsecount="1"/>
        <line num="126" count="1" type="stmt"/>
        <line num="127" count="1" type="stmt"/>
        <line num="128" count="1" type="stmt"/>
        <line num="130" count="0" type="stmt"/>
        <line num="131" count="0" type="stmt"/>
        <line num="136" count="20" type="stmt"/>
        <line num="157" count="2" type="stmt"/>
        <line num="165" count="1" type="stmt"/>
        <line num="174" count="21" type="stmt"/>
        <line num="177" count="1" type="stmt"/>
        <line num="188" count="1" type="stmt"/>
        <line num="198" count="0" type="stmt"/>
        <line num="215" count="0" type="stmt"/>
        <line num="236" count="16" type="stmt"/>
        <line num="239" count="1" type="stmt"/>
        <line num="262" count="1" type="stmt"/>
      </file>
      <file name="styles.css" path="C:\Users\bi_nh\Downloads\LANTRO\app-antropoindicadores-v2\web\src\pages\Surveys\styles.css">
        <metrics statements="0" coveredstatements="0" conditionals="0" coveredconditionals="0" methods="0" coveredmethods="0"/>
      </file>
    </package>
    <package name="services">
      <metrics statements="6" coveredstatements="2" conditionals="2" coveredconditionals="0" methods="1" coveredmethods="0"/>
      <file name="api.ts" path="C:\Users\bi_nh\Downloads\LANTRO\app-antropoindicadores-v2\web\src\services\api.ts">
        <metrics statements="6" coveredstatements="2" conditionals="2" coveredconditionals="0" methods="1" coveredmethods="0"/>
        <line num="3" count="3" type="stmt"/>
        <line num="8" count="3" type="stmt"/>
        <line num="9" count="0" type="stmt"/>
        <line num="10" count="0" type="cond" truecount="0" falsecount="2"/>
        <line num="11" count="0" type="stmt"/>
        <line num="13" count="0" type="stmt"/>
      </file>
    </package>
  </project>
</coverage>
