{"C:\\Users\\bi_nh\\Downloads\\LANTRO\\app-antropoindicadores-v2\\web\\src\\assets\\ppgeaa_ia.png": {"path":"C:\\Users\\bi_nh\\Downloads\\LANTRO\\app-antropoindicadores-v2\\web\\src\\assets\\ppgeaa_ia.png","statementMap":{},"fnMap":{},"branchMap":{},"s":{},"f":{},"b":{},"meta":{"lastBranch":0,"lastFunction":0,"lastStatement":0,"seen":{}}}
,"C:\\Users\\bi_nh\\Downloads\\LANTRO\\app-antropoindicadores-v2\\web\\src\\components\\AdminRoute\\index.tsx": {"path":"C:\\Users\\bi_nh\\Downloads\\LANTRO\\app-antropoindicadores-v2\\web\\src\\components\\AdminRoute\\index.tsx","statementMap":{"0":{"start":{"line":12,"column":22},"end":{"line":12,"column":null}},"1":{"start":{"line":14,"column":2},"end":{"line":16,"column":null}},"2":{"start":{"line":15,"column":4},"end":{"line":15,"column":null}},"3":{"start":{"line":18,"column":15},"end":{"line":18,"column":null}},"4":{"start":{"line":22,"column":2},"end":{"line":25,"column":null}},"5":{"start":{"line":23,"column":4},"end":{"line":23,"column":null}},"6":{"start":{"line":24,"column":4},"end":{"line":24,"column":null}},"7":{"start":{"line":28,"column":2},"end":{"line":28,"column":null}}},"fnMap":{"0":{"name":"AdminRoute","decl":{"start":{"line":8,"column":16},"end":{"line":8,"column":27}},"loc":{"start":{"line":8,"column":58},"end":{"line":29,"column":null}},"line":8}},"branchMap":{"0":{"loc":{"start":{"line":14,"column":2},"end":{"line":16,"column":null}},"type":"if","locations":[{"start":{"line":14,"column":2},"end":{"line":16,"column":null}},{"start":{},"end":{}}],"line":14},"1":{"loc":{"start":{"line":22,"column":2},"end":{"line":25,"column":null}},"type":"if","locations":[{"start":{"line":22,"column":2},"end":{"line":25,"column":null}},{"start":{},"end":{}}],"line":22}},"s":{"0":3,"1":3,"2":1,"3":2,"4":2,"5":1,"6":1,"7":1},"f":{"0":3},"b":{"0":[1,2],"1":[1,1]},"meta":{"lastBranch":2,"lastFunction":1,"lastStatement":8,"seen":{"f:8:16:8:27":0,"s:12:22:12:Infinity":0,"b:14:2:16:Infinity:undefined:undefined:undefined:undefined":0,"s:14:2:16:Infinity":1,"s:15:4:15:Infinity":2,"s:18:15:18:Infinity":3,"b:22:2:25:Infinity:undefined:undefined:undefined:undefined":1,"s:22:2:25:Infinity":4,"s:23:4:23:Infinity":5,"s:24:4:24:Infinity":6,"s:28:2:28:Infinity":7}}}
,"C:\\Users\\bi_nh\\Downloads\\LANTRO\\app-antropoindicadores-v2\\web\\src\\components\\Layout\\index.tsx": {"path":"C:\\Users\\bi_nh\\Downloads\\LANTRO\\app-antropoindicadores-v2\\web\\src\\components\\Layout\\index.tsx","statementMap":{"0":{"start":{"line":8,"column":8},"end":{"line":8,"column":null}},"1":{"start":{"line":10,"column":28},"end":{"line":10,"column":null}},"2":{"start":{"line":12,"column":2},"end":{"line":25,"column":null}},"3":{"start":{"line":13,"column":24},"end":{"line":13,"column":null}},"4":{"start":{"line":14,"column":4},"end":{"line":24,"column":null}},"5":{"start":{"line":15,"column":6},"end":{"line":23,"column":null}},"6":{"start":{"line":16,"column":21},"end":{"line":16,"column":null}},"7":{"start":{"line":18,"column":8},"end":{"line":20,"column":null}},"8":{"start":{"line":19,"column":10},"end":{"line":19,"column":null}},"9":{"start":{"line":22,"column":8},"end":{"line":22,"column":null}},"10":{"start":{"line":28,"column":4},"end":{"line":28,"column":null}},"11":{"start":{"line":29,"column":4},"end":{"line":29,"column":null}},"12":{"start":{"line":33,"column":40},"end":{"line":33,"column":null}},"13":{"start":{"line":36,"column":4},"end":{"line":36,"column":null}},"14":{"start":{"line":41,"column":4},"end":{"line":41,"column":null}},"15":{"start":{"line":44,"column":2},"end":{"line":121,"column":null}}},"fnMap":{"0":{"name":"DashboardLayout","decl":{"start":{"line":7,"column":16},"end":{"line":7,"column":34}},"loc":{"start":{"line":7,"column":34},"end":{"line":123,"column":null}},"line":7},"1":{"name":"(anonymous_1)","decl":{"start":{"line":12,"column":12},"end":{"line":12,"column":18}},"loc":{"start":{"line":12,"column":18},"end":{"line":25,"column":5}},"line":12},"2":{"name":"handleLogout","decl":{"start":{"line":27,"column":11},"end":{"line":27,"column":26}},"loc":{"start":{"line":27,"column":26},"end":{"line":30,"column":null}},"line":27},"3":{"name":"toggleSidebar","decl":{"start":{"line":35,"column":11},"end":{"line":35,"column":27}},"loc":{"start":{"line":35,"column":27},"end":{"line":37,"column":null}},"line":35},"4":{"name":"closeSidebar","decl":{"start":{"line":40,"column":11},"end":{"line":40,"column":26}},"loc":{"start":{"line":40,"column":26},"end":{"line":42,"column":null}},"line":40}},"branchMap":{"0":{"loc":{"start":{"line":14,"column":4},"end":{"line":24,"column":null}},"type":"if","locations":[{"start":{"line":14,"column":4},"end":{"line":24,"column":null}},{"start":{},"end":{}}],"line":14},"1":{"loc":{"start":{"line":18,"column":8},"end":{"line":20,"column":null}},"type":"if","locations":[{"start":{"line":18,"column":8},"end":{"line":20,"column":null}},{"start":{},"end":{}}],"line":18},"2":{"loc":{"start":{"line":57,"column":7},"end":{"line":58,"column":null}},"type":"binary-expr","locations":[{"start":{"line":57,"column":7},"end":{"line":57,"column":null}},{"start":{"line":58,"column":8},"end":{"line":58,"column":null}}],"line":57},"3":{"loc":{"start":{"line":62,"column":35},"end":{"line":62,"column":62}},"type":"cond-expr","locations":[{"start":{"line":62,"column":51},"end":{"line":62,"column":60}},{"start":{"line":62,"column":60},"end":{"line":62,"column":62}}],"line":62},"4":{"loc":{"start":{"line":96,"column":11},"end":{"line":107,"column":null}},"type":"binary-expr","locations":[{"start":{"line":96,"column":11},"end":{"line":96,"column":null}},{"start":{"line":97,"column":12},"end":{"line":107,"column":null}}],"line":96}},"s":{"0":4,"1":4,"2":4,"3":3,"4":3,"5":3,"6":3,"7":3,"8":1,"9":0,"10":1,"11":1,"12":4,"13":0,"14":0,"15":4},"f":{"0":4,"1":3,"2":1,"3":0,"4":0},"b":{"0":[3,0],"1":[1,2],"2":[4,0],"3":[0,4],"4":[4,1]},"meta":{"lastBranch":5,"lastFunction":5,"lastStatement":16,"seen":{"f:7:16:7:34":0,"s:8:8:8:Infinity":0,"s:10:28:10:Infinity":1,"s:12:2:25:Infinity":2,"f:12:12:12:18":1,"s:13:24:13:Infinity":3,"b:14:4:24:Infinity:undefined:undefined:undefined:undefined":0,"s:14:4:24:Infinity":4,"s:15:6:23:Infinity":5,"s:16:21:16:Infinity":6,"b:18:8:20:Infinity:undefined:undefined:undefined:undefined":1,"s:18:8:20:Infinity":7,"s:19:10:19:Infinity":8,"s:22:8:22:Infinity":9,"f:27:11:27:26":2,"s:28:4:28:Infinity":10,"s:29:4:29:Infinity":11,"s:33:40:33:Infinity":12,"f:35:11:35:27":3,"s:36:4:36:Infinity":13,"f:40:11:40:26":4,"s:41:4:41:Infinity":14,"s:44:2:121:Infinity":15,"b:57:7:57:Infinity:58:8:58:Infinity":2,"b:62:51:62:60:62:60:62:62":3,"b:96:11:96:Infinity:97:12:107:Infinity":4}}}
,"C:\\Users\\bi_nh\\Downloads\\LANTRO\\app-antropoindicadores-v2\\web\\src\\components\\Layout\\styles.css": {"path":"C:\\Users\\bi_nh\\Downloads\\LANTRO\\app-antropoindicadores-v2\\web\\src\\components\\Layout\\styles.css","statementMap":{},"fnMap":{},"branchMap":{},"s":{},"f":{},"b":{},"meta":{"lastBranch":0,"lastFunction":0,"lastStatement":0,"seen":{}}}
,"C:\\Users\\bi_nh\\Downloads\\LANTRO\\app-antropoindicadores-v2\\web\\src\\pages\\Collection\\index.tsx": {"path":"C:\\Users\\bi_nh\\Downloads\\LANTRO\\app-antropoindicadores-v2\\web\\src\\pages\\Collection\\index.tsx","statementMap":{"0":{"start":{"line":10,"column":22},"end":{"line":10,"column":null}},"1":{"start":{"line":11,"column":28},"end":{"line":11,"column":null}},"2":{"start":{"line":14,"column":32},"end":{"line":14,"column":null}},"3":{"start":{"line":15,"column":28},"end":{"line":15,"column":null}},"4":{"start":{"line":18,"column":50},"end":{"line":18,"column":null}},"5":{"start":{"line":19,"column":46},"end":{"line":19,"column":null}},"6":{"start":{"line":22,"column":28},"end":{"line":22,"column":null}},"7":{"start":{"line":24,"column":2},"end":{"line":26,"column":null}},"8":{"start":{"line":25,"column":4},"end":{"line":25,"column":null}},"9":{"start":{"line":29,"column":4},"end":{"line":39,"column":null}},"10":{"start":{"line":30,"column":31},"end":{"line":33,"column":null}},"11":{"start":{"line":34,"column":6},"end":{"line":34,"column":null}},"12":{"start":{"line":36,"column":6},"end":{"line":36,"column":null}},"13":{"start":{"line":36,"column":51},"end":{"line":36,"column":62}},"14":{"start":{"line":38,"column":6},"end":{"line":38,"column":null}},"15":{"start":{"line":43,"column":4},"end":{"line":45,"column":null}},"16":{"start":{"line":44,"column":6},"end":{"line":44,"column":null}},"17":{"start":{"line":46,"column":4},"end":{"line":46,"column":null}},"18":{"start":{"line":47,"column":4},"end":{"line":47,"column":null}},"19":{"start":{"line":48,"column":4},"end":{"line":48,"column":null}},"20":{"start":{"line":53,"column":4},"end":{"line":53,"column":null}},"21":{"start":{"line":53,"column":24},"end":{"line":53,"column":57}},"22":{"start":{"line":57,"column":4},"end":{"line":57,"column":null}},"23":{"start":{"line":58,"column":4},"end":{"line":58,"column":null}},"24":{"start":{"line":58,"column":54},"end":{"line":58,"column":null}},"25":{"start":{"line":60,"column":4},"end":{"line":60,"column":null}},"26":{"start":{"line":61,"column":4},"end":{"line":79,"column":null}},"27":{"start":{"line":62,"column":22},"end":{"line":66,"column":null}},"28":{"start":{"line":68,"column":6},"end":{"line":68,"column":null}},"29":{"start":{"line":69,"column":6},"end":{"line":69,"column":null}},"30":{"start":{"line":72,"column":6},"end":{"line":72,"column":null}},"31":{"start":{"line":73,"column":6},"end":{"line":73,"column":null}},"32":{"start":{"line":75,"column":6},"end":{"line":75,"column":null}},"33":{"start":{"line":76,"column":6},"end":{"line":76,"column":null}},"34":{"start":{"line":78,"column":6},"end":{"line":78,"column":null}},"35":{"start":{"line":83,"column":23},"end":{"line":83,"column":null}},"36":{"start":{"line":83,"column":41},"end":{"line":83,"column":66}},"37":{"start":{"line":85,"column":2},"end":{"line":238,"column":null}},"38":{"start":{"line":101,"column":31},"end":{"line":101,"column":null}},"39":{"start":{"line":105,"column":18},"end":{"line":105,"column":null}},"40":{"start":{"line":116,"column":31},"end":{"line":116,"column":null}},"41":{"start":{"line":120,"column":18},"end":{"line":120,"column":null}},"42":{"start":{"line":140,"column":49},"end":{"line":140,"column":61}},"43":{"start":{"line":150,"column":12},"end":{"line":225,"column":null}},"44":{"start":{"line":161,"column":33},"end":{"line":161,"column":null}},"45":{"start":{"line":171,"column":33},"end":{"line":171,"column":null}},"46":{"start":{"line":180,"column":68},"end":{"line":180,"column":94}},"47":{"start":{"line":183,"column":68},"end":{"line":183,"column":95}},"48":{"start":{"line":191,"column":33},"end":{"line":191,"column":null}},"49":{"start":{"line":197,"column":20},"end":{"line":197,"column":null}},"50":{"start":{"line":206,"column":20},"end":{"line":221,"column":null}},"51":{"start":{"line":212,"column":40},"end":{"line":212,"column":null}}},"fnMap":{"0":{"name":"Collection","decl":{"start":{"line":9,"column":16},"end":{"line":9,"column":29}},"loc":{"start":{"line":9,"column":29},"end":{"line":240,"column":null}},"line":9},"1":{"name":"(anonymous_1)","decl":{"start":{"line":24,"column":12},"end":{"line":24,"column":18}},"loc":{"start":{"line":24,"column":18},"end":{"line":26,"column":5}},"line":24},"2":{"name":"loadInitialData","decl":{"start":{"line":28,"column":17},"end":{"line":28,"column":35}},"loc":{"start":{"line":28,"column":35},"end":{"line":40,"column":null}},"line":28},"3":{"name":"(anonymous_3)","decl":{"start":{"line":36,"column":36},"end":{"line":36,"column":37}},"loc":{"start":{"line":36,"column":51},"end":{"line":36,"column":62}},"line":36},"4":{"name":"handleStart","decl":{"start":{"line":42,"column":11},"end":{"line":42,"column":25}},"loc":{"start":{"line":42,"column":25},"end":{"line":49,"column":null}},"line":42},"5":{"name":"handleAnswer","decl":{"start":{"line":52,"column":11},"end":{"line":52,"column":24}},"loc":{"start":{"line":52,"column":56},"end":{"line":54,"column":null}},"line":52},"6":{"name":"(anonymous_6)","decl":{"start":{"line":53,"column":15},"end":{"line":53,"column":24}},"loc":{"start":{"line":53,"column":24},"end":{"line":53,"column":57}},"line":53},"7":{"name":"handleSubmitForm","decl":{"start":{"line":56,"column":17},"end":{"line":56,"column":34}},"loc":{"start":{"line":56,"column":54},"end":{"line":80,"column":null}},"line":56},"8":{"name":"(anonymous_8)","decl":{"start":{"line":83,"column":36},"end":{"line":83,"column":41}},"loc":{"start":{"line":83,"column":41},"end":{"line":83,"column":66}},"line":83},"9":{"name":"(anonymous_9)","decl":{"start":{"line":101,"column":26},"end":{"line":101,"column":31}},"loc":{"start":{"line":101,"column":31},"end":{"line":101,"column":null}},"line":101},"10":{"name":"(anonymous_10)","decl":{"start":{"line":104,"column":31},"end":{"line":104,"column":null}},"loc":{"start":{"line":105,"column":18},"end":{"line":105,"column":null}},"line":105},"11":{"name":"(anonymous_11)","decl":{"start":{"line":116,"column":26},"end":{"line":116,"column":31}},"loc":{"start":{"line":116,"column":31},"end":{"line":116,"column":null}},"line":116},"12":{"name":"(anonymous_12)","decl":{"start":{"line":119,"column":29},"end":{"line":119,"column":null}},"loc":{"start":{"line":120,"column":18},"end":{"line":120,"column":null}},"line":120},"13":{"name":"(anonymous_13)","decl":{"start":{"line":140,"column":43},"end":{"line":140,"column":49}},"loc":{"start":{"line":140,"column":49},"end":{"line":140,"column":61}},"line":140},"14":{"name":"(anonymous_14)","decl":{"start":{"line":149,"column":45},"end":{"line":149,"column":46}},"loc":{"start":{"line":150,"column":12},"end":{"line":225,"column":null}},"line":150},"15":{"name":"(anonymous_15)","decl":{"start":{"line":161,"column":28},"end":{"line":161,"column":33}},"loc":{"start":{"line":161,"column":33},"end":{"line":161,"column":null}},"line":161},"16":{"name":"(anonymous_16)","decl":{"start":{"line":171,"column":28},"end":{"line":171,"column":33}},"loc":{"start":{"line":171,"column":33},"end":{"line":171,"column":null}},"line":171},"17":{"name":"(anonymous_17)","decl":{"start":{"line":180,"column":62},"end":{"line":180,"column":68}},"loc":{"start":{"line":180,"column":68},"end":{"line":180,"column":94}},"line":180},"18":{"name":"(anonymous_18)","decl":{"start":{"line":183,"column":62},"end":{"line":183,"column":68}},"loc":{"start":{"line":183,"column":68},"end":{"line":183,"column":95}},"line":183},"19":{"name":"(anonymous_19)","decl":{"start":{"line":191,"column":28},"end":{"line":191,"column":33}},"loc":{"start":{"line":191,"column":33},"end":{"line":191,"column":null}},"line":191},"20":{"name":"(anonymous_20)","decl":{"start":{"line":196,"column":45},"end":{"line":196,"column":46}},"loc":{"start":{"line":197,"column":20},"end":{"line":197,"column":null}},"line":197},"21":{"name":"(anonymous_21)","decl":{"start":{"line":205,"column":39},"end":{"line":205,"column":null}},"loc":{"start":{"line":206,"column":20},"end":{"line":221,"column":null}},"line":206},"22":{"name":"(anonymous_22)","decl":{"start":{"line":212,"column":34},"end":{"line":212,"column":40}},"loc":{"start":{"line":212,"column":40},"end":{"line":212,"column":null}},"line":212}},"branchMap":{"0":{"loc":{"start":{"line":43,"column":4},"end":{"line":45,"column":null}},"type":"if","locations":[{"start":{"line":43,"column":4},"end":{"line":45,"column":null}},{"start":{},"end":{}}],"line":43},"1":{"loc":{"start":{"line":43,"column":8},"end":{"line":43,"column":50}},"type":"binary-expr","locations":[{"start":{"line":43,"column":8},"end":{"line":43,"column":31}},{"start":{"line":43,"column":31},"end":{"line":43,"column":50}}],"line":43},"2":{"loc":{"start":{"line":58,"column":4},"end":{"line":58,"column":null}},"type":"if","locations":[{"start":{"line":58,"column":4},"end":{"line":58,"column":null}},{"start":{},"end":{}}],"line":58},"3":{"loc":{"start":{"line":88,"column":7},"end":{"line":133,"column":null}},"type":"binary-expr","locations":[{"start":{"line":88,"column":7},"end":{"line":88,"column":null}},{"start":{"line":89,"column":8},"end":{"line":133,"column":null}}],"line":88},"4":{"loc":{"start":{"line":137,"column":7},"end":{"line":236,"column":null}},"type":"binary-expr","locations":[{"start":{"line":137,"column":7},"end":{"line":137,"column":21}},{"start":{"line":137,"column":21},"end":{"line":137,"column":null}},{"start":{"line":138,"column":8},"end":{"line":236,"column":null}}],"line":137},"5":{"loc":{"start":{"line":157,"column":15},"end":{"line":164,"column":null}},"type":"binary-expr","locations":[{"start":{"line":157,"column":15},"end":{"line":157,"column":null}},{"start":{"line":158,"column":16},"end":{"line":164,"column":null}}],"line":157},"6":{"loc":{"start":{"line":162,"column":25},"end":{"line":162,"column":null}},"type":"binary-expr","locations":[{"start":{"line":162,"column":25},"end":{"line":162,"column":42}},{"start":{"line":162,"column":42},"end":{"line":162,"column":null}}],"line":162},"7":{"loc":{"start":{"line":167,"column":15},"end":{"line":174,"column":null}},"type":"binary-expr","locations":[{"start":{"line":167,"column":15},"end":{"line":167,"column":null}},{"start":{"line":168,"column":16},"end":{"line":174,"column":null}}],"line":167},"8":{"loc":{"start":{"line":172,"column":25},"end":{"line":172,"column":null}},"type":"binary-expr","locations":[{"start":{"line":172,"column":25},"end":{"line":172,"column":42}},{"start":{"line":172,"column":42},"end":{"line":172,"column":null}}],"line":172},"9":{"loc":{"start":{"line":177,"column":15},"end":{"line":185,"column":null}},"type":"binary-expr","locations":[{"start":{"line":177,"column":15},"end":{"line":177,"column":null}},{"start":{"line":178,"column":16},"end":{"line":185,"column":null}}],"line":177},"10":{"loc":{"start":{"line":188,"column":15},"end":{"line":199,"column":null}},"type":"binary-expr","locations":[{"start":{"line":188,"column":15},"end":{"line":188,"column":null}},{"start":{"line":189,"column":16},"end":{"line":199,"column":null}}],"line":188},"11":{"loc":{"start":{"line":192,"column":25},"end":{"line":192,"column":null}},"type":"binary-expr","locations":[{"start":{"line":192,"column":25},"end":{"line":192,"column":42}},{"start":{"line":192,"column":42},"end":{"line":192,"column":null}}],"line":192},"12":{"loc":{"start":{"line":203,"column":15},"end":{"line":223,"column":null}},"type":"binary-expr","locations":[{"start":{"line":203,"column":15},"end":{"line":203,"column":null}},{"start":{"line":204,"column":16},"end":{"line":223,"column":null}}],"line":203},"13":{"loc":{"start":{"line":217,"column":52},"end":{"line":217,"column":91}},"type":"cond-expr","locations":[{"start":{"line":217,"column":76},"end":{"line":217,"column":89}},{"start":{"line":217,"column":89},"end":{"line":217,"column":91}}],"line":217},"14":{"loc":{"start":{"line":234,"column":32},"end":{"line":234,"column":null}},"type":"cond-expr","locations":[{"start":{"line":234,"column":42},"end":{"line":234,"column":58}},{"start":{"line":234,"column":58},"end":{"line":234,"column":null}}],"line":234}},"s":{"0":14,"1":14,"2":14,"3":14,"4":14,"5":14,"6":14,"7":14,"8":3,"9":3,"10":3,"11":3,"12":3,"13":6,"14":0,"15":2,"16":1,"17":1,"18":1,"19":1,"20":3,"21":3,"22":1,"23":1,"24":0,"25":1,"26":1,"27":1,"28":1,"29":1,"30":1,"31":1,"32":0,"33":0,"34":1,"35":14,"36":11,"37":14,"38":1,"39":12,"40":1,"41":6,"42":0,"43":20,"44":1,"45":0,"46":1,"47":0,"48":1,"49":10,"50":25,"51":0},"f":{"0":14,"1":3,"2":3,"3":6,"4":2,"5":3,"6":3,"7":1,"8":11,"9":1,"10":12,"11":1,"12":6,"13":0,"14":20,"15":1,"16":0,"17":1,"18":0,"19":1,"20":10,"21":25,"22":0},"b":{"0":[1,1],"1":[2,1],"2":[0,1],"3":[14,9],"4":[14,5,5],"5":[20,5],"6":[5,1],"7":[20,0],"8":[0,0],"9":[20,5],"10":[20,5],"11":[5,3],"12":[20,5],"13":[0,25],"14":[1,4]},"meta":{"lastBranch":15,"lastFunction":23,"lastStatement":52,"seen":{"f:9:16:9:29":0,"s:10:22:10:Infinity":0,"s:11:28:11:Infinity":1,"s:14:32:14:Infinity":2,"s:15:28:15:Infinity":3,"s:18:50:18:Infinity":4,"s:19:46:19:Infinity":5,"s:22:28:22:Infinity":6,"s:24:2:26:Infinity":7,"f:24:12:24:18":1,"s:25:4:25:Infinity":8,"f:28:17:28:35":2,"s:29:4:39:Infinity":9,"s:30:31:33:Infinity":10,"s:34:6:34:Infinity":11,"s:36:6:36:Infinity":12,"f:36:36:36:37":3,"s:36:51:36:62":13,"s:38:6:38:Infinity":14,"f:42:11:42:25":4,"b:43:4:45:Infinity:undefined:undefined:undefined:undefined":0,"s:43:4:45:Infinity":15,"b:43:8:43:31:43:31:43:50":1,"s:44:6:44:Infinity":16,"s:46:4:46:Infinity":17,"s:47:4:47:Infinity":18,"s:48:4:48:Infinity":19,"f:52:11:52:24":5,"s:53:4:53:Infinity":20,"f:53:15:53:24":6,"s:53:24:53:57":21,"f:56:17:56:34":7,"s:57:4:57:Infinity":22,"b:58:4:58:Infinity:undefined:undefined:undefined:undefined":2,"s:58:4:58:Infinity":23,"s:58:54:58:Infinity":24,"s:60:4:60:Infinity":25,"s:61:4:79:Infinity":26,"s:62:22:66:Infinity":27,"s:68:6:68:Infinity":28,"s:69:6:69:Infinity":29,"s:72:6:72:Infinity":30,"s:73:6:73:Infinity":31,"s:75:6:75:Infinity":32,"s:76:6:76:Infinity":33,"s:78:6:78:Infinity":34,"s:83:23:83:Infinity":35,"f:83:36:83:41":8,"s:83:41:83:66":36,"s:85:2:238:Infinity":37,"b:88:7:88:Infinity:89:8:133:Infinity":3,"f:101:26:101:31":9,"s:101:31:101:Infinity":38,"f:104:31:104:Infinity":10,"s:105:18:105:Infinity":39,"f:116:26:116:31":11,"s:116:31:116:Infinity":40,"f:119:29:119:Infinity":12,"s:120:18:120:Infinity":41,"b:137:7:137:21:137:21:137:Infinity:138:8:236:Infinity":4,"f:140:43:140:49":13,"s:140:49:140:61":42,"f:149:45:149:46":14,"s:150:12:225:Infinity":43,"b:157:15:157:Infinity:158:16:164:Infinity":5,"f:161:28:161:33":15,"s:161:33:161:Infinity":44,"b:162:25:162:42:162:42:162:Infinity":6,"b:167:15:167:Infinity:168:16:174:Infinity":7,"f:171:28:171:33":16,"s:171:33:171:Infinity":45,"b:172:25:172:42:172:42:172:Infinity":8,"b:177:15:177:Infinity:178:16:185:Infinity":9,"f:180:62:180:68":17,"s:180:68:180:94":46,"f:183:62:183:68":18,"s:183:68:183:95":47,"b:188:15:188:Infinity:189:16:199:Infinity":10,"f:191:28:191:33":19,"s:191:33:191:Infinity":48,"b:192:25:192:42:192:42:192:Infinity":11,"f:196:45:196:46":20,"s:197:20:197:Infinity":49,"b:203:15:203:Infinity:204:16:223:Infinity":12,"f:205:39:205:Infinity":21,"s:206:20:221:Infinity":50,"f:212:34:212:40":22,"s:212:40:212:Infinity":51,"b:217:76:217:89:217:89:217:91":13,"b:234:42:234:58:234:58:234:Infinity":14}}}
,"C:\\Users\\bi_nh\\Downloads\\LANTRO\\app-antropoindicadores-v2\\web\\src\\pages\\Collection\\styles.css": {"path":"C:\\Users\\bi_nh\\Downloads\\LANTRO\\app-antropoindicadores-v2\\web\\src\\pages\\Collection\\styles.css","statementMap":{},"fnMap":{},"branchMap":{},"s":{},"f":{},"b":{},"meta":{"lastBranch":0,"lastFunction":0,"lastStatement":0,"seen":{}}}
,"C:\\Users\\bi_nh\\Downloads\\LANTRO\\app-antropoindicadores-v2\\web\\src\\pages\\Dashboard\\index.tsx": {"path":"C:\\Users\\bi_nh\\Downloads\\LANTRO\\app-antropoindicadores-v2\\web\\src\\pages\\Dashboard\\index.tsx","statementMap":{"0":{"start":{"line":14,"column":24},"end":{"line":14,"column":null}},"1":{"start":{"line":15,"column":44},"end":{"line":15,"column":null}},"2":{"start":{"line":16,"column":32},"end":{"line":16,"column":null}},"3":{"start":{"line":17,"column":28},"end":{"line":17,"column":null}},"4":{"start":{"line":19,"column":2},"end":{"line":21,"column":null}},"5":{"start":{"line":20,"column":4},"end":{"line":20,"column":null}},"6":{"start":{"line":24,"column":4},"end":{"line":59,"column":null}},"7":{"start":{"line":25,"column":55},"end":{"line":29,"column":null}},"8":{"start":{"line":31,"column":28},"end":{"line":31,"column":null}},"9":{"start":{"line":33,"column":6},"end":{"line":37,"column":null}},"10":{"start":{"line":39,"column":6},"end":{"line":39,"column":null}},"11":{"start":{"line":42,"column":50},"end":{"line":42,"column":null}},"12":{"start":{"line":43,"column":6},"end":{"line":46,"column":null}},"13":{"start":{"line":44,"column":23},"end":{"line":44,"column":null}},"14":{"start":{"line":45,"column":8},"end":{"line":45,"column":null}},"15":{"start":{"line":48,"column":27},"end":{"line":51,"column":null}},"16":{"start":{"line":48,"column":66},"end":{"line":51,"column":8}},"17":{"start":{"line":53,"column":6},"end":{"line":53,"column":null}},"18":{"start":{"line":56,"column":6},"end":{"line":56,"column":null}},"19":{"start":{"line":58,"column":6},"end":{"line":58,"column":null}},"20":{"start":{"line":63,"column":17},"end":{"line":63,"column":null}},"21":{"start":{"line":64,"column":4},"end":{"line":64,"column":null}},"22":{"start":{"line":67,"column":2},"end":{"line":69,"column":null}},"23":{"start":{"line":68,"column":4},"end":{"line":68,"column":null}},"24":{"start":{"line":71,"column":2},"end":{"line":165,"column":null}},"25":{"start":{"line":147,"column":14},"end":{"line":160,"column":null}}},"fnMap":{"0":{"name":"Dashboard","decl":{"start":{"line":13,"column":16},"end":{"line":13,"column":28}},"loc":{"start":{"line":13,"column":28},"end":{"line":167,"column":null}},"line":13},"1":{"name":"(anonymous_1)","decl":{"start":{"line":19,"column":12},"end":{"line":19,"column":18}},"loc":{"start":{"line":19,"column":18},"end":{"line":21,"column":5}},"line":19},"2":{"name":"loadDashboardData","decl":{"start":{"line":23,"column":17},"end":{"line":23,"column":37}},"loc":{"start":{"line":23,"column":37},"end":{"line":60,"column":null}},"line":23},"3":{"name":"(anonymous_3)","decl":{"start":{"line":43,"column":28},"end":{"line":43,"column":29}},"loc":{"start":{"line":43,"column":43},"end":{"line":46,"column":7}},"line":43},"4":{"name":"(anonymous_4)","decl":{"start":{"line":48,"column":56},"end":{"line":48,"column":66}},"loc":{"start":{"line":48,"column":66},"end":{"line":51,"column":8}},"line":48},"5":{"name":"formatDateTime","decl":{"start":{"line":62,"column":11},"end":{"line":62,"column":26}},"loc":{"start":{"line":62,"column":45},"end":{"line":65,"column":null}},"line":62},"6":{"name":"(anonymous_6)","decl":{"start":{"line":146,"column":33},"end":{"line":146,"column":34}},"loc":{"start":{"line":147,"column":14},"end":{"line":160,"column":null}},"line":147}},"branchMap":{"0":{"loc":{"start":{"line":44,"column":23},"end":{"line":44,"column":null}},"type":"binary-expr","locations":[{"start":{"line":44,"column":23},"end":{"line":44,"column":45}},{"start":{"line":44,"column":45},"end":{"line":44,"column":null}}],"line":44},"1":{"loc":{"start":{"line":45,"column":31},"end":{"line":45,"column":59}},"type":"binary-expr","locations":[{"start":{"line":45,"column":31},"end":{"line":45,"column":54}},{"start":{"line":45,"column":54},"end":{"line":45,"column":59}}],"line":45},"2":{"loc":{"start":{"line":67,"column":2},"end":{"line":69,"column":null}},"type":"if","locations":[{"start":{"line":67,"column":2},"end":{"line":69,"column":null}},{"start":{},"end":{}}],"line":67},"3":{"loc":{"start":{"line":117,"column":9},"end":{"line":133,"column":null}},"type":"cond-expr","locations":[{"start":{"line":118,"column":10},"end":{"line":118,"column":null}},{"start":{"line":120,"column":10},"end":{"line":133,"column":null}}],"line":117},"4":{"loc":{"start":{"line":142,"column":9},"end":{"line":162,"column":null}},"type":"cond-expr","locations":[{"start":{"line":143,"column":10},"end":{"line":143,"column":null}},{"start":{"line":145,"column":10},"end":{"line":162,"column":null}}],"line":142},"5":{"loc":{"start":{"line":150,"column":29},"end":{"line":150,"column":68}},"type":"binary-expr","locations":[{"start":{"line":150,"column":29},"end":{"line":150,"column":54}},{"start":{"line":150,"column":54},"end":{"line":150,"column":68}}],"line":150}},"s":{"0":5,"1":5,"2":5,"3":5,"4":5,"5":3,"6":3,"7":3,"8":1,"9":1,"10":1,"11":1,"12":1,"13":2,"14":2,"15":1,"16":2,"17":1,"18":1,"19":2,"20":2,"21":2,"22":5,"23":3,"24":2,"25":2},"f":{"0":5,"1":3,"2":3,"3":2,"4":2,"5":2,"6":2},"b":{"0":[2,0],"1":[2,2],"2":[3,2],"3":[1,1],"4":[1,1],"5":[2,0]},"meta":{"lastBranch":6,"lastFunction":7,"lastStatement":26,"seen":{"f:13:16:13:28":0,"s:14:24:14:Infinity":0,"s:15:44:15:Infinity":1,"s:16:32:16:Infinity":2,"s:17:28:17:Infinity":3,"s:19:2:21:Infinity":4,"f:19:12:19:18":1,"s:20:4:20:Infinity":5,"f:23:17:23:37":2,"s:24:4:59:Infinity":6,"s:25:55:29:Infinity":7,"s:31:28:31:Infinity":8,"s:33:6:37:Infinity":9,"s:39:6:39:Infinity":10,"s:42:50:42:Infinity":11,"s:43:6:46:Infinity":12,"f:43:28:43:29":3,"s:44:23:44:Infinity":13,"b:44:23:44:45:44:45:44:Infinity":0,"s:45:8:45:Infinity":14,"b:45:31:45:54:45:54:45:59":1,"s:48:27:51:Infinity":15,"f:48:56:48:66":4,"s:48:66:51:8":16,"s:53:6:53:Infinity":17,"s:56:6:56:Infinity":18,"s:58:6:58:Infinity":19,"f:62:11:62:26":5,"s:63:17:63:Infinity":20,"s:64:4:64:Infinity":21,"b:67:2:69:Infinity:undefined:undefined:undefined:undefined":2,"s:67:2:69:Infinity":22,"s:68:4:68:Infinity":23,"s:71:2:165:Infinity":24,"b:118:10:118:Infinity:120:10:133:Infinity":3,"b:143:10:143:Infinity:145:10:162:Infinity":4,"f:146:33:146:34":6,"s:147:14:160:Infinity":25,"b:150:29:150:54:150:54:150:68":5}}}
,"C:\\Users\\bi_nh\\Downloads\\LANTRO\\app-antropoindicadores-v2\\web\\src\\pages\\Dashboard\\styles.css": {"path":"C:\\Users\\bi_nh\\Downloads\\LANTRO\\app-antropoindicadores-v2\\web\\src\\pages\\Dashboard\\styles.css","statementMap":{},"fnMap":{},"branchMap":{},"s":{},"f":{},"b":{},"meta":{"lastBranch":0,"lastFunction":0,"lastStatement":0,"seen":{}}}
,"C:\\Users\\bi_nh\\Downloads\\LANTRO\\app-antropoindicadores-v2\\web\\src\\pages\\Login\\index.tsx": {"path":"C:\\Users\\bi_nh\\Downloads\\LANTRO\\app-antropoindicadores-v2\\web\\src\\pages\\Login\\index.tsx","statementMap":{"0":{"start":{"line":9,"column":34},"end":{"line":9,"column":null}},"1":{"start":{"line":10,"column":30},"end":{"line":10,"column":null}},"2":{"start":{"line":13,"column":38},"end":{"line":13,"column":null}},"3":{"start":{"line":15,"column":24},"end":{"line":15,"column":null}},"4":{"start":{"line":16,"column":28},"end":{"line":16,"column":null}},"5":{"start":{"line":17,"column":8},"end":{"line":17,"column":null}},"6":{"start":{"line":20,"column":4},"end":{"line":20,"column":null}},"7":{"start":{"line":21,"column":4},"end":{"line":21,"column":null}},"8":{"start":{"line":22,"column":4},"end":{"line":22,"column":null}},"9":{"start":{"line":24,"column":4},"end":{"line":46,"column":null}},"10":{"start":{"line":25,"column":23},"end":{"line":28,"column":null}},"11":{"start":{"line":30,"column":37},"end":{"line":30,"column":null}},"12":{"start":{"line":32,"column":6},"end":{"line":32,"column":null}},"13":{"start":{"line":33,"column":6},"end":{"line":33,"column":null}},"14":{"start":{"line":35,"column":6},"end":{"line":35,"column":null}},"15":{"start":{"line":38,"column":6},"end":{"line":38,"column":null}},"16":{"start":{"line":39,"column":6},"end":{"line":43,"column":null}},"17":{"start":{"line":40,"column":8},"end":{"line":40,"column":null}},"18":{"start":{"line":42,"column":8},"end":{"line":42,"column":null}},"19":{"start":{"line":45,"column":6},"end":{"line":45,"column":null}},"20":{"start":{"line":49,"column":2},"end":{"line":119,"column":null}},"21":{"start":{"line":70,"column":31},"end":{"line":70,"column":null}},"22":{"start":{"line":84,"column":31},"end":{"line":84,"column":null}},"23":{"start":{"line":93,"column":31},"end":{"line":93,"column":null}}},"fnMap":{"0":{"name":"Login","decl":{"start":{"line":8,"column":16},"end":{"line":8,"column":24}},"loc":{"start":{"line":8,"column":24},"end":{"line":121,"column":null}},"line":8},"1":{"name":"handleLogin","decl":{"start":{"line":19,"column":17},"end":{"line":19,"column":29}},"loc":{"start":{"line":19,"column":49},"end":{"line":47,"column":null}},"line":19},"2":{"name":"(anonymous_2)","decl":{"start":{"line":70,"column":24},"end":{"line":70,"column":25}},"loc":{"start":{"line":70,"column":31},"end":{"line":70,"column":null}},"line":70},"3":{"name":"(anonymous_3)","decl":{"start":{"line":84,"column":26},"end":{"line":84,"column":31}},"loc":{"start":{"line":84,"column":31},"end":{"line":84,"column":null}},"line":84},"4":{"name":"(anonymous_4)","decl":{"start":{"line":93,"column":25},"end":{"line":93,"column":31}},"loc":{"start":{"line":93,"column":31},"end":{"line":93,"column":null}},"line":93}},"branchMap":{"0":{"loc":{"start":{"line":39,"column":6},"end":{"line":43,"column":null}},"type":"if","locations":[{"start":{"line":39,"column":6},"end":{"line":43,"column":null}},{"start":{"line":41,"column":13},"end":{"line":43,"column":null}}],"line":39},"1":{"loc":{"start":{"line":60,"column":9},"end":{"line":60,"column":null}},"type":"binary-expr","locations":[{"start":{"line":60,"column":9},"end":{"line":60,"column":18}},{"start":{"line":60,"column":18},"end":{"line":60,"column":null}}],"line":60},"2":{"loc":{"start":{"line":80,"column":22},"end":{"line":80,"column":null}},"type":"cond-expr","locations":[{"start":{"line":80,"column":37},"end":{"line":80,"column":46}},{"start":{"line":80,"column":46},"end":{"line":80,"column":null}}],"line":80},"3":{"loc":{"start":{"line":107,"column":23},"end":{"line":107,"column":null}},"type":"cond-expr","locations":[{"start":{"line":107,"column":38},"end":{"line":107,"column":56}},{"start":{"line":107,"column":56},"end":{"line":107,"column":null}}],"line":107},"4":{"loc":{"start":{"line":109,"column":17},"end":{"line":109,"column":null}},"type":"cond-expr","locations":[{"start":{"line":109,"column":32},"end":{"line":109,"column":55}},{"start":{"line":109,"column":55},"end":{"line":109,"column":null}}],"line":109},"5":{"loc":{"start":{"line":115,"column":13},"end":{"line":115,"column":null}},"type":"cond-expr","locations":[{"start":{"line":115,"column":23},"end":{"line":115,"column":42}},{"start":{"line":115,"column":42},"end":{"line":115,"column":null}}],"line":115}},"s":{"0":13,"1":13,"2":13,"3":13,"4":13,"5":13,"6":2,"7":2,"8":2,"9":2,"10":2,"11":1,"12":1,"13":1,"14":1,"15":1,"16":1,"17":1,"18":0,"19":2,"20":13,"21":3,"22":3,"23":0},"f":{"0":13,"1":2,"2":3,"3":3,"4":0},"b":{"0":[1,0],"1":[13,1],"2":[0,13],"3":[0,13],"4":[0,13],"5":[2,11]},"meta":{"lastBranch":6,"lastFunction":5,"lastStatement":24,"seen":{"f:8:16:8:24":0,"s:9:34:9:Infinity":0,"s:10:30:10:Infinity":1,"s:13:38:13:Infinity":2,"s:15:24:15:Infinity":3,"s:16:28:16:Infinity":4,"s:17:8:17:Infinity":5,"f:19:17:19:29":1,"s:20:4:20:Infinity":6,"s:21:4:21:Infinity":7,"s:22:4:22:Infinity":8,"s:24:4:46:Infinity":9,"s:25:23:28:Infinity":10,"s:30:37:30:Infinity":11,"s:32:6:32:Infinity":12,"s:33:6:33:Infinity":13,"s:35:6:35:Infinity":14,"s:38:6:38:Infinity":15,"b:39:6:43:Infinity:41:13:43:Infinity":0,"s:39:6:43:Infinity":16,"s:40:8:40:Infinity":17,"s:42:8:42:Infinity":18,"s:45:6:45:Infinity":19,"s:49:2:119:Infinity":20,"b:60:9:60:18:60:18:60:Infinity":1,"f:70:24:70:25":2,"s:70:31:70:Infinity":21,"b:80:37:80:46:80:46:80:Infinity":2,"f:84:26:84:31":3,"s:84:31:84:Infinity":22,"f:93:25:93:31":4,"s:93:31:93:Infinity":23,"b:107:38:107:56:107:56:107:Infinity":3,"b:109:32:109:55:109:55:109:Infinity":4,"b:115:23:115:42:115:42:115:Infinity":5}}}
,"C:\\Users\\bi_nh\\Downloads\\LANTRO\\app-antropoindicadores-v2\\web\\src\\pages\\Login\\styles.css": {"path":"C:\\Users\\bi_nh\\Downloads\\LANTRO\\app-antropoindicadores-v2\\web\\src\\pages\\Login\\styles.css","statementMap":{},"fnMap":{},"branchMap":{},"s":{},"f":{},"b":{},"meta":{"lastBranch":0,"lastFunction":0,"lastStatement":0,"seen":{}}}
,"C:\\Users\\bi_nh\\Downloads\\LANTRO\\app-antropoindicadores-v2\\web\\src\\pages\\Surveys\\SurveyBuilder.tsx": {"path":"C:\\Users\\bi_nh\\Downloads\\LANTRO\\app-antropoindicadores-v2\\web\\src\\pages\\Surveys\\SurveyBuilder.tsx","statementMap":{"0":{"start":{"line":25,"column":24},"end":{"line":25,"column":null}},"1":{"start":{"line":26,"column":36},"end":{"line":26,"column":null}},"2":{"start":{"line":27,"column":32},"end":{"line":29,"column":null}},"3":{"start":{"line":32,"column":32},"end":{"line":32,"column":null}},"4":{"start":{"line":35,"column":38},"end":{"line":35,"column":null}},"5":{"start":{"line":36,"column":28},"end":{"line":36,"column":null}},"6":{"start":{"line":39,"column":2},"end":{"line":41,"column":null}},"7":{"start":{"line":40,"column":4},"end":{"line":40,"column":null}},"8":{"start":{"line":44,"column":4},"end":{"line":49,"column":null}},"9":{"start":{"line":45,"column":23},"end":{"line":45,"column":null}},"10":{"start":{"line":46,"column":6},"end":{"line":46,"column":null}},"11":{"start":{"line":48,"column":6},"end":{"line":48,"column":null}},"12":{"start":{"line":53,"column":18},"end":{"line":53,"column":null}},"13":{"start":{"line":54,"column":4},"end":{"line":54,"column":null}},"14":{"start":{"line":58,"column":4},"end":{"line":58,"column":null}},"15":{"start":{"line":58,"column":39},"end":{"line":58,"column":50}},"16":{"start":{"line":62,"column":4},"end":{"line":64,"column":null}},"17":{"start":{"line":63,"column":6},"end":{"line":63,"column":null}},"18":{"start":{"line":69,"column":4},"end":{"line":69,"column":null}},"19":{"start":{"line":70,"column":4},"end":{"line":70,"column":null}},"20":{"start":{"line":71,"column":4},"end":{"line":71,"column":null}},"21":{"start":{"line":72,"column":4},"end":{"line":72,"column":null}},"22":{"start":{"line":73,"column":4},"end":{"line":73,"column":null}},"23":{"start":{"line":78,"column":4},"end":{"line":78,"column":null}},"24":{"start":{"line":79,"column":4},"end":{"line":79,"column":null}},"25":{"start":{"line":80,"column":4},"end":{"line":80,"column":null}},"26":{"start":{"line":81,"column":4},"end":{"line":81,"column":null}},"27":{"start":{"line":86,"column":4},"end":{"line":86,"column":null}},"28":{"start":{"line":86,"column":16},"end":{"line":86,"column":null}},"29":{"start":{"line":88,"column":4},"end":{"line":88,"column":null}},"30":{"start":{"line":89,"column":4},"end":{"line":114,"column":null}},"31":{"start":{"line":90,"column":22},"end":{"line":95,"column":null}},"32":{"start":{"line":97,"column":6},"end":{"line":105,"column":null}},"33":{"start":{"line":99,"column":8},"end":{"line":99,"column":null}},"34":{"start":{"line":100,"column":8},"end":{"line":100,"column":null}},"35":{"start":{"line":103,"column":8},"end":{"line":103,"column":null}},"36":{"start":{"line":104,"column":8},"end":{"line":104,"column":null}},"37":{"start":{"line":107,"column":6},"end":{"line":107,"column":null}},"38":{"start":{"line":108,"column":6},"end":{"line":108,"column":null}},"39":{"start":{"line":110,"column":6},"end":{"line":110,"column":null}},"40":{"start":{"line":111,"column":6},"end":{"line":111,"column":null}},"41":{"start":{"line":113,"column":6},"end":{"line":113,"column":null}},"42":{"start":{"line":120,"column":4},"end":{"line":120,"column":null}},"43":{"start":{"line":122,"column":17},"end":{"line":122,"column":null}},"44":{"start":{"line":123,"column":20},"end":{"line":123,"column":null}},"45":{"start":{"line":125,"column":4},"end":{"line":133,"column":null}},"46":{"start":{"line":126,"column":6},"end":{"line":132,"column":null}},"47":{"start":{"line":127,"column":8},"end":{"line":127,"column":null}},"48":{"start":{"line":128,"column":8},"end":{"line":128,"column":null}},"49":{"start":{"line":130,"column":8},"end":{"line":130,"column":null}},"50":{"start":{"line":131,"column":8},"end":{"line":131,"column":null}},"51":{"start":{"line":136,"column":2},"end":{"line":278,"column":null}},"52":{"start":{"line":157,"column":25},"end":{"line":157,"column":null}},"53":{"start":{"line":165,"column":25},"end":{"line":165,"column":null}},"54":{"start":{"line":174,"column":8},"end":{"line":220,"column":null}},"55":{"start":{"line":177,"column":35},"end":{"line":177,"column":57}},"56":{"start":{"line":188,"column":31},"end":{"line":188,"column":null}},"57":{"start":{"line":198,"column":31},"end":{"line":198,"column":null}},"58":{"start":{"line":215,"column":31},"end":{"line":215,"column":null}},"59":{"start":{"line":236,"column":12},"end":{"line":275,"column":null}},"60":{"start":{"line":239,"column":29},"end":{"line":239,"column":null}},"61":{"start":{"line":262,"column":38},"end":{"line":262,"column":null}}},"fnMap":{"0":{"name":"SurveyBuilder","decl":{"start":{"line":23,"column":16},"end":{"line":23,"column":32}},"loc":{"start":{"line":23,"column":32},"end":{"line":280,"column":null}},"line":23},"1":{"name":"(anonymous_1)","decl":{"start":{"line":39,"column":12},"end":{"line":39,"column":18}},"loc":{"start":{"line":39,"column":18},"end":{"line":41,"column":5}},"line":39},"2":{"name":"fetchSurveys","decl":{"start":{"line":43,"column":17},"end":{"line":43,"column":32}},"loc":{"start":{"line":43,"column":32},"end":{"line":50,"column":null}},"line":43},"3":{"name":"addQuestion","decl":{"start":{"line":52,"column":11},"end":{"line":52,"column":25}},"loc":{"start":{"line":52,"column":25},"end":{"line":55,"column":null}},"line":52},"4":{"name":"removeQuestion","decl":{"start":{"line":57,"column":11},"end":{"line":57,"column":26}},"loc":{"start":{"line":57,"column":38},"end":{"line":59,"column":null}},"line":57},"5":{"name":"(anonymous_5)","decl":{"start":{"line":58,"column":34},"end":{"line":58,"column":39}},"loc":{"start":{"line":58,"column":39},"end":{"line":58,"column":50}},"line":58},"6":{"name":"updateQuestion","decl":{"start":{"line":61,"column":11},"end":{"line":61,"column":26}},"loc":{"start":{"line":61,"column":76},"end":{"line":65,"column":null}},"line":61},"7":{"name":"(anonymous_7)","decl":{"start":{"line":62,"column":31},"end":{"line":62,"column":null}},"loc":{"start":{"line":63,"column":6},"end":{"line":63,"column":null}},"line":63},"8":{"name":"handleEdit","decl":{"start":{"line":68,"column":11},"end":{"line":68,"column":22}},"loc":{"start":{"line":68,"column":38},"end":{"line":74,"column":null}},"line":68},"9":{"name":"handleClear","decl":{"start":{"line":77,"column":11},"end":{"line":77,"column":25}},"loc":{"start":{"line":77,"column":25},"end":{"line":82,"column":null}},"line":77},"10":{"name":"handleSave","decl":{"start":{"line":85,"column":17},"end":{"line":85,"column":30}},"loc":{"start":{"line":85,"column":30},"end":{"line":115,"column":null}},"line":85},"11":{"name":"handleToggleStatus","decl":{"start":{"line":119,"column":17},"end":{"line":119,"column":36}},"loc":{"start":{"line":119,"column":73},"end":{"line":134,"column":null}},"line":119},"12":{"name":"(anonymous_12)","decl":{"start":{"line":157,"column":20},"end":{"line":157,"column":25}},"loc":{"start":{"line":157,"column":25},"end":{"line":157,"column":null}},"line":157},"13":{"name":"(anonymous_13)","decl":{"start":{"line":165,"column":20},"end":{"line":165,"column":25}},"loc":{"start":{"line":165,"column":25},"end":{"line":165,"column":null}},"line":165},"14":{"name":"(anonymous_14)","decl":{"start":{"line":173,"column":21},"end":{"line":173,"column":22}},"loc":{"start":{"line":174,"column":8},"end":{"line":220,"column":null}},"line":174},"15":{"name":"(anonymous_15)","decl":{"start":{"line":177,"column":29},"end":{"line":177,"column":35}},"loc":{"start":{"line":177,"column":35},"end":{"line":177,"column":57}},"line":177},"16":{"name":"(anonymous_16)","decl":{"start":{"line":188,"column":26},"end":{"line":188,"column":31}},"loc":{"start":{"line":188,"column":31},"end":{"line":188,"column":null}},"line":188},"17":{"name":"(anonymous_17)","decl":{"start":{"line":198,"column":26},"end":{"line":198,"column":31}},"loc":{"start":{"line":198,"column":31},"end":{"line":198,"column":null}},"line":198},"18":{"name":"(anonymous_18)","decl":{"start":{"line":215,"column":26},"end":{"line":215,"column":31}},"loc":{"start":{"line":215,"column":31},"end":{"line":215,"column":null}},"line":215},"19":{"name":"(anonymous_19)","decl":{"start":{"line":235,"column":26},"end":{"line":235,"column":null}},"loc":{"start":{"line":236,"column":12},"end":{"line":275,"column":null}},"line":236},"20":{"name":"(anonymous_20)","decl":{"start":{"line":239,"column":23},"end":{"line":239,"column":29}},"loc":{"start":{"line":239,"column":29},"end":{"line":239,"column":null}},"line":239},"21":{"name":"(anonymous_21)","decl":{"start":{"line":262,"column":31},"end":{"line":262,"column":32}},"loc":{"start":{"line":262,"column":38},"end":{"line":262,"column":null}},"line":262}},"branchMap":{"0":{"loc":{"start":{"line":63,"column":6},"end":{"line":63,"column":null}},"type":"cond-expr","locations":[{"start":{"line":63,"column":20},"end":{"line":63,"column":47}},{"start":{"line":63,"column":47},"end":{"line":63,"column":null}}],"line":63},"1":{"loc":{"start":{"line":72,"column":17},"end":{"line":72,"column":100}},"type":"binary-expr","locations":[{"start":{"line":72,"column":17},"end":{"line":72,"column":44}},{"start":{"line":72,"column":44},"end":{"line":72,"column":100}}],"line":72},"2":{"loc":{"start":{"line":86,"column":4},"end":{"line":86,"column":null}},"type":"if","locations":[{"start":{"line":86,"column":4},"end":{"line":86,"column":null}},{"start":{},"end":{}}],"line":86},"3":{"loc":{"start":{"line":97,"column":6},"end":{"line":105,"column":null}},"type":"if","locations":[{"start":{"line":97,"column":6},"end":{"line":105,"column":null}},{"start":{"line":101,"column":13},"end":{"line":105,"column":null}}],"line":97},"4":{"loc":{"start":{"line":122,"column":17},"end":{"line":122,"column":null}},"type":"cond-expr","locations":[{"start":{"line":122,"column":36},"end":{"line":122,"column":50}},{"start":{"line":122,"column":50},"end":{"line":122,"column":null}}],"line":122},"5":{"loc":{"start":{"line":125,"column":4},"end":{"line":133,"column":null}},"type":"if","locations":[{"start":{"line":125,"column":4},"end":{"line":133,"column":null}},{"start":{},"end":{}}],"line":125},"6":{"loc":{"start":{"line":140,"column":13},"end":{"line":140,"column":71}},"type":"cond-expr","locations":[{"start":{"line":140,"column":25},"end":{"line":140,"column":51}},{"start":{"line":140,"column":51},"end":{"line":140,"column":71}}],"line":140},"7":{"loc":{"start":{"line":146,"column":17},"end":{"line":146,"column":null}},"type":"cond-expr","locations":[{"start":{"line":146,"column":29},"end":{"line":146,"column":51}},{"start":{"line":146,"column":51},"end":{"line":146,"column":null}}],"line":146},"8":{"loc":{"start":{"line":147,"column":17},"end":{"line":147,"column":null}},"type":"cond-expr","locations":[{"start":{"line":147,"column":27},"end":{"line":147,"column":44}},{"start":{"line":147,"column":44},"end":{"line":147,"column":null}}],"line":147},"9":{"loc":{"start":{"line":147,"column":44},"end":{"line":147,"column":null}},"type":"cond-expr","locations":[{"start":{"line":147,"column":56},"end":{"line":147,"column":83}},{"start":{"line":147,"column":83},"end":{"line":147,"column":null}}],"line":147},"10":{"loc":{"start":{"line":209,"column":11},"end":{"line":218,"column":null}},"type":"binary-expr","locations":[{"start":{"line":209,"column":11},"end":{"line":209,"column":null}},{"start":{"line":210,"column":12},"end":{"line":218,"column":null}}],"line":209},"11":{"loc":{"start":{"line":214,"column":23},"end":{"line":214,"column":null}},"type":"binary-expr","locations":[{"start":{"line":214,"column":23},"end":{"line":214,"column":36}},{"start":{"line":214,"column":36},"end":{"line":214,"column":null}}],"line":214},"12":{"loc":{"start":{"line":233,"column":9},"end":{"line":233,"column":null}},"type":"binary-expr","locations":[{"start":{"line":233,"column":9},"end":{"line":233,"column":38}},{"start":{"line":233,"column":38},"end":{"line":233,"column":null}}],"line":233},"13":{"loc":{"start":{"line":248,"column":97},"end":{"line":248,"column":145}},"type":"binary-expr","locations":[{"start":{"line":248,"column":97},"end":{"line":248,"column":119}},{"start":{"line":248,"column":119},"end":{"line":248,"column":145}}],"line":248},"14":{"loc":{"start":{"line":250,"column":26},"end":{"line":250,"column":57}},"type":"binary-expr","locations":[{"start":{"line":250,"column":26},"end":{"line":250,"column":53}},{"start":{"line":250,"column":53},"end":{"line":250,"column":57}}],"line":250},"15":{"loc":{"start":{"line":255,"column":21},"end":{"line":257,"column":null}},"type":"cond-expr","locations":[{"start":{"line":256,"column":24},"end":{"line":256,"column":null}},{"start":{"line":257,"column":24},"end":{"line":257,"column":null}}],"line":255},"16":{"loc":{"start":{"line":266,"column":31},"end":{"line":266,"column":null}},"type":"cond-expr","locations":[{"start":{"line":266,"column":50},"end":{"line":266,"column":62}},{"start":{"line":266,"column":62},"end":{"line":266,"column":null}}],"line":266},"17":{"loc":{"start":{"line":270,"column":29},"end":{"line":270,"column":null}},"type":"cond-expr","locations":[{"start":{"line":270,"column":48},"end":{"line":270,"column":75}},{"start":{"line":270,"column":75},"end":{"line":270,"column":null}}],"line":270}},"s":{"0":20,"1":20,"2":20,"3":20,"4":20,"5":20,"6":20,"7":5,"8":8,"9":8,"10":8,"11":0,"12":1,"13":1,"14":1,"15":2,"16":1,"17":1,"18":1,"19":1,"20":1,"21":1,"22":1,"23":2,"24":2,"25":2,"26":2,"27":2,"28":0,"29":2,"30":2,"31":2,"32":2,"33":1,"34":1,"35":1,"36":1,"37":2,"38":2,"39":0,"40":0,"41":2,"42":1,"43":1,"44":1,"45":1,"46":1,"47":1,"48":1,"49":0,"50":0,"51":20,"52":2,"53":1,"54":21,"55":1,"56":1,"57":0,"58":0,"59":16,"60":1,"61":1},"f":{"0":20,"1":5,"2":8,"3":1,"4":1,"5":2,"6":1,"7":1,"8":1,"9":2,"10":2,"11":1,"12":2,"13":1,"14":21,"15":1,"16":1,"17":0,"18":0,"19":16,"20":1,"21":1},"b":{"0":[1,0],"1":[1,0],"2":[0,2],"3":[1,1],"4":[1,0],"5":[1,0],"6":[3,17],"7":[3,17],"8":[2,18],"9":[2,16],"10":[21,0],"11":[0,0],"12":[20,12],"13":[16,0],"14":[16,0],"15":[8,8],"16":[8,8],"17":[8,8]},"meta":{"lastBranch":18,"lastFunction":22,"lastStatement":62,"seen":{"f:23:16:23:32":0,"s:25:24:25:Infinity":0,"s:26:36:26:Infinity":1,"s:27:32:29:Infinity":2,"s:32:32:32:Infinity":3,"s:35:38:35:Infinity":4,"s:36:28:36:Infinity":5,"s:39:2:41:Infinity":6,"f:39:12:39:18":1,"s:40:4:40:Infinity":7,"f:43:17:43:32":2,"s:44:4:49:Infinity":8,"s:45:23:45:Infinity":9,"s:46:6:46:Infinity":10,"s:48:6:48:Infinity":11,"f:52:11:52:25":3,"s:53:18:53:Infinity":12,"s:54:4:54:Infinity":13,"f:57:11:57:26":4,"s:58:4:58:Infinity":14,"f:58:34:58:39":5,"s:58:39:58:50":15,"f:61:11:61:26":6,"s:62:4:64:Infinity":16,"f:62:31:62:Infinity":7,"s:63:6:63:Infinity":17,"b:63:20:63:47:63:47:63:Infinity":0,"f:68:11:68:22":8,"s:69:4:69:Infinity":18,"s:70:4:70:Infinity":19,"s:71:4:71:Infinity":20,"s:72:4:72:Infinity":21,"b:72:17:72:44:72:44:72:100":1,"s:73:4:73:Infinity":22,"f:77:11:77:25":9,"s:78:4:78:Infinity":23,"s:79:4:79:Infinity":24,"s:80:4:80:Infinity":25,"s:81:4:81:Infinity":26,"f:85:17:85:30":10,"b:86:4:86:Infinity:undefined:undefined:undefined:undefined":2,"s:86:4:86:Infinity":27,"s:86:16:86:Infinity":28,"s:88:4:88:Infinity":29,"s:89:4:114:Infinity":30,"s:90:22:95:Infinity":31,"b:97:6:105:Infinity:101:13:105:Infinity":3,"s:97:6:105:Infinity":32,"s:99:8:99:Infinity":33,"s:100:8:100:Infinity":34,"s:103:8:103:Infinity":35,"s:104:8:104:Infinity":36,"s:107:6:107:Infinity":37,"s:108:6:108:Infinity":38,"s:110:6:110:Infinity":39,"s:111:6:111:Infinity":40,"s:113:6:113:Infinity":41,"f:119:17:119:36":11,"s:120:4:120:Infinity":42,"s:122:17:122:Infinity":43,"b:122:36:122:50:122:50:122:Infinity":4,"s:123:20:123:Infinity":44,"b:125:4:133:Infinity:undefined:undefined:undefined:undefined":5,"s:125:4:133:Infinity":45,"s:126:6:132:Infinity":46,"s:127:8:127:Infinity":47,"s:128:8:128:Infinity":48,"s:130:8:130:Infinity":49,"s:131:8:131:Infinity":50,"s:136:2:278:Infinity":51,"b:140:25:140:51:140:51:140:71":6,"b:146:29:146:51:146:51:146:Infinity":7,"b:147:27:147:44:147:44:147:Infinity":8,"b:147:56:147:83:147:83:147:Infinity":9,"f:157:20:157:25":12,"s:157:25:157:Infinity":52,"f:165:20:165:25":13,"s:165:25:165:Infinity":53,"f:173:21:173:22":14,"s:174:8:220:Infinity":54,"f:177:29:177:35":15,"s:177:35:177:57":55,"f:188:26:188:31":16,"s:188:31:188:Infinity":56,"f:198:26:198:31":17,"s:198:31:198:Infinity":57,"b:209:11:209:Infinity:210:12:218:Infinity":10,"b:214:23:214:36:214:36:214:Infinity":11,"f:215:26:215:31":18,"s:215:31:215:Infinity":58,"b:233:9:233:38:233:38:233:Infinity":12,"f:235:26:235:Infinity":19,"s:236:12:275:Infinity":59,"f:239:23:239:29":20,"s:239:29:239:Infinity":60,"b:248:97:248:119:248:119:248:145":13,"b:250:26:250:53:250:53:250:57":14,"b:256:24:256:Infinity:257:24:257:Infinity":15,"f:262:31:262:32":21,"s:262:38:262:Infinity":61,"b:266:50:266:62:266:62:266:Infinity":16,"b:270:48:270:75:270:75:270:Infinity":17}}}
,"C:\\Users\\bi_nh\\Downloads\\LANTRO\\app-antropoindicadores-v2\\web\\src\\pages\\Surveys\\styles.css": {"path":"C:\\Users\\bi_nh\\Downloads\\LANTRO\\app-antropoindicadores-v2\\web\\src\\pages\\Surveys\\styles.css","statementMap":{},"fnMap":{},"branchMap":{},"s":{},"f":{},"b":{},"meta":{"lastBranch":0,"lastFunction":0,"lastStatement":0,"seen":{}}}
,"C:\\Users\\bi_nh\\Downloads\\LANTRO\\app-antropoindicadores-v2\\web\\src\\services\\api.ts": {"path":"C:\\Users\\bi_nh\\Downloads\\LANTRO\\app-antropoindicadores-v2\\web\\src\\services\\api.ts","statementMap":{"0":{"start":{"line":3,"column":19},"end":{"line":5,"column":null}},"1":{"start":{"line":8,"column":0},"end":{"line":14,"column":null}},"2":{"start":{"line":9,"column":16},"end":{"line":9,"column":null}},"3":{"start":{"line":10,"column":2},"end":{"line":12,"column":null}},"4":{"start":{"line":11,"column":4},"end":{"line":11,"column":null}},"5":{"start":{"line":13,"column":2},"end":{"line":13,"column":null}}},"fnMap":{"0":{"name":"(anonymous_0)","decl":{"start":{"line":8,"column":29},"end":{"line":8,"column":30}},"loc":{"start":{"line":8,"column":41},"end":{"line":14,"column":1}},"line":8}},"branchMap":{"0":{"loc":{"start":{"line":10,"column":2},"end":{"line":12,"column":null}},"type":"if","locations":[{"start":{"line":10,"column":2},"end":{"line":12,"column":null}},{"start":{},"end":{}}],"line":10}},"s":{"0":3,"1":3,"2":0,"3":0,"4":0,"5":0},"f":{"0":0},"b":{"0":[0,0]},"meta":{"lastBranch":1,"lastFunction":1,"lastStatement":6,"seen":{"s:3:19:5:Infinity":0,"s:8:0:14:Infinity":1,"f:8:29:8:30":0,"s:9:16:9:Infinity":2,"b:10:2:12:Infinity:undefined:undefined:undefined:undefined":0,"s:10:2:12:Infinity":3,"s:11:4:11:Infinity":4,"s:13:2:13:Infinity":5}}}
}
